#
# There is insufficient memory for the Java Runtime Environment to continue.
# Native memory allocation (malloc) failed to allocate 1208176 bytes for Chunk::new
# Possible reasons:
#   The system is out of physical RAM or swap space
#   The process is running with CompressedOops enabled, and the Java Heap may be blocking the growth of the native heap
# Possible solutions:
#   Reduce memory load on the system
#   Increase physical memory or swap space
#   Check if swap backing store is full
#   Decrease Java heap size (-Xmx/-Xms)
#   Decrease number of Java threads
#   Decrease Java thread stack sizes (-Xss)
#   Set larger code cache with -XX:ReservedCodeCacheSize=
#   JVM is running with Unscaled Compressed Oops mode in which the Java heap is
#     placed in the first 4GB address space. The Java Heap base address is the
#     maximum limit for the native heap growth. Please use -XX:HeapBaseMinAddress
#     to set the Java Heap base and to place the Java Heap above 4GB virtual address.
# This output file may be truncated or incomplete.
#
#  Out of Memory Error (./src/hotspot/share/memory/arena.cpp:197), pid=8168, tid=6452
#
# JRE version: OpenJDK Runtime Environment (11.0.13) (build 11.0.13+0-b1751.21-8125866)
# Java VM: OpenJDK 64-Bit Server VM (11.0.13+0-b1751.21-8125866, mixed mode, tiered, compressed oops, g1 gc, windows-amd64)
# No core dump will be written. Minidumps are not enabled by default on client versions of Windows
#

---------------  S U M M A R Y ------------

Command Line: --add-opens=java.base/java.util=ALL-UNNAMED --add-opens=java.base/java.lang=ALL-UNNAMED --add-opens=java.base/java.lang.invoke=ALL-UNNAMED --add-opens=java.base/java.util=ALL-UNNAMED --add-opens=java.prefs/java.util.prefs=ALL-UNNAMED --add-opens=java.prefs/java.util.prefs=ALL-UNNAMED --add-opens=java.base/java.nio.charset=ALL-UNNAMED --add-opens=java.base/java.net=ALL-UNNAMED --add-opens=java.base/java.util.concurrent.atomic=ALL-UNNAMED -Xmx2048m -Dfile.encoding=UTF-8 -Duser.country=US -Duser.language=en -Duser.variant org.gradle.launcher.daemon.bootstrap.GradleDaemon 7.4

Host: Intel(R) Core(TM) i5-10500H CPU @ 2.50GHz, 12 cores, 7G,  Windows 11 , 64 bit Build 22621 (10.0.22621.2070)
Time: Sat Aug 19 19:14:59 2023 Egypt Daylight Time elapsed time: 11.699110 seconds (0d 0h 0m 11s)

---------------  T H R E A D  ---------------

Current thread (0x000001d48684a000):  JavaThread "C2 CompilerThread0" daemon [_thread_in_native, id=6452, stack(0x0000008c2c900000,0x0000008c2ca00000)]


Current CompileTask:
C2:  11699 6517       4       org.objectweb.asm.MethodWriter::computeAllFrames (510 bytes)

Stack: [0x0000008c2c900000,0x0000008c2ca00000]
Native frames: (J=compiled Java code, j=interpreted, Vv=VM code, C=native code)
V  [jvm.dll+0x6100fa]
V  [jvm.dll+0x747090]
V  [jvm.dll+0x7486ad]
V  [jvm.dll+0x748d83]
V  [jvm.dll+0x24ab48]
V  [jvm.dll+0xc04dc]
V  [jvm.dll+0xc0a0c]
V  [jvm.dll+0x35eb9d]
V  [jvm.dll+0x32b833]
V  [jvm.dll+0x32ad2a]
V  [jvm.dll+0x2032b2]
V  [jvm.dll+0x202437]
V  [jvm.dll+0x188e01]
V  [jvm.dll+0x21106b]
V  [jvm.dll+0x20f8c1]
V  [jvm.dll+0x70de0f]
V  [jvm.dll+0x706a75]
V  [jvm.dll+0x60ed66]
C  [ucrtbase.dll+0x29363]
C  [KERNEL32.DLL+0x126ad]
C  [ntdll.dll+0x5aa68]


---------------  P R O C E S S  ---------------

Threads class SMR info:
_java_thread_list=0x000001d48d35b390, length=166, elements={
0x000001d4eb3fe800, 0x000001d4ffcf9800, 0x000001d4ffcfc000, 0x000001d4ffd04000,
0x000001d4ffd05000, 0x000001d486849000, 0x000001d48684a000, 0x000001d48684b800,
0x000001d48684f800, 0x000001d4869ad000, 0x000001d487a31000, 0x000001d487766800,
0x000001d4887c6000, 0x000001d487b74800, 0x000001d488681000, 0x000001d488681800,
0x000001d488820000, 0x000001d487d49800, 0x000001d487d4a800, 0x000001d4888e2000,
0x000001d4888de000, 0x000001d4888e1000, 0x000001d4888df000, 0x000001d4888dc800,
0x000001d4888df800, 0x000001d4888e3000, 0x000001d4888dd000, 0x000001d4888e0800,
0x000001d48aade000, 0x000001d48aad8000, 0x000001d48aad9800, 0x000001d48aadb800,
0x000001d48aada800, 0x000001d48aad9000, 0x000001d48aae1000, 0x000001d48aae2000,
0x000001d48aadf800, 0x000001d48aae0000, 0x000001d48aadc000, 0x000001d48aae2800,
0x000001d48aadd000, 0x000001d48aae6000, 0x000001d48aae3800, 0x000001d48aae7000,
0x000001d48aae5000, 0x000001d48aae4800, 0x000001d48a4d7800, 0x000001d48a4da000,
0x000001d48a4d8000, 0x000001d48a4d6800, 0x000001d48a4d9000, 0x000001d48a4da800,
0x000001d48a4d5000, 0x000001d48a4db800, 0x000001d48a4d6000, 0x000001d48a4dd000,
0x000001d48a4dc800, 0x000001d48a4df800, 0x000001d48a4e0800, 0x000001d48a4e3800,
0x000001d48a4e1000, 0x000001d48a4df000, 0x000001d48a4e2000, 0x000001d48a4e3000,
0x000001d48a4de000, 0x000001d48a302800, 0x000001d48a300000, 0x000001d48a303800,
0x000001d48a302000, 0x000001d48a306000, 0x000001d48a301000, 0x000001d48a309000,
0x000001d48a304800, 0x000001d48a307800, 0x000001d48a308800, 0x000001d48a30a000,
0x000001d48a30b000, 0x000001d48a305000, 0x000001d48a30b800, 0x000001d48a30c800,
0x000001d48a306800, 0x000001d48a30d800, 0x000001d48a30e000, 0x000001d48a30f000,
0x000001d48ca2f800, 0x000001d48ca2d000, 0x000001d48ca30000, 0x000001d48ca31000,
0x000001d48ca33800, 0x000001d48ca2d800, 0x000001d48ca31800, 0x000001d48ca32800,
0x000001d48ca2e800, 0x000001d48ca36800, 0x000001d48ca39000, 0x000001d48ca37800,
0x000001d48ca3a000, 0x000001d48ca38800, 0x000001d48ca34000, 0x000001d48ca3a800,
0x000001d48ca35000, 0x000001d48ca36000, 0x000001d48ca3b800, 0x000001d48b21c000,
0x000001d48b216000, 0x000001d48b219800, 0x000001d48b218800, 0x000001d48b21a000,
0x000001d48b21b000, 0x000001d48b21c800, 0x000001d48b217000, 0x000001d48b21d800,
0x000001d48b217800, 0x000001d48b224000, 0x000001d48b21f000, 0x000001d48b21e000,
0x000001d48b224800, 0x000001d48b220000, 0x000001d48b220800, 0x000001d48b222800,
0x000001d48b221800, 0x000001d48b223000, 0x000001d48ae7e000, 0x000001d48ae7f800,
0x000001d48ae81800, 0x000001d48ae7f000, 0x000001d48ae80800, 0x000001d48ae82000,
0x000001d48ae83000, 0x000001d48ae7d800, 0x000001d48ae86800, 0x000001d48ae84800,
0x000001d48ae85800, 0x000001d48ae87000, 0x000001d48ae88000, 0x000001d48ae88800,
0x000001d48ae89800, 0x000001d48ae84000, 0x000001d48ae8c000, 0x000001d48ae8a800,
0x000001d48ae8b000, 0x000001d48c8f6800, 0x000001d48c8fb800, 0x000001d48c8f7800,
0x000001d48c8f6000, 0x000001d48c8fe000, 0x000001d48c8fc800, 0x000001d48c8fd000,
0x000001d48c8f8800, 0x000001d48c8ff000, 0x000001d48c8f9000, 0x000001d48c8ff800,
0x000001d48c8fa000, 0x000001d48c900800, 0x000001d48c8fa800, 0x000001d48c903000,
0x000001d48c904800, 0x000001d48c901800, 0x000001d48c902000, 0x000001d48c903800,
0x000001d48c8d6000, 0x000001d48c8d0800, 0x000001d48c8d1000, 0x000001d48c8d2800,
0x000001d48c8d7000, 0x000001d48c8d5000
}

Java Threads: ( => current thread )
  0x000001d4eb3fe800 JavaThread "main" [_thread_blocked, id=7144, stack(0x0000008c2bd00000,0x0000008c2be00000)]
  0x000001d4ffcf9800 JavaThread "Reference Handler" daemon [_thread_blocked, id=8448, stack(0x0000008c2c400000,0x0000008c2c500000)]
  0x000001d4ffcfc000 JavaThread "Finalizer" daemon [_thread_blocked, id=7484, stack(0x0000008c2c500000,0x0000008c2c600000)]
  0x000001d4ffd04000 JavaThread "Signal Dispatcher" daemon [_thread_blocked, id=21192, stack(0x0000008c2c600000,0x0000008c2c700000)]
  0x000001d4ffd05000 JavaThread "Attach Listener" daemon [_thread_blocked, id=11084, stack(0x0000008c2c700000,0x0000008c2c800000)]
  0x000001d486849000 JavaThread "Service Thread" daemon [_thread_blocked, id=8128, stack(0x0000008c2c800000,0x0000008c2c900000)]
=>0x000001d48684a000 JavaThread "C2 CompilerThread0" daemon [_thread_in_native, id=6452, stack(0x0000008c2c900000,0x0000008c2ca00000)]
  0x000001d48684b800 JavaThread "C1 CompilerThread0" daemon [_thread_blocked, id=5548, stack(0x0000008c2ca00000,0x0000008c2cb00000)]
  0x000001d48684f800 JavaThread "Sweeper thread" daemon [_thread_blocked, id=15964, stack(0x0000008c2cb00000,0x0000008c2cc00000)]
  0x000001d4869ad000 JavaThread "Common-Cleaner" daemon [_thread_blocked, id=4184, stack(0x0000008c2cc00000,0x0000008c2cd00000)]
  0x000001d487a31000 JavaThread "Daemon health stats" [_thread_blocked, id=9204, stack(0x0000008c2d000000,0x0000008c2d100000)]
  0x000001d487766800 JavaThread "Incoming local TCP Connector on port 53347" [_thread_in_native, id=6260, stack(0x0000008c2d100000,0x0000008c2d200000)]
  0x000001d4887c6000 JavaThread "Daemon periodic checks" [_thread_blocked, id=18056, stack(0x0000008c2d200000,0x0000008c2d300000)]
  0x000001d487b74800 JavaThread "Daemon" [_thread_blocked, id=13348, stack(0x0000008c2d300000,0x0000008c2d400000)]
  0x000001d488681000 JavaThread "Handler for socket connection from /127.0.0.1:53347 to /127.0.0.1:53348" [_thread_in_native, id=19092, stack(0x0000008c2d400000,0x0000008c2d500000)]
  0x000001d488681800 JavaThread "Cancel handler" [_thread_blocked, id=5344, stack(0x0000008c2d500000,0x0000008c2d600000)]
  0x000001d488820000 JavaThread "Daemon worker" [_thread_in_vm, id=9368, stack(0x0000008c2d600000,0x0000008c2d700000)]
  0x000001d487d49800 JavaThread "Asynchronous log dispatcher for DefaultDaemonConnection: socket connection from /127.0.0.1:53347 to /127.0.0.1:53348" [_thread_blocked, id=12428, stack(0x0000008c2d700000,0x0000008c2d800000)]
  0x000001d487d4a800 JavaThread "Stdin handler" [_thread_blocked, id=20080, stack(0x0000008c2d800000,0x0000008c2d900000)]
  0x000001d4888e2000 JavaThread "Daemon client event forwarder" [_thread_blocked, id=20368, stack(0x0000008c2d900000,0x0000008c2da00000)]
  0x000001d4888de000 JavaThread "Cache worker for journal cache (C:\Users\DELL\.gradle\caches\journal-1)" [_thread_blocked, id=12940, stack(0x0000008c2e100000,0x0000008c2e200000)]
  0x000001d4888e1000 JavaThread "File lock request listener" [_thread_in_native, id=3576, stack(0x0000008c2e200000,0x0000008c2e300000)]
  0x000001d4888df000 JavaThread "Cache worker for file hash cache (C:\Users\DELL\.gradle\caches\7.4\fileHashes)" [_thread_blocked, id=11980, stack(0x0000008c2e300000,0x0000008c2e400000)]
  0x000001d4888dc800 JavaThread "File watcher server" daemon [_thread_in_native, id=2328, stack(0x0000008c2e600000,0x0000008c2e700000)]
  0x000001d4888df800 JavaThread "File watcher consumer" daemon [_thread_blocked, id=5472, stack(0x0000008c2e700000,0x0000008c2e800000)]
  0x000001d4888e3000 JavaThread "Cache worker for checksums cache (D:\Task_android3\.gradle\7.4\checksums)" [_thread_blocked, id=21100, stack(0x0000008c2e800000,0x0000008c2e900000)]
  0x000001d4888dd000 JavaThread "Cache worker for cache directory md-rule (C:\Users\DELL\.gradle\caches\7.4\md-rule)" [_thread_blocked, id=20764, stack(0x0000008c2e900000,0x0000008c2ea00000)]
  0x000001d4888e0800 JavaThread "Cache worker for file hash cache (D:\Task_android3\.gradle\7.4\fileHashes)" [_thread_blocked, id=20976, stack(0x0000008c2ea00000,0x0000008c2eb00000)]
  0x000001d48aade000 JavaThread "Cache worker for cache directory md-supplier (C:\Users\DELL\.gradle\caches\7.4\md-supplier)" [_thread_blocked, id=19708, stack(0x0000008c2eb00000,0x0000008c2ec00000)]
  0x000001d48aad8000 JavaThread "Cache worker for execution history cache (C:\Users\DELL\.gradle\caches\7.4\executionHistory)" [_thread_blocked, id=8456, stack(0x0000008c2ec00000,0x0000008c2ed00000)]
  0x000001d48aad9800 JavaThread "jar transforms" [_thread_blocked, id=12000, stack(0x0000008c2ed00000,0x0000008c2ee00000)]
  0x000001d48aadb800 JavaThread "Cache worker for file content cache (C:\Users\DELL\.gradle\caches\7.4\fileContent)" [_thread_blocked, id=1652, stack(0x0000008c2ee00000,0x0000008c2ef00000)]
  0x000001d48aada800 JavaThread "jar transforms Thread 2" [_thread_blocked, id=4168, stack(0x0000008c2ef00000,0x0000008c2f000000)]
  0x000001d48aad9000 JavaThread "Cache worker for dependencies-accessors (D:\Task_android3\.gradle\7.4\dependencies-accessors)" [_thread_blocked, id=19552, stack(0x0000008c2f000000,0x0000008c2f100000)]
  0x000001d48aae1000 JavaThread "jar transforms Thread 3" [_thread_blocked, id=18040, stack(0x0000008c2f100000,0x0000008c2f200000)]
  0x000001d48aae2000 JavaThread "Cache worker for Build Output Cleanup Cache (D:\Task_android3\.gradle\buildOutputCleanup)" [_thread_blocked, id=17676, stack(0x0000008c2f200000,0x0000008c2f300000)]
  0x000001d48aadf800 JavaThread "Unconstrained build operations" [_thread_blocked, id=16152, stack(0x0000008c2f300000,0x0000008c2f400000)]
  0x000001d48aae0000 JavaThread "Unconstrained build operations Thread 2" [_thread_blocked, id=2708, stack(0x0000008c2f400000,0x0000008c2f500000)]
  0x000001d48aadc000 JavaThread "Unconstrained build operations Thread 3" [_thread_blocked, id=21376, stack(0x0000008c2f500000,0x0000008c2f600000)]
  0x000001d48aae2800 JavaThread "Unconstrained build operations Thread 4" [_thread_blocked, id=13456, stack(0x0000008c2f600000,0x0000008c2f700000)]
  0x000001d48aadd000 JavaThread "Unconstrained build operations Thread 5" [_thread_blocked, id=2268, stack(0x0000008c2f700000,0x0000008c2f800000)]
  0x000001d48aae6000 JavaThread "Unconstrained build operations Thread 6" [_thread_blocked, id=8180, stack(0x0000008c2f800000,0x0000008c2f900000)]
  0x000001d48aae3800 JavaThread "Unconstrained build operations Thread 7" [_thread_blocked, id=21168, stack(0x0000008c2f900000,0x0000008c2fa00000)]
  0x000001d48aae7000 JavaThread "Unconstrained build operations Thread 8" [_thread_blocked, id=3516, stack(0x0000008c2fa00000,0x0000008c2fb00000)]
  0x000001d48aae5000 JavaThread "Unconstrained build operations Thread 9" [_thread_blocked, id=7928, stack(0x0000008c2fb00000,0x0000008c2fc00000)]
  0x000001d48aae4800 JavaThread "Unconstrained build operations Thread 10" [_thread_blocked, id=5668, stack(0x0000008c2fc00000,0x0000008c2fd00000)]
  0x000001d48a4d7800 JavaThread "Unconstrained build operations Thread 11" [_thread_blocked, id=3872, stack(0x0000008c2fd00000,0x0000008c2fe00000)]
  0x000001d48a4da000 JavaThread "Unconstrained build operations Thread 12" [_thread_blocked, id=14024, stack(0x0000008c2fe00000,0x0000008c2ff00000)]
  0x000001d48a4d8000 JavaThread "Unconstrained build operations Thread 13" [_thread_blocked, id=10920, stack(0x0000008c2ff00000,0x0000008c30000000)]
  0x000001d48a4d6800 JavaThread "Unconstrained build operations Thread 14" [_thread_blocked, id=13732, stack(0x0000008c30000000,0x0000008c30100000)]
  0x000001d48a4d9000 JavaThread "Unconstrained build operations Thread 15" [_thread_blocked, id=4808, stack(0x0000008c30100000,0x0000008c30200000)]
  0x000001d48a4da800 JavaThread "Unconstrained build operations Thread 16" [_thread_blocked, id=13196, stack(0x0000008c30200000,0x0000008c30300000)]
  0x000001d48a4d5000 JavaThread "Unconstrained build operations Thread 17" [_thread_blocked, id=9540, stack(0x0000008c30300000,0x0000008c30400000)]
  0x000001d48a4db800 JavaThread "Unconstrained build operations Thread 18" [_thread_blocked, id=17152, stack(0x0000008c30400000,0x0000008c30500000)]
  0x000001d48a4d6000 JavaThread "Unconstrained build operations Thread 19" [_thread_blocked, id=6004, stack(0x0000008c30500000,0x0000008c30600000)]
  0x000001d48a4dd000 JavaThread "Unconstrained build operations Thread 20" [_thread_blocked, id=20648, stack(0x0000008c30600000,0x0000008c30700000)]
  0x000001d48a4dc800 JavaThread "Unconstrained build operations Thread 21" [_thread_blocked, id=12088, stack(0x0000008c30700000,0x0000008c30800000)]
  0x000001d48a4df800 JavaThread "Unconstrained build operations Thread 22" [_thread_blocked, id=17712, stack(0x0000008c30800000,0x0000008c30900000)]
  0x000001d48a4e0800 JavaThread "Unconstrained build operations Thread 23" [_thread_blocked, id=11348, stack(0x0000008c30900000,0x0000008c30a00000)]
  0x000001d48a4e3800 JavaThread "Unconstrained build operations Thread 24" [_thread_blocked, id=6572, stack(0x0000008c30a00000,0x0000008c30b00000)]
  0x000001d48a4e1000 JavaThread "Unconstrained build operations Thread 25" [_thread_blocked, id=21072, stack(0x0000008c30b00000,0x0000008c30c00000)]
  0x000001d48a4df000 JavaThread "Unconstrained build operations Thread 26" [_thread_blocked, id=7508, stack(0x0000008c30c00000,0x0000008c30d00000)]
  0x000001d48a4e2000 JavaThread "Unconstrained build operations Thread 27" [_thread_blocked, id=17604, stack(0x0000008c30d00000,0x0000008c30e00000)]
  0x000001d48a4e3000 JavaThread "Unconstrained build operations Thread 28" [_thread_blocked, id=1936, stack(0x0000008c30e00000,0x0000008c30f00000)]
  0x000001d48a4de000 JavaThread "Unconstrained build operations Thread 29" [_thread_blocked, id=3812, stack(0x0000008c30f00000,0x0000008c31000000)]
  0x000001d48a302800 JavaThread "Unconstrained build operations Thread 30" [_thread_blocked, id=14628, stack(0x0000008c31000000,0x0000008c31100000)]
  0x000001d48a300000 JavaThread "Unconstrained build operations Thread 31" [_thread_blocked, id=14800, stack(0x0000008c31100000,0x0000008c31200000)]
  0x000001d48a303800 JavaThread "Unconstrained build operations Thread 32" [_thread_blocked, id=9196, stack(0x0000008c31200000,0x0000008c31300000)]
  0x000001d48a302000 JavaThread "Unconstrained build operations Thread 33" [_thread_blocked, id=12140, stack(0x0000008c31300000,0x0000008c31400000)]
  0x000001d48a306000 JavaThread "Unconstrained build operations Thread 34" [_thread_blocked, id=4000, stack(0x0000008c31400000,0x0000008c31500000)]
  0x000001d48a301000 JavaThread "Unconstrained build operations Thread 35" [_thread_blocked, id=2472, stack(0x0000008c31500000,0x0000008c31600000)]
  0x000001d48a309000 JavaThread "Unconstrained build operations Thread 36" [_thread_blocked, id=15668, stack(0x0000008c31600000,0x0000008c31700000)]
  0x000001d48a304800 JavaThread "Unconstrained build operations Thread 37" [_thread_blocked, id=11468, stack(0x0000008c31700000,0x0000008c31800000)]
  0x000001d48a307800 JavaThread "Unconstrained build operations Thread 38" [_thread_blocked, id=6212, stack(0x0000008c31800000,0x0000008c31900000)]
  0x000001d48a308800 JavaThread "Unconstrained build operations Thread 39" [_thread_blocked, id=2736, stack(0x0000008c31900000,0x0000008c31a00000)]
  0x000001d48a30a000 JavaThread "Unconstrained build operations Thread 40" [_thread_blocked, id=13636, stack(0x0000008c31a00000,0x0000008c31b00000)]
  0x000001d48a30b000 JavaThread "Unconstrained build operations Thread 41" [_thread_blocked, id=12036, stack(0x0000008c31b00000,0x0000008c31c00000)]
  0x000001d48a305000 JavaThread "Unconstrained build operations Thread 42" [_thread_blocked, id=13028, stack(0x0000008c31c00000,0x0000008c31d00000)]
  0x000001d48a30b800 JavaThread "Unconstrained build operations Thread 43" [_thread_blocked, id=10740, stack(0x0000008c31d00000,0x0000008c31e00000)]
  0x000001d48a30c800 JavaThread "Unconstrained build operations Thread 44" [_thread_blocked, id=7752, stack(0x0000008c31e00000,0x0000008c31f00000)]
  0x000001d48a306800 JavaThread "Unconstrained build operations Thread 45" [_thread_blocked, id=11840, stack(0x0000008c31f00000,0x0000008c32000000)]
  0x000001d48a30d800 JavaThread "Unconstrained build operations Thread 46" [_thread_blocked, id=7396, stack(0x0000008c32000000,0x0000008c32100000)]
  0x000001d48a30e000 JavaThread "Unconstrained build operations Thread 47" [_thread_blocked, id=4708, stack(0x0000008c32100000,0x0000008c32200000)]
  0x000001d48a30f000 JavaThread "Unconstrained build operations Thread 48" [_thread_blocked, id=7588, stack(0x0000008c32200000,0x0000008c32300000)]
  0x000001d48ca2f800 JavaThread "Unconstrained build operations Thread 49" [_thread_blocked, id=13444, stack(0x0000008c32300000,0x0000008c32400000)]
  0x000001d48ca2d000 JavaThread "Unconstrained build operations Thread 50" [_thread_blocked, id=15136, stack(0x0000008c32400000,0x0000008c32500000)]
  0x000001d48ca30000 JavaThread "Unconstrained build operations Thread 51" [_thread_blocked, id=9344, stack(0x0000008c32500000,0x0000008c32600000)]
  0x000001d48ca31000 JavaThread "Unconstrained build operations Thread 52" [_thread_blocked, id=21060, stack(0x0000008c32600000,0x0000008c32700000)]
  0x000001d48ca33800 JavaThread "Unconstrained build operations Thread 53" [_thread_blocked, id=19580, stack(0x0000008c32700000,0x0000008c32800000)]
  0x000001d48ca2d800 JavaThread "Unconstrained build operations Thread 54" [_thread_blocked, id=20492, stack(0x0000008c32800000,0x0000008c32900000)]
  0x000001d48ca31800 JavaThread "Unconstrained build operations Thread 55" [_thread_blocked, id=10544, stack(0x0000008c32900000,0x0000008c32a00000)]
  0x000001d48ca32800 JavaThread "Unconstrained build operations Thread 56" [_thread_blocked, id=11304, stack(0x0000008c32a00000,0x0000008c32b00000)]
  0x000001d48ca2e800 JavaThread "Unconstrained build operations Thread 57" [_thread_blocked, id=4852, stack(0x0000008c32b00000,0x0000008c32c00000)]
  0x000001d48ca36800 JavaThread "Unconstrained build operations Thread 58" [_thread_blocked, id=11968, stack(0x0000008c32c00000,0x0000008c32d00000)]
  0x000001d48ca39000 JavaThread "Unconstrained build operations Thread 59" [_thread_blocked, id=17532, stack(0x0000008c32d00000,0x0000008c32e00000)]
  0x000001d48ca37800 JavaThread "Unconstrained build operations Thread 60" [_thread_blocked, id=21368, stack(0x0000008c32e00000,0x0000008c32f00000)]
  0x000001d48ca3a000 JavaThread "Unconstrained build operations Thread 61" [_thread_blocked, id=15448, stack(0x0000008c32f00000,0x0000008c33000000)]
  0x000001d48ca38800 JavaThread "Unconstrained build operations Thread 62" [_thread_blocked, id=15328, stack(0x0000008c33000000,0x0000008c33100000)]
  0x000001d48ca34000 JavaThread "Unconstrained build operations Thread 63" [_thread_blocked, id=4028, stack(0x0000008c33100000,0x0000008c33200000)]
  0x000001d48ca3a800 JavaThread "Unconstrained build operations Thread 64" [_thread_blocked, id=16668, stack(0x0000008c33200000,0x0000008c33300000)]
  0x000001d48ca35000 JavaThread "Unconstrained build operations Thread 65" [_thread_blocked, id=10268, stack(0x0000008c33300000,0x0000008c33400000)]
  0x000001d48ca36000 JavaThread "Unconstrained build operations Thread 66" [_thread_blocked, id=18188, stack(0x0000008c33400000,0x0000008c33500000)]
  0x000001d48ca3b800 JavaThread "Unconstrained build operations Thread 67" [_thread_blocked, id=9360, stack(0x0000008c33500000,0x0000008c33600000)]
  0x000001d48b21c000 JavaThread "Unconstrained build operations Thread 68" [_thread_blocked, id=5800, stack(0x0000008c33600000,0x0000008c33700000)]
  0x000001d48b216000 JavaThread "Unconstrained build operations Thread 69" [_thread_blocked, id=9756, stack(0x0000008c33700000,0x0000008c33800000)]
  0x000001d48b219800 JavaThread "Unconstrained build operations Thread 70" [_thread_blocked, id=8768, stack(0x0000008c33800000,0x0000008c33900000)]
  0x000001d48b218800 JavaThread "Unconstrained build operations Thread 71" [_thread_blocked, id=6164, stack(0x0000008c33900000,0x0000008c33a00000)]
  0x000001d48b21a000 JavaThread "Unconstrained build operations Thread 72" [_thread_blocked, id=8136, stack(0x0000008c33a00000,0x0000008c33b00000)]
  0x000001d48b21b000 JavaThread "Unconstrained build operations Thread 73" [_thread_blocked, id=15776, stack(0x0000008c33b00000,0x0000008c33c00000)]
  0x000001d48b21c800 JavaThread "Unconstrained build operations Thread 74" [_thread_blocked, id=7996, stack(0x0000008c33c00000,0x0000008c33d00000)]
  0x000001d48b217000 JavaThread "Unconstrained build operations Thread 75" [_thread_blocked, id=19132, stack(0x0000008c33d00000,0x0000008c33e00000)]
  0x000001d48b21d800 JavaThread "Unconstrained build operations Thread 76" [_thread_blocked, id=5188, stack(0x0000008c33e00000,0x0000008c33f00000)]
  0x000001d48b217800 JavaThread "Unconstrained build operations Thread 77" [_thread_blocked, id=15932, stack(0x0000008c33f00000,0x0000008c34000000)]
  0x000001d48b224000 JavaThread "Unconstrained build operations Thread 78" [_thread_blocked, id=9972, stack(0x0000008c34000000,0x0000008c34100000)]
  0x000001d48b21f000 JavaThread "Unconstrained build operations Thread 79" [_thread_blocked, id=2948, stack(0x0000008c34100000,0x0000008c34200000)]
  0x000001d48b21e000 JavaThread "Unconstrained build operations Thread 80" [_thread_blocked, id=320, stack(0x0000008c34200000,0x0000008c34300000)]
  0x000001d48b224800 JavaThread "Unconstrained build operations Thread 81" [_thread_blocked, id=7244, stack(0x0000008c34300000,0x0000008c34400000)]
  0x000001d48b220000 JavaThread "Unconstrained build operations Thread 82" [_thread_blocked, id=13288, stack(0x0000008c34400000,0x0000008c34500000)]
  0x000001d48b220800 JavaThread "Unconstrained build operations Thread 83" [_thread_blocked, id=15616, stack(0x0000008c34500000,0x0000008c34600000)]
  0x000001d48b222800 JavaThread "Unconstrained build operations Thread 84" [_thread_blocked, id=18672, stack(0x0000008c34600000,0x0000008c34700000)]
  0x000001d48b221800 JavaThread "Unconstrained build operations Thread 85" [_thread_blocked, id=10468, stack(0x0000008c34700000,0x0000008c34800000)]
  0x000001d48b223000 JavaThread "Unconstrained build operations Thread 86" [_thread_blocked, id=1108, stack(0x0000008c34800000,0x0000008c34900000)]
  0x000001d48ae7e000 JavaThread "Unconstrained build operations Thread 87" [_thread_blocked, id=8088, stack(0x0000008c34900000,0x0000008c34a00000)]
  0x000001d48ae7f800 JavaThread "Unconstrained build operations Thread 88" [_thread_blocked, id=18216, stack(0x0000008c34a00000,0x0000008c34b00000)]
  0x000001d48ae81800 JavaThread "Unconstrained build operations Thread 89" [_thread_blocked, id=10356, stack(0x0000008c34b00000,0x0000008c34c00000)]
  0x000001d48ae7f000 JavaThread "Unconstrained build operations Thread 90" [_thread_blocked, id=20744, stack(0x0000008c34c00000,0x0000008c34d00000)]
  0x000001d48ae80800 JavaThread "Unconstrained build operations Thread 91" [_thread_blocked, id=15252, stack(0x0000008c34d00000,0x0000008c34e00000)]
  0x000001d48ae82000 JavaThread "Unconstrained build operations Thread 92" [_thread_blocked, id=17800, stack(0x0000008c34e00000,0x0000008c34f00000)]
  0x000001d48ae83000 JavaThread "Unconstrained build operations Thread 93" [_thread_blocked, id=14708, stack(0x0000008c34f00000,0x0000008c35000000)]
  0x000001d48ae7d800 JavaThread "Unconstrained build operations Thread 94" [_thread_blocked, id=8540, stack(0x0000008c35000000,0x0000008c35100000)]
  0x000001d48ae86800 JavaThread "Unconstrained build operations Thread 95" [_thread_blocked, id=10836, stack(0x0000008c35100000,0x0000008c35200000)]
  0x000001d48ae84800 JavaThread "Unconstrained build operations Thread 96" [_thread_blocked, id=11624, stack(0x0000008c35200000,0x0000008c35300000)]
  0x000001d48ae85800 JavaThread "Unconstrained build operations Thread 97" [_thread_blocked, id=4404, stack(0x0000008c35300000,0x0000008c35400000)]
  0x000001d48ae87000 JavaThread "Unconstrained build operations Thread 98" [_thread_blocked, id=2420, stack(0x0000008c35400000,0x0000008c35500000)]
  0x000001d48ae88000 JavaThread "Unconstrained build operations Thread 99" [_thread_blocked, id=18864, stack(0x0000008c35500000,0x0000008c35600000)]
  0x000001d48ae88800 JavaThread "Unconstrained build operations Thread 100" [_thread_blocked, id=6468, stack(0x0000008c35600000,0x0000008c35700000)]
  0x000001d48ae89800 JavaThread "Unconstrained build operations Thread 101" [_thread_blocked, id=15272, stack(0x0000008c35700000,0x0000008c35800000)]
  0x000001d48ae84000 JavaThread "Unconstrained build operations Thread 102" [_thread_blocked, id=11856, stack(0x0000008c35800000,0x0000008c35900000)]
  0x000001d48ae8c000 JavaThread "Unconstrained build operations Thread 103" [_thread_blocked, id=13024, stack(0x0000008c35900000,0x0000008c35a00000)]
  0x000001d48ae8a800 JavaThread "Unconstrained build operations Thread 104" [_thread_blocked, id=10492, stack(0x0000008c35a00000,0x0000008c35b00000)]
  0x000001d48ae8b000 JavaThread "Unconstrained build operations Thread 105" [_thread_blocked, id=13896, stack(0x0000008c35b00000,0x0000008c35c00000)]
  0x000001d48c8f6800 JavaThread "Unconstrained build operations Thread 106" [_thread_blocked, id=21120, stack(0x0000008c35c00000,0x0000008c35d00000)]
  0x000001d48c8fb800 JavaThread "Unconstrained build operations Thread 107" [_thread_blocked, id=11188, stack(0x0000008c35d00000,0x0000008c35e00000)]
  0x000001d48c8f7800 JavaThread "Unconstrained build operations Thread 108" [_thread_blocked, id=18256, stack(0x0000008c35e00000,0x0000008c35f00000)]
  0x000001d48c8f6000 JavaThread "Unconstrained build operations Thread 109" [_thread_blocked, id=20652, stack(0x0000008c35f00000,0x0000008c36000000)]
  0x000001d48c8fe000 JavaThread "Unconstrained build operations Thread 110" [_thread_blocked, id=17432, stack(0x0000008c36000000,0x0000008c36100000)]
  0x000001d48c8fc800 JavaThread "Unconstrained build operations Thread 111" [_thread_blocked, id=21208, stack(0x0000008c36100000,0x0000008c36200000)]
  0x000001d48c8fd000 JavaThread "Unconstrained build operations Thread 112" [_thread_blocked, id=17528, stack(0x0000008c36200000,0x0000008c36300000)]
  0x000001d48c8f8800 JavaThread "Unconstrained build operations Thread 113" [_thread_blocked, id=6616, stack(0x0000008c36300000,0x0000008c36400000)]
  0x000001d48c8ff000 JavaThread "Unconstrained build operations Thread 114" [_thread_blocked, id=3088, stack(0x0000008c36400000,0x0000008c36500000)]
  0x000001d48c8f9000 JavaThread "Unconstrained build operations Thread 115" [_thread_blocked, id=11500, stack(0x0000008c36500000,0x0000008c36600000)]
  0x000001d48c8ff800 JavaThread "Unconstrained build operations Thread 116" [_thread_blocked, id=15184, stack(0x0000008c36600000,0x0000008c36700000)]
  0x000001d48c8fa000 JavaThread "Unconstrained build operations Thread 117" [_thread_blocked, id=10508, stack(0x0000008c36700000,0x0000008c36800000)]
  0x000001d48c900800 JavaThread "Unconstrained build operations Thread 118" [_thread_blocked, id=18136, stack(0x0000008c36800000,0x0000008c36900000)]
  0x000001d48c8fa800 JavaThread "Unconstrained build operations Thread 119" [_thread_blocked, id=14204, stack(0x0000008c36900000,0x0000008c36a00000)]
  0x000001d48c903000 JavaThread "Unconstrained build operations Thread 120" [_thread_blocked, id=8060, stack(0x0000008c36a00000,0x0000008c36b00000)]
  0x000001d48c904800 JavaThread "jar transforms Thread 4" [_thread_blocked, id=10604, stack(0x0000008c36b00000,0x0000008c36c00000)]
  0x000001d48c901800 JavaThread "jar transforms Thread 5" [_thread_blocked, id=6284, stack(0x0000008c36c00000,0x0000008c36d00000)]
  0x000001d48c902000 JavaThread "jar transforms Thread 6" [_thread_blocked, id=15556, stack(0x0000008c36d00000,0x0000008c36e00000)]
  0x000001d48c903800 JavaThread "jar transforms Thread 7" [_thread_blocked, id=7344, stack(0x0000008c36e00000,0x0000008c36f00000)]
  0x000001d48c8d6000 JavaThread "jar transforms Thread 8" [_thread_blocked, id=13204, stack(0x0000008c36f00000,0x0000008c37000000)]
  0x000001d48c8d0800 JavaThread "jar transforms Thread 9" [_thread_blocked, id=9828, stack(0x0000008c37000000,0x0000008c37100000)]
  0x000001d48c8d1000 JavaThread "jar transforms Thread 10" [_thread_blocked, id=5552, stack(0x0000008c37100000,0x0000008c37200000)]
  0x000001d48c8d2800 JavaThread "jar transforms Thread 11" [_thread_blocked, id=9172, stack(0x0000008c37200000,0x0000008c37300000)]
  0x000001d48c8d7000 JavaThread "jar transforms Thread 12" [_thread_blocked, id=19420, stack(0x0000008c37300000,0x0000008c37400000)]
  0x000001d48c8d5000 JavaThread "Memory manager" [_thread_blocked, id=20096, stack(0x0000008c37400000,0x0000008c37500000)]

Other Threads:
  0x000001d4ffce4800 VMThread "VM Thread" [stack: 0x0000008c2c300000,0x0000008c2c400000] [id=19472]
  0x000001d4869ba800 WatcherThread [stack: 0x0000008c2cd00000,0x0000008c2ce00000] [id=13076]
  0x000001d4eb414000 GCTaskThread "GC Thread#0" [stack: 0x0000008c2be00000,0x0000008c2bf00000] [id=9780]
  0x000001d486d38000 GCTaskThread "GC Thread#1" [stack: 0x0000008c2ce00000,0x0000008c2cf00000] [id=6596]
  0x000001d48746f000 GCTaskThread "GC Thread#2" [stack: 0x0000008c2cf00000,0x0000008c2d000000] [id=4436]
  0x000001d487593800 GCTaskThread "GC Thread#3" [stack: 0x0000008c2da00000,0x0000008c2db00000] [id=6700]
  0x000001d4887b4800 GCTaskThread "GC Thread#4" [stack: 0x0000008c2db00000,0x0000008c2dc00000] [id=6736]
  0x000001d487f36000 GCTaskThread "GC Thread#5" [stack: 0x0000008c2dc00000,0x0000008c2dd00000] [id=10860]
  0x000001d488d58000 GCTaskThread "GC Thread#6" [stack: 0x0000008c2dd00000,0x0000008c2de00000] [id=16464]
  0x000001d4887b9000 GCTaskThread "GC Thread#7" [stack: 0x0000008c2de00000,0x0000008c2df00000] [id=12144]
  0x000001d48839b800 GCTaskThread "GC Thread#8" [stack: 0x0000008c2df00000,0x0000008c2e000000] [id=10768]
  0x000001d488842800 GCTaskThread "GC Thread#9" [stack: 0x0000008c2e000000,0x0000008c2e100000] [id=18584]
  0x000001d4eb448000 ConcurrentGCThread "G1 Main Marker" [stack: 0x0000008c2bf00000,0x0000008c2c000000] [id=19932]
  0x000001d4eb449000 ConcurrentGCThread "G1 Conc#0" [stack: 0x0000008c2c000000,0x0000008c2c100000] [id=9648]
  0x000001d488718800 ConcurrentGCThread "G1 Conc#1" [stack: 0x0000008c2e400000,0x0000008c2e500000] [id=3492]
  0x000001d488cdd000 ConcurrentGCThread "G1 Conc#2" [stack: 0x0000008c2e500000,0x0000008c2e600000] [id=12788]
  0x000001d4ffb37800 ConcurrentGCThread "G1 Refine#0" [stack: 0x0000008c2c100000,0x0000008c2c200000] [id=1780]
  0x000001d4ffb39000 ConcurrentGCThread "G1 Young RemSet Sampling" [stack: 0x0000008c2c200000,0x0000008c2c300000] [id=1496]

Threads with active compile tasks:
C2 CompilerThread0  11761 6517       4       org.objectweb.asm.MethodWriter::computeAllFrames (510 bytes)

VM state:not at safepoint (normal execution)

VM Mutex/Monitor currently owned by a thread: None

Heap address: 0x0000000080000000, size: 2048 MB, Compressed Oops mode: 32-bit
Narrow klass base: 0x0000000000000000, Narrow klass shift: 3
Compressed class space size: 1073741824 Address: 0x0000000100000000

Heap:
 garbage-first heap   total 155648K, used 57976K [0x0000000080000000, 0x0000000100000000)
  region size 1024K, 11 young (11264K), 7 survivors (7168K)
 Metaspace       used 68612K, capacity 70265K, committed 70564K, reserved 1110016K
  class space    used 8610K, capacity 9226K, committed 9292K, reserved 1048576K
Heap Regions: E=young(eden), S=young(survivor), O=old, HS=humongous(starts), HC=humongous(continues), CS=collection set, F=free, A=archive, TAMS=top-at-mark-start (previous, next)
|   0|0x0000000080000000, 0x0000000080100000, 0x0000000080100000|100%| O|  |TAMS 0x0000000080100000, 0x0000000080000000| Untracked 
|   1|0x0000000080100000, 0x0000000080200000, 0x0000000080200000|100%| O|  |TAMS 0x0000000080200000, 0x0000000080100000| Untracked 
|   2|0x0000000080200000, 0x0000000080300000, 0x0000000080300000|100%| O|  |TAMS 0x0000000080300000, 0x0000000080200000| Untracked 
|   3|0x0000000080300000, 0x0000000080400000, 0x0000000080400000|100%|HS|  |TAMS 0x0000000080400000, 0x0000000080300000| Complete 
|   4|0x0000000080400000, 0x0000000080500000, 0x0000000080500000|100%|HC|  |TAMS 0x0000000080500000, 0x0000000080400000| Complete 
|   5|0x0000000080500000, 0x0000000080600000, 0x0000000080600000|100%|HC|  |TAMS 0x0000000080600000, 0x0000000080500000| Complete 
|   6|0x0000000080600000, 0x0000000080700000, 0x0000000080700000|100%| O|  |TAMS 0x0000000080700000, 0x0000000080600000| Untracked 
|   7|0x0000000080700000, 0x0000000080800000, 0x0000000080800000|100%| O|  |TAMS 0x0000000080800000, 0x0000000080700000| Untracked 
|   8|0x0000000080800000, 0x0000000080900000, 0x0000000080900000|100%| O|  |TAMS 0x0000000080900000, 0x0000000080800000| Untracked 
|   9|0x0000000080900000, 0x0000000080a00000, 0x0000000080a00000|100%| O|  |TAMS 0x0000000080a00000, 0x0000000080900000| Untracked 
|  10|0x0000000080a00000, 0x0000000080b00000, 0x0000000080b00000|100%| O|  |TAMS 0x0000000080b00000, 0x0000000080a00000| Untracked 
|  11|0x0000000080b00000, 0x0000000080c00000, 0x0000000080c00000|100%| O|  |TAMS 0x0000000080c00000, 0x0000000080b00000| Untracked 
|  12|0x0000000080c00000, 0x0000000080d00000, 0x0000000080d00000|100%| O|  |TAMS 0x0000000080d00000, 0x0000000080c00000| Untracked 
|  13|0x0000000080d00000, 0x0000000080e00000, 0x0000000080e00000|100%| O|  |TAMS 0x0000000080e00000, 0x0000000080d00000| Untracked 
|  14|0x0000000080e00000, 0x0000000080f00000, 0x0000000080f00000|100%| O|  |TAMS 0x0000000080f00000, 0x0000000080e00000| Untracked 
|  15|0x0000000080f00000, 0x0000000081000000, 0x0000000081000000|100%| O|  |TAMS 0x0000000081000000, 0x0000000080f00000| Untracked 
|  16|0x0000000081000000, 0x0000000081100000, 0x0000000081100000|100%|HS|  |TAMS 0x0000000081100000, 0x0000000081000000| Complete 
|  17|0x0000000081100000, 0x0000000081200000, 0x0000000081200000|100%| O|  |TAMS 0x0000000081200000, 0x0000000081100000| Untracked 
|  18|0x0000000081200000, 0x0000000081300000, 0x0000000081300000|100%| O|  |TAMS 0x0000000081300000, 0x0000000081200000| Untracked 
|  19|0x0000000081300000, 0x0000000081400000, 0x0000000081400000|100%| O|  |TAMS 0x0000000081400000, 0x0000000081300000| Untracked 
|  20|0x0000000081400000, 0x0000000081500000, 0x0000000081500000|100%| O|  |TAMS 0x0000000081500000, 0x0000000081400000| Untracked 
|  21|0x0000000081500000, 0x0000000081600000, 0x0000000081600000|100%| O|  |TAMS 0x0000000081600000, 0x0000000081500000| Untracked 
|  22|0x0000000081600000, 0x0000000081700000, 0x0000000081700000|100%| O|  |TAMS 0x0000000081700000, 0x0000000081600000| Untracked 
|  23|0x0000000081700000, 0x0000000081800000, 0x0000000081800000|100%| O|  |TAMS 0x0000000081800000, 0x0000000081700000| Untracked 
|  24|0x0000000081800000, 0x0000000081900000, 0x0000000081900000|100%| O|  |TAMS 0x0000000081900000, 0x0000000081800000| Untracked 
|  25|0x0000000081900000, 0x0000000081a00000, 0x0000000081a00000|100%| O|  |TAMS 0x0000000081a00000, 0x0000000081900000| Untracked 
|  26|0x0000000081a00000, 0x0000000081b00000, 0x0000000081b00000|100%| O|  |TAMS 0x0000000081b00000, 0x0000000081a00000| Untracked 
|  27|0x0000000081b00000, 0x0000000081c00000, 0x0000000081c00000|100%| O|  |TAMS 0x0000000081c00000, 0x0000000081b00000| Untracked 
|  28|0x0000000081c00000, 0x0000000081d00000, 0x0000000081d00000|100%|HS|  |TAMS 0x0000000081d00000, 0x0000000081c00000| Complete 
|  29|0x0000000081d00000, 0x0000000081e00000, 0x0000000081e00000|100%| O|  |TAMS 0x0000000081e00000, 0x0000000081d00000| Untracked 
|  30|0x0000000081e00000, 0x0000000081f00000, 0x0000000081f00000|100%|HS|  |TAMS 0x0000000081f00000, 0x0000000081e00000| Complete 
|  31|0x0000000081f00000, 0x0000000082000000, 0x0000000082000000|100%|HC|  |TAMS 0x0000000082000000, 0x0000000081f00000| Complete 
|  32|0x0000000082000000, 0x0000000082100000, 0x0000000082100000|100%| O|  |TAMS 0x0000000082100000, 0x0000000082000000| Untracked 
|  33|0x0000000082100000, 0x0000000082200000, 0x0000000082200000|100%| O|  |TAMS 0x0000000082200000, 0x0000000082100000| Untracked 
|  34|0x0000000082200000, 0x0000000082300000, 0x0000000082300000|100%| O|  |TAMS 0x0000000082300000, 0x0000000082200000| Untracked 
|  35|0x0000000082300000, 0x0000000082400000, 0x0000000082400000|100%| O|  |TAMS 0x0000000082400000, 0x0000000082300000| Untracked 
|  36|0x0000000082400000, 0x0000000082500000, 0x0000000082500000|100%| O|  |TAMS 0x0000000082500000, 0x0000000082400000| Untracked 
|  37|0x0000000082500000, 0x0000000082600000, 0x0000000082600000|100%| O|  |TAMS 0x0000000082600000, 0x0000000082500000| Untracked 
|  38|0x0000000082600000, 0x0000000082700000, 0x0000000082700000|100%| O|  |TAMS 0x0000000082700000, 0x0000000082600000| Untracked 
|  39|0x0000000082700000, 0x0000000082800000, 0x0000000082800000|100%| O|  |TAMS 0x0000000082800000, 0x0000000082700000| Untracked 
|  40|0x0000000082800000, 0x0000000082900000, 0x0000000082900000|100%| O|  |TAMS 0x0000000082900000, 0x0000000082800000| Untracked 
|  41|0x0000000082900000, 0x0000000082a00000, 0x0000000082a00000|100%| O|  |TAMS 0x0000000082a00000, 0x0000000082900000| Untracked 
|  42|0x0000000082a00000, 0x0000000082b00000, 0x0000000082b00000|100%| O|  |TAMS 0x0000000082ab1000, 0x0000000082a00000| Untracked 
|  43|0x0000000082b00000, 0x0000000082b00000, 0x0000000082c00000|  0%| F|  |TAMS 0x0000000082b00000, 0x0000000082b00000| Untracked 
|  44|0x0000000082c00000, 0x0000000082d00000, 0x0000000082d00000|100%| O|  |TAMS 0x0000000082c00000, 0x0000000082c00000| Untracked 
|  45|0x0000000082d00000, 0x0000000082e00000, 0x0000000082e00000|100%| O|  |TAMS 0x0000000082d00000, 0x0000000082d00000| Untracked 
|  46|0x0000000082e00000, 0x0000000082f00000, 0x0000000082f00000|100%| O|  |TAMS 0x0000000082e00000, 0x0000000082e00000| Untracked 
|  47|0x0000000082f00000, 0x0000000083000000, 0x0000000083000000|100%| O|  |TAMS 0x0000000082f00000, 0x0000000082f00000| Untracked 
|  48|0x0000000083000000, 0x0000000083067800, 0x0000000083100000| 40%| O|  |TAMS 0x0000000083000000, 0x0000000083000000| Untracked 
|  49|0x0000000083100000, 0x0000000083100000, 0x0000000083200000|  0%| F|  |TAMS 0x0000000083100000, 0x0000000083100000| Untracked 
|  50|0x0000000083200000, 0x0000000083200000, 0x0000000083300000|  0%| F|  |TAMS 0x0000000083200000, 0x0000000083200000| Untracked 
|  51|0x0000000083300000, 0x0000000083300000, 0x0000000083400000|  0%| F|  |TAMS 0x0000000083300000, 0x0000000083300000| Untracked 
|  52|0x0000000083400000, 0x0000000083400000, 0x0000000083500000|  0%| F|  |TAMS 0x0000000083400000, 0x0000000083400000| Untracked 
|  53|0x0000000083500000, 0x0000000083500000, 0x0000000083600000|  0%| F|  |TAMS 0x0000000083500000, 0x0000000083500000| Untracked 
|  54|0x0000000083600000, 0x0000000083600000, 0x0000000083700000|  0%| F|  |TAMS 0x0000000083600000, 0x0000000083600000| Untracked 
|  55|0x0000000083700000, 0x0000000083700000, 0x0000000083800000|  0%| F|  |TAMS 0x0000000083700000, 0x0000000083700000| Untracked 
|  56|0x0000000083800000, 0x0000000083800000, 0x0000000083900000|  0%| F|  |TAMS 0x0000000083800000, 0x0000000083800000| Untracked 
|  57|0x0000000083900000, 0x0000000083900000, 0x0000000083a00000|  0%| F|  |TAMS 0x0000000083900000, 0x0000000083900000| Untracked 
|  58|0x0000000083a00000, 0x0000000083a00000, 0x0000000083b00000|  0%| F|  |TAMS 0x0000000083a00000, 0x0000000083a00000| Untracked 
|  59|0x0000000083b00000, 0x0000000083b00000, 0x0000000083c00000|  0%| F|  |TAMS 0x0000000083b00000, 0x0000000083b00000| Untracked 
|  60|0x0000000083c00000, 0x0000000083c00000, 0x0000000083d00000|  0%| F|  |TAMS 0x0000000083c00000, 0x0000000083c00000| Untracked 
|  61|0x0000000083d00000, 0x0000000083d00000, 0x0000000083e00000|  0%| F|  |TAMS 0x0000000083d00000, 0x0000000083d00000| Untracked 
|  62|0x0000000083e00000, 0x0000000083e00000, 0x0000000083f00000|  0%| F|  |TAMS 0x0000000083e00000, 0x0000000083e00000| Untracked 
|  63|0x0000000083f00000, 0x0000000083f00000, 0x0000000084000000|  0%| F|  |TAMS 0x0000000083f00000, 0x0000000083f00000| Untracked 
|  64|0x0000000084000000, 0x0000000084000000, 0x0000000084100000|  0%| F|  |TAMS 0x0000000084000000, 0x0000000084000000| Untracked 
|  65|0x0000000084100000, 0x0000000084100000, 0x0000000084200000|  0%| F|  |TAMS 0x0000000084100000, 0x0000000084100000| Untracked 
|  66|0x0000000084200000, 0x0000000084200000, 0x0000000084300000|  0%| F|  |TAMS 0x0000000084200000, 0x0000000084200000| Untracked 
|  67|0x0000000084300000, 0x0000000084300000, 0x0000000084400000|  0%| F|  |TAMS 0x0000000084300000, 0x0000000084300000| Untracked 
|  68|0x0000000084400000, 0x0000000084400000, 0x0000000084500000|  0%| F|  |TAMS 0x0000000084400000, 0x0000000084400000| Untracked 
|  69|0x0000000084500000, 0x0000000084500000, 0x0000000084600000|  0%| F|  |TAMS 0x0000000084500000, 0x0000000084500000| Untracked 
|  70|0x0000000084600000, 0x0000000084600000, 0x0000000084700000|  0%| F|  |TAMS 0x0000000084600000, 0x0000000084600000| Untracked 
|  71|0x0000000084700000, 0x0000000084700000, 0x0000000084800000|  0%| F|  |TAMS 0x0000000084700000, 0x0000000084700000| Untracked 
|  72|0x0000000084800000, 0x0000000084800000, 0x0000000084900000|  0%| F|  |TAMS 0x0000000084800000, 0x0000000084800000| Untracked 
|  73|0x0000000084900000, 0x0000000084900000, 0x0000000084a00000|  0%| F|  |TAMS 0x0000000084900000, 0x0000000084900000| Untracked 
|  74|0x0000000084a00000, 0x0000000084a00000, 0x0000000084b00000|  0%| F|  |TAMS 0x0000000084a00000, 0x0000000084a00000| Untracked 
|  75|0x0000000084b00000, 0x0000000084b00000, 0x0000000084c00000|  0%| F|  |TAMS 0x0000000084b00000, 0x0000000084b00000| Untracked 
|  76|0x0000000084c00000, 0x0000000084c00000, 0x0000000084d00000|  0%| F|  |TAMS 0x0000000084c00000, 0x0000000084c00000| Untracked 
|  77|0x0000000084d00000, 0x0000000084d00000, 0x0000000084e00000|  0%| F|  |TAMS 0x0000000084d00000, 0x0000000084d00000| Untracked 
|  78|0x0000000084e00000, 0x0000000084e00000, 0x0000000084f00000|  0%| F|  |TAMS 0x0000000084e00000, 0x0000000084e00000| Untracked 
|  79|0x0000000084f00000, 0x0000000084f00000, 0x0000000085000000|  0%| F|  |TAMS 0x0000000084f00000, 0x0000000084f00000| Untracked 
|  80|0x0000000085000000, 0x0000000085000000, 0x0000000085100000|  0%| F|  |TAMS 0x0000000085000000, 0x0000000085000000| Untracked 
|  81|0x0000000085100000, 0x0000000085100000, 0x0000000085200000|  0%| F|  |TAMS 0x0000000085100000, 0x0000000085100000| Untracked 
|  82|0x0000000085200000, 0x0000000085200000, 0x0000000085300000|  0%| F|  |TAMS 0x0000000085200000, 0x0000000085200000| Untracked 
|  83|0x0000000085300000, 0x0000000085300000, 0x0000000085400000|  0%| F|  |TAMS 0x0000000085300000, 0x0000000085300000| Untracked 
|  84|0x0000000085400000, 0x0000000085400000, 0x0000000085500000|  0%| F|  |TAMS 0x0000000085400000, 0x0000000085400000| Untracked 
|  85|0x0000000085500000, 0x0000000085500000, 0x0000000085600000|  0%| F|  |TAMS 0x0000000085500000, 0x0000000085500000| Untracked 
|  86|0x0000000085600000, 0x0000000085600000, 0x0000000085700000|  0%| F|  |TAMS 0x0000000085600000, 0x0000000085600000| Untracked 
|  87|0x0000000085700000, 0x0000000085700000, 0x0000000085800000|  0%| F|  |TAMS 0x0000000085700000, 0x0000000085700000| Untracked 
|  88|0x0000000085800000, 0x0000000085800000, 0x0000000085900000|  0%| F|  |TAMS 0x0000000085800000, 0x0000000085800000| Untracked 
|  89|0x0000000085900000, 0x0000000085900000, 0x0000000085a00000|  0%| F|  |TAMS 0x0000000085900000, 0x0000000085900000| Untracked 
|  90|0x0000000085a00000, 0x0000000085a00000, 0x0000000085b00000|  0%| F|  |TAMS 0x0000000085a00000, 0x0000000085a00000| Untracked 
|  91|0x0000000085b00000, 0x0000000085b00000, 0x0000000085c00000|  0%| F|  |TAMS 0x0000000085b00000, 0x0000000085b00000| Untracked 
|  92|0x0000000085c00000, 0x0000000085c00000, 0x0000000085d00000|  0%| F|  |TAMS 0x0000000085c00000, 0x0000000085c00000| Untracked 
|  93|0x0000000085d00000, 0x0000000085d368b8, 0x0000000085e00000| 21%| S|CS|TAMS 0x0000000085d00000, 0x0000000085d00000| Complete 
|  94|0x0000000085e00000, 0x0000000085f00000, 0x0000000085f00000|100%| S|CS|TAMS 0x0000000085e00000, 0x0000000085e00000| Complete 
|  95|0x0000000085f00000, 0x0000000086000000, 0x0000000086000000|100%| S|CS|TAMS 0x0000000085f00000, 0x0000000085f00000| Complete 
|  96|0x0000000086000000, 0x0000000086000000, 0x0000000086100000|  0%| F|  |TAMS 0x0000000086000000, 0x0000000086000000| Untracked 
|  97|0x0000000086100000, 0x0000000086100000, 0x0000000086200000|  0%| F|  |TAMS 0x0000000086100000, 0x0000000086100000| Untracked 
|  98|0x0000000086200000, 0x0000000086200000, 0x0000000086300000|  0%| F|  |TAMS 0x0000000086200000, 0x0000000086200000| Untracked 
|  99|0x0000000086300000, 0x0000000086300000, 0x0000000086400000|  0%| F|  |TAMS 0x0000000086300000, 0x0000000086300000| Untracked 
| 100|0x0000000086400000, 0x0000000086500000, 0x0000000086500000|100%| S|CS|TAMS 0x0000000086400000, 0x0000000086400000| Complete 
| 101|0x0000000086500000, 0x0000000086600000, 0x0000000086600000|100%| S|CS|TAMS 0x0000000086500000, 0x0000000086500000| Complete 
| 102|0x0000000086600000, 0x0000000086700000, 0x0000000086700000|100%| S|CS|TAMS 0x0000000086600000, 0x0000000086600000| Complete 
| 103|0x0000000086700000, 0x0000000086800000, 0x0000000086800000|100%| S|CS|TAMS 0x0000000086700000, 0x0000000086700000| Complete 
| 104|0x0000000086800000, 0x0000000086800000, 0x0000000086900000|  0%| F|  |TAMS 0x0000000086800000, 0x0000000086800000| Untracked 
| 105|0x0000000086900000, 0x0000000086900000, 0x0000000086a00000|  0%| F|  |TAMS 0x0000000086900000, 0x0000000086900000| Untracked 
| 106|0x0000000086a00000, 0x0000000086a00000, 0x0000000086b00000|  0%| F|  |TAMS 0x0000000086a00000, 0x0000000086a00000| Untracked 
| 107|0x0000000086b00000, 0x0000000086b00000, 0x0000000086c00000|  0%| F|  |TAMS 0x0000000086b00000, 0x0000000086b00000| Untracked 
| 108|0x0000000086c00000, 0x0000000086c00000, 0x0000000086d00000|  0%| F|  |TAMS 0x0000000086c00000, 0x0000000086c00000| Untracked 
| 109|0x0000000086d00000, 0x0000000086d00000, 0x0000000086e00000|  0%| F|  |TAMS 0x0000000086d00000, 0x0000000086d00000| Untracked 
| 110|0x0000000086e00000, 0x0000000086e00000, 0x0000000086f00000|  0%| F|  |TAMS 0x0000000086e00000, 0x0000000086e00000| Untracked 
| 111|0x0000000086f00000, 0x0000000086f00000, 0x0000000087000000|  0%| F|  |TAMS 0x0000000086f00000, 0x0000000086f00000| Untracked 
| 112|0x0000000087000000, 0x0000000087000000, 0x0000000087100000|  0%| F|  |TAMS 0x0000000087000000, 0x0000000087000000| Untracked 
| 113|0x0000000087100000, 0x0000000087100000, 0x0000000087200000|  0%| F|  |TAMS 0x0000000087100000, 0x0000000087100000| Untracked 
| 114|0x0000000087200000, 0x0000000087200000, 0x0000000087300000|  0%| F|  |TAMS 0x0000000087200000, 0x0000000087200000| Untracked 
| 115|0x0000000087300000, 0x0000000087300000, 0x0000000087400000|  0%| F|  |TAMS 0x0000000087300000, 0x0000000087300000| Untracked 
| 116|0x0000000087400000, 0x0000000087400000, 0x0000000087500000|  0%| F|  |TAMS 0x0000000087400000, 0x0000000087400000| Untracked 
| 117|0x0000000087500000, 0x0000000087500000, 0x0000000087600000|  0%| F|  |TAMS 0x0000000087500000, 0x0000000087500000| Untracked 
| 118|0x0000000087600000, 0x0000000087600000, 0x0000000087700000|  0%| F|  |TAMS 0x0000000087600000, 0x0000000087600000| Untracked 
| 119|0x0000000087700000, 0x0000000087700000, 0x0000000087800000|  0%| F|  |TAMS 0x0000000087700000, 0x0000000087700000| Untracked 
| 120|0x0000000087800000, 0x0000000087800000, 0x0000000087900000|  0%| F|  |TAMS 0x0000000087800000, 0x0000000087800000| Untracked 
| 121|0x0000000087900000, 0x0000000087900000, 0x0000000087a00000|  0%| F|  |TAMS 0x0000000087900000, 0x0000000087900000| Untracked 
| 122|0x0000000087a00000, 0x0000000087a00000, 0x0000000087b00000|  0%| F|  |TAMS 0x0000000087a00000, 0x0000000087a00000| Untracked 
| 123|0x0000000087b00000, 0x0000000087b00000, 0x0000000087c00000|  0%| F|  |TAMS 0x0000000087b00000, 0x0000000087b00000| Untracked 
| 124|0x0000000087c00000, 0x0000000087c00000, 0x0000000087d00000|  0%| F|  |TAMS 0x0000000087c00000, 0x0000000087c00000| Untracked 
| 125|0x0000000087d00000, 0x0000000087d00000, 0x0000000087e00000|  0%| F|  |TAMS 0x0000000087d00000, 0x0000000087d00000| Untracked 
| 126|0x0000000087e00000, 0x0000000087e00000, 0x0000000087f00000|  0%| F|  |TAMS 0x0000000087e00000, 0x0000000087e00000| Untracked 
| 127|0x0000000087f00000, 0x0000000087f00000, 0x0000000088000000|  0%| F|  |TAMS 0x0000000087f00000, 0x0000000087f00000| Untracked 
| 128|0x0000000088000000, 0x0000000088000000, 0x0000000088100000|  0%| F|  |TAMS 0x0000000088000000, 0x0000000088000000| Untracked 
| 129|0x0000000088100000, 0x0000000088100000, 0x0000000088200000|  0%| F|  |TAMS 0x0000000088100000, 0x0000000088100000| Untracked 
| 130|0x0000000088200000, 0x0000000088200000, 0x0000000088300000|  0%| F|  |TAMS 0x0000000088200000, 0x0000000088200000| Untracked 
| 131|0x0000000088300000, 0x0000000088300000, 0x0000000088400000|  0%| F|  |TAMS 0x0000000088300000, 0x0000000088300000| Untracked 
| 132|0x0000000088400000, 0x0000000088400000, 0x0000000088500000|  0%| F|  |TAMS 0x0000000088400000, 0x0000000088400000| Untracked 
| 133|0x0000000088500000, 0x0000000088500000, 0x0000000088600000|  0%| F|  |TAMS 0x0000000088500000, 0x0000000088500000| Untracked 
| 134|0x0000000088600000, 0x0000000088600000, 0x0000000088700000|  0%| F|  |TAMS 0x0000000088600000, 0x0000000088600000| Untracked 
| 135|0x0000000088700000, 0x0000000088700000, 0x0000000088800000|  0%| F|  |TAMS 0x0000000088700000, 0x0000000088700000| Untracked 
| 136|0x0000000088800000, 0x0000000088800000, 0x0000000088900000|  0%| F|  |TAMS 0x0000000088800000, 0x0000000088800000| Untracked 
| 137|0x0000000088900000, 0x0000000088900000, 0x0000000088a00000|  0%| F|  |TAMS 0x0000000088900000, 0x0000000088900000| Untracked 
| 138|0x0000000088a00000, 0x0000000088a00000, 0x0000000088b00000|  0%| F|  |TAMS 0x0000000088a00000, 0x0000000088a00000| Untracked 
| 139|0x0000000088b00000, 0x0000000088b00000, 0x0000000088c00000|  0%| F|  |TAMS 0x0000000088b00000, 0x0000000088b00000| Untracked 
| 140|0x0000000088c00000, 0x0000000088c00000, 0x0000000088d00000|  0%| F|  |TAMS 0x0000000088c00000, 0x0000000088c00000| Untracked 
| 141|0x0000000088d00000, 0x0000000088d00000, 0x0000000088e00000|  0%| F|  |TAMS 0x0000000088d00000, 0x0000000088d00000| Untracked 
| 142|0x0000000088e00000, 0x0000000088e00000, 0x0000000088f00000|  0%| F|  |TAMS 0x0000000088e00000, 0x0000000088e00000| Untracked 
| 143|0x0000000088f00000, 0x0000000088f00000, 0x0000000089000000|  0%| F|  |TAMS 0x0000000088f00000, 0x0000000088f00000| Untracked 
| 144|0x0000000089000000, 0x0000000089000000, 0x0000000089100000|  0%| F|  |TAMS 0x0000000089000000, 0x0000000089000000| Untracked 
| 145|0x0000000089100000, 0x0000000089100000, 0x0000000089200000|  0%| F|  |TAMS 0x0000000089100000, 0x0000000089100000| Untracked 
| 146|0x0000000089200000, 0x0000000089200000, 0x0000000089300000|  0%| F|  |TAMS 0x0000000089200000, 0x0000000089200000| Untracked 
| 147|0x0000000089300000, 0x0000000089300000, 0x0000000089400000|  0%| F|  |TAMS 0x0000000089300000, 0x0000000089300000| Untracked 
| 148|0x0000000089400000, 0x0000000089500000, 0x0000000089500000|100%| E|  |TAMS 0x0000000089400000, 0x0000000089400000| Complete 
| 149|0x0000000089500000, 0x0000000089600000, 0x0000000089600000|100%| E|CS|TAMS 0x0000000089500000, 0x0000000089500000| Complete 
| 150|0x0000000089600000, 0x0000000089700000, 0x0000000089700000|100%| E|CS|TAMS 0x0000000089600000, 0x0000000089600000| Complete 
| 151|0x0000000089700000, 0x0000000089800000, 0x0000000089800000|100%| E|CS|TAMS 0x0000000089700000, 0x0000000089700000| Complete 

Card table byte_map: [0x000001d4fe870000,0x000001d4fec70000] _byte_map_base: 0x000001d4fe470000

Marking Bits (Prev, Next): (CMBitMap*) 0x000001d4eb43f2f8, (CMBitMap*) 0x000001d4eb43f330
 Prev Bits: [0x000001d480000000, 0x000001d482000000)
 Next Bits: [0x000001d482000000, 0x000001d484000000)

Polling page: 0x000001d4e93d0000

Metaspace:

Usage:
  Non-class:     59.61 MB capacity,    58.61 MB ( 98%) used,   855.68 KB (  1%) free+waste,   166.56 KB ( <1%) overhead. 
      Class:      9.01 MB capacity,     8.41 MB ( 93%) used,   538.20 KB (  6%) free+waste,    77.00 KB ( <1%) overhead. 
       Both:     68.62 MB capacity,    67.02 MB ( 98%) used,     1.36 MB (  2%) free+waste,   243.56 KB ( <1%) overhead. 

Virtual space:
  Non-class space:       60.00 MB reserved,      59.84 MB (>99%) committed 
      Class space:        1.00 GB reserved,       9.07 MB ( <1%) committed 
             Both:        1.06 GB reserved,      68.91 MB (  6%) committed 

Chunk freelists:
   Non-Class:  41.00 KB
       Class:  22.00 KB
        Both:  63.00 KB

MaxMetaspaceSize: 17179869184.00 GB
CompressedClassSpaceSize: 1.00 GB
Initial GC threshold: 20.80 MB
Current GC threshold: 106.10 MB
CDS: off

CodeHeap 'non-profiled nmethods': size=120000Kb used=2898Kb max_used=2898Kb free=117101Kb
 bounds [0x000001d4f69e0000, 0x000001d4f6cc0000, 0x000001d4fdf10000]
CodeHeap 'profiled nmethods': size=120000Kb used=12595Kb max_used=12595Kb free=107405Kb
 bounds [0x000001d4ef4b0000, 0x000001d4f0100000, 0x000001d4f69e0000]
CodeHeap 'non-nmethods': size=5760Kb used=2346Kb max_used=2380Kb free=3413Kb
 bounds [0x000001d4eef10000, 0x000001d4ef180000, 0x000001d4ef4b0000]
 total_blobs=7284 nmethods=6424 adapters=772
 compilation: enabled
              stopped_count=0, restarted_count=0
 full_count=0

Compilation events (20 events):
Event: 11.603 Thread 0x000001d48684b800 nmethod 6535 0x000001d4f00f0990 code [0x000001d4f00f0b60, 0x000001d4f00f0ec8]
Event: 11.603 Thread 0x000001d48684b800 6536       3       org.gradle.internal.operations.DefaultBuildOperationExecutor$ListenerAdapter::start (53 bytes)
Event: 11.604 Thread 0x000001d48684b800 nmethod 6536 0x000001d4f00f1090 code [0x000001d4f00f12c0, 0x000001d4f00f1998]
Event: 11.604 Thread 0x000001d48684b800 6537       3       org.gradle.internal.operations.OperationStartEvent::<init> (10 bytes)
Event: 11.604 Thread 0x000001d48684b800 nmethod 6537 0x000001d4f00f1d10 code [0x000001d4f00f1ec0, 0x000001d4f00f2018]
Event: 11.604 Thread 0x000001d48684b800 6538       3       org.gradle.tooling.internal.provider.runner.PluginApplicationTracker::started (152 bytes)
Event: 11.617 Thread 0x000001d48684b800 nmethod 6538 0x000001d4f00f2110 code [0x000001d4f00f2540, 0x000001d4f00f4898]
Event: 11.617 Thread 0x000001d48684b800 6539       3       org.gradle.tooling.internal.provider.runner.ProjectConfigurationTracker::started (33 bytes)
Event: 11.617 Thread 0x000001d48684b800 nmethod 6539 0x000001d4f00f5290 code [0x000001d4f00f54a0, 0x000001d4f00f5b28]
Event: 11.617 Thread 0x000001d48684b800 6540       1       org.gradle.api.internal.collections.AbstractIterationOrderRetainingElementSource::getInserted (5 bytes)
Event: 11.618 Thread 0x000001d48684b800 nmethod 6540 0x000001d4f6cb4290 code [0x000001d4f6cb4440, 0x000001d4f6cb44f8]
Event: 11.618 Thread 0x000001d48684b800 6541   !   3       jdk.internal.reflect.GeneratedConstructorAccessor2::newInstance (53 bytes)
Event: 11.622 Thread 0x000001d48684b800 nmethod 6541 0x000001d4f00f5d90 code [0x000001d4f00f5fe0, 0x000001d4f00f6848]
Event: 11.646 Thread 0x000001d48684b800 6544       2       java.lang.invoke.MethodHandles$Lookup::<init> (12 bytes)
Event: 11.647 Thread 0x000001d48684b800 nmethod 6544 0x000001d4f00f6c90 code [0x000001d4f00f6e40, 0x000001d4f00f6fa8]
Event: 11.694 Thread 0x000001d48684b800 6545       2       org.gradle.api.internal.attributes.DefaultMutableAttributeContainer::nonParentKeys (22 bytes)
Event: 11.695 Thread 0x000001d48684b800 nmethod 6545 0x000001d4f00f7090 code [0x000001d4f00f7280, 0x000001d4f00f7698]
Event: 11.695 Thread 0x000001d48684b800 6546       2       java.util.Collections$EmptyMap::keySet (4 bytes)
Event: 11.696 Thread 0x000001d48684b800 nmethod 6546 0x000001d4f00f7890 code [0x000001d4f00f7a40, 0x000001d4f00f7b38]
Event: 11.696 Thread 0x000001d48684b800 6547       2       com.google.common.collect.Sets::union (24 bytes)

GC Heap History (20 events):
Event: 4.731 GC heap before
{Heap before GC invocations=4 (full 0):
 garbage-first heap   total 129024K, used 72462K [0x0000000080000000, 0x0000000100000000)
  region size 1024K, 57 young (58368K), 2 survivors (2048K)
 Metaspace       used 26639K, capacity 27271K, committed 27388K, reserved 1073152K
  class space    used 3444K, capacity 3638K, committed 3660K, reserved 1048576K
}
Event: 4.738 GC heap after
{Heap after GC invocations=5 (full 0):
 garbage-first heap   total 129024K, used 19098K [0x0000000080000000, 0x0000000100000000)
  region size 1024K, 4 young (4096K), 4 survivors (4096K)
 Metaspace       used 26639K, capacity 27271K, committed 27388K, reserved 1073152K
  class space    used 3444K, capacity 3638K, committed 3660K, reserved 1048576K
}
Event: 5.586 GC heap before
{Heap before GC invocations=5 (full 0):
 garbage-first heap   total 129024K, used 79514K [0x0000000080000000, 0x0000000100000000)
  region size 1024K, 64 young (65536K), 4 survivors (4096K)
 Metaspace       used 35155K, capacity 35937K, committed 35964K, reserved 1081344K
  class space    used 4509K, capacity 4806K, committed 4812K, reserved 1048576K
}
Event: 5.605 GC heap after
{Heap after GC invocations=6 (full 0):
 garbage-first heap   total 129024K, used 22556K [0x0000000080000000, 0x0000000100000000)
  region size 1024K, 7 young (7168K), 7 survivors (7168K)
 Metaspace       used 35155K, capacity 35937K, committed 35964K, reserved 1081344K
  class space    used 4509K, capacity 4806K, committed 4812K, reserved 1048576K
}
Event: 6.423 GC heap before
{Heap before GC invocations=7 (full 0):
 garbage-first heap   total 129024K, used 90140K [0x0000000080000000, 0x0000000100000000)
  region size 1024K, 70 young (71680K), 7 survivors (7168K)
 Metaspace       used 39925K, capacity 40832K, committed 40956K, reserved 1085440K
  class space    used 5046K, capacity 5407K, committed 5452K, reserved 1048576K
}
Event: 6.435 GC heap after
{Heap after GC invocations=8 (full 0):
 garbage-first heap   total 129024K, used 27750K [0x0000000080000000, 0x0000000100000000)
  region size 1024K, 9 young (9216K), 9 survivors (9216K)
 Metaspace       used 39925K, capacity 40832K, committed 40956K, reserved 1085440K
  class space    used 5046K, capacity 5407K, committed 5452K, reserved 1048576K
}
Event: 7.185 GC heap before
{Heap before GC invocations=8 (full 0):
 garbage-first heap   total 129024K, used 90214K [0x0000000080000000, 0x0000000100000000)
  region size 1024K, 70 young (71680K), 9 survivors (9216K)
 Metaspace       used 45654K, capacity 46718K, committed 46844K, reserved 1089536K
  class space    used 5789K, capacity 6188K, committed 6220K, reserved 1048576K
}
Event: 7.194 GC heap after
{Heap after GC invocations=9 (full 0):
 garbage-first heap   total 129024K, used 29765K [0x0000000080000000, 0x0000000100000000)
  region size 1024K, 3 young (3072K), 3 survivors (3072K)
 Metaspace       used 45654K, capacity 46718K, committed 46844K, reserved 1089536K
  class space    used 5789K, capacity 6188K, committed 6220K, reserved 1048576K
}
Event: 8.346 GC heap before
{Heap before GC invocations=9 (full 0):
 garbage-first heap   total 129024K, used 95301K [0x0000000080000000, 0x0000000100000000)
  region size 1024K, 66 young (67584K), 3 survivors (3072K)
 Metaspace       used 48786K, capacity 50068K, committed 50172K, reserved 1093632K
  class space    used 6166K, capacity 6631K, committed 6732K, reserved 1048576K
}
Event: 8.352 GC heap after
{Heap after GC invocations=10 (full 0):
 garbage-first heap   total 155648K, used 33061K [0x0000000080000000, 0x0000000100000000)
  region size 1024K, 5 young (5120K), 5 survivors (5120K)
 Metaspace       used 48786K, capacity 50068K, committed 50172K, reserved 1093632K
  class space    used 6166K, capacity 6631K, committed 6732K, reserved 1048576K
}
Event: 9.765 GC heap before
{Heap before GC invocations=10 (full 0):
 garbage-first heap   total 155648K, used 113957K [0x0000000080000000, 0x0000000100000000)
  region size 1024K, 81 young (82944K), 5 survivors (5120K)
 Metaspace       used 58074K, capacity 59462K, committed 59772K, reserved 1101824K
  class space    used 7260K, capacity 7774K, committed 7884K, reserved 1048576K
}
Event: 9.774 GC heap after
{Heap after GC invocations=11 (full 0):
 garbage-first heap   total 155648K, used 43352K [0x0000000080000000, 0x0000000100000000)
  region size 1024K, 11 young (11264K), 11 survivors (11264K)
 Metaspace       used 58074K, capacity 59462K, committed 59772K, reserved 1101824K
  class space    used 7260K, capacity 7774K, committed 7884K, reserved 1048576K
}
Event: 9.917 GC heap before
{Heap before GC invocations=11 (full 0):
 garbage-first heap   total 155648K, used 50520K [0x0000000080000000, 0x0000000100000000)
  region size 1024K, 19 young (19456K), 11 survivors (11264K)
 Metaspace       used 59077K, capacity 60449K, committed 60580K, reserved 1101824K
  class space    used 7403K, capacity 7934K, committed 8012K, reserved 1048576K
}
Event: 9.938 GC heap after
{Heap after GC invocations=12 (full 0):
 garbage-first heap   total 155648K, used 44861K [0x0000000080000000, 0x0000000100000000)
  region size 1024K, 2 young (2048K), 2 survivors (2048K)
 Metaspace       used 59077K, capacity 60449K, committed 60580K, reserved 1101824K
  class space    used 7403K, capacity 7934K, committed 8012K, reserved 1048576K
}
Event: 10.605 GC heap before
{Heap before GC invocations=13 (full 0):
 garbage-first heap   total 155648K, used 98109K [0x0000000080000000, 0x0000000100000000)
  region size 1024K, 47 young (48128K), 2 survivors (2048K)
 Metaspace       used 63252K, capacity 64724K, committed 64932K, reserved 1105920K
  class space    used 7913K, capacity 8435K, committed 8524K, reserved 1048576K
}
Event: 10.616 GC heap after
{Heap after GC invocations=14 (full 0):
 garbage-first heap   total 155648K, used 48701K [0x0000000080000000, 0x0000000100000000)
  region size 1024K, 5 young (5120K), 5 survivors (5120K)
 Metaspace       used 63252K, capacity 64724K, committed 64932K, reserved 1105920K
  class space    used 7913K, capacity 8435K, committed 8524K, reserved 1048576K
}
Event: 11.154 GC heap before
{Heap before GC invocations=15 (full 0):
 garbage-first heap   total 155648K, used 97853K [0x0000000080000000, 0x0000000100000000)
  region size 1024K, 52 young (53248K), 5 survivors (5120K)
 Metaspace       used 66142K, capacity 67569K, committed 67876K, reserved 1107968K
  class space    used 8304K, capacity 8840K, committed 8908K, reserved 1048576K
}
Event: 11.163 GC heap after
{Heap after GC invocations=16 (full 0):
 garbage-first heap   total 155648K, used 52471K [0x0000000080000000, 0x0000000100000000)
  region size 1024K, 4 young (4096K), 4 survivors (4096K)
 Metaspace       used 66142K, capacity 67569K, committed 67876K, reserved 1107968K
  class space    used 8304K, capacity 8840K, committed 8908K, reserved 1048576K
}
Event: 11.605 GC heap before
{Heap before GC invocations=16 (full 0):
 garbage-first heap   total 155648K, used 101623K [0x0000000080000000, 0x0000000100000000)
  region size 1024K, 52 young (53248K), 4 survivors (4096K)
 Metaspace       used 68237K, capacity 69816K, committed 70052K, reserved 1110016K
  class space    used 8559K, capacity 9162K, committed 9292K, reserved 1048576K
}
Event: 11.614 GC heap after
{Heap after GC invocations=17 (full 0):
 garbage-first heap   total 155648K, used 54904K [0x0000000080000000, 0x0000000100000000)
  region size 1024K, 7 young (7168K), 7 survivors (7168K)
 Metaspace       used 68237K, capacity 69816K, committed 70052K, reserved 1110016K
  class space    used 8559K, capacity 9162K, committed 9292K, reserved 1048576K
}

Deoptimization events (20 events):
Event: 10.921 Thread 0x000001d488820000 Uncommon trap: trap_request=0xffffff4d fr.pc=0x000001d4f6c894a4 relative=0x0000000000000204
Event: 10.921 Thread 0x000001d488820000 Uncommon trap: reason=unstable_if action=reinterpret pc=0x000001d4f6c894a4 method=org.objectweb.asm.Label.resolve([BI)Z @ 80 c2
Event: 10.921 Thread 0x000001d488820000 DEOPT PACKING pc=0x000001d4f6c894a4 sp=0x0000008c2d6f5dd0
Event: 10.921 Thread 0x000001d488820000 DEOPT UNPACKING pc=0x000001d4eef5a1af sp=0x0000008c2d6f5d38 mode 2
Event: 11.014 Thread 0x000001d488820000 Uncommon trap: trap_request=0xffffff4d fr.pc=0x000001d4f6a90f9c relative=0x000000000000073c
Event: 11.014 Thread 0x000001d488820000 Uncommon trap: reason=unstable_if action=reinterpret pc=0x000001d4f6a90f9c method=java.lang.AbstractStringBuilder.appendChars(Ljava/lang/CharSequence;II)V @ 43 c2
Event: 11.014 Thread 0x000001d488820000 DEOPT PACKING pc=0x000001d4f6a90f9c sp=0x0000008c2d6f65a0
Event: 11.014 Thread 0x000001d488820000 DEOPT UNPACKING pc=0x000001d4eef5a1af sp=0x0000008c2d6f64d0 mode 2
Event: 11.015 Thread 0x000001d488820000 Uncommon trap: trap_request=0xffffff4d fr.pc=0x000001d4f6a0dd34 relative=0x00000000000001f4
Event: 11.015 Thread 0x000001d488820000 Uncommon trap: reason=unstable_if action=reinterpret pc=0x000001d4f6a0dd34 method=java.lang.AbstractStringBuilder.isLatin1()Z @ 10 c2
Event: 11.015 Thread 0x000001d488820000 DEOPT PACKING pc=0x000001d4f6a0dd34 sp=0x0000008c2d6f6520
Event: 11.015 Thread 0x000001d488820000 DEOPT UNPACKING pc=0x000001d4eef5a1af sp=0x0000008c2d6f6460 mode 2
Event: 11.015 Thread 0x000001d488820000 Uncommon trap: trap_request=0xffffff4d fr.pc=0x000001d4f6a8ffa8 relative=0x00000000000005c8
Event: 11.015 Thread 0x000001d488820000 Uncommon trap: reason=unstable_if action=reinterpret pc=0x000001d4f6a8ffa8 method=java.lang.AbstractStringBuilder.appendChars(Ljava/lang/CharSequence;II)V @ 4 c2
Event: 11.015 Thread 0x000001d488820000 DEOPT PACKING pc=0x000001d4f6a8ffa8 sp=0x0000008c2d6f65b0
Event: 11.015 Thread 0x000001d488820000 DEOPT UNPACKING pc=0x000001d4eef5a1af sp=0x0000008c2d6f6498 mode 2
Event: 11.015 Thread 0x000001d488820000 Uncommon trap: trap_request=0xffffff4d fr.pc=0x000001d4f69ebf54 relative=0x0000000000000034
Event: 11.015 Thread 0x000001d488820000 Uncommon trap: reason=unstable_if action=reinterpret pc=0x000001d4f69ebf54 method=java.lang.StringLatin1.canEncode(I)Z @ 4 c2
Event: 11.015 Thread 0x000001d488820000 DEOPT PACKING pc=0x000001d4f69ebf54 sp=0x0000008c2d6f64a0
Event: 11.015 Thread 0x000001d488820000 DEOPT UNPACKING pc=0x000001d4eef5a1af sp=0x0000008c2d6f6430 mode 2

Classes redefined (0 events):
No events

Internal exceptions (20 events):
Event: 11.298 Thread 0x000001d488820000 Exception <a 'java/lang/ClassNotFoundException'{0x0000000087e37808}: com/android/builder/core/AbstractBuildTypeCustomizer> (0x0000000087e37808) thrown at [./src/hotspot/share/classfile/systemDictionary.cpp, line 231]
Event: 11.299 Thread 0x000001d488820000 Exception <a 'java/lang/ClassNotFoundException'{0x0000000087e71020}: com/android/build/gradle/internal/dsl/BuildTypeCustomizer> (0x0000000087e71020) thrown at [./src/hotspot/share/classfile/systemDictionary.cpp, line 231]
Event: 11.301 Thread 0x000001d488820000 Exception <a 'java/lang/ClassNotFoundException'{0x0000000087d07930}: com/android/build/gradle/internal/dsl/BuildType$AgpDecoratedCustomizer> (0x0000000087d07930) thrown at [./src/hotspot/share/classfile/systemDictionary.cpp, line 231]
Event: 11.302 Thread 0x000001d488820000 Exception <a 'java/lang/ClassNotFoundException'{0x0000000087d69008}: com/android/build/gradle/internal/dsl/BuildType$AgpDecorated_DecoratedCustomizer> (0x0000000087d69008) thrown at [./src/hotspot/share/classfile/systemDictionary.cpp, line 231]
Event: 11.307 Thread 0x000001d488820000 Exception <a 'java/lang/ClassNotFoundException'{0x0000000087c49228}: build_3b13ym925ezx30inl9oy6ntfk$_run_closure1$_closure4BeanInfo> (0x0000000087c49228) thrown at [./src/hotspot/share/classfile/systemDictionary.cpp, line 231]
Event: 11.307 Thread 0x000001d488820000 Exception <a 'java/lang/ClassNotFoundException'{0x0000000087c5b8c0}: build_3b13ym925ezx30inl9oy6ntfk$_run_closure1$_closure4Customizer> (0x0000000087c5b8c0) thrown at [./src/hotspot/share/classfile/systemDictionary.cpp, line 231]
Event: 11.309 Thread 0x000001d488820000 Exception <a 'java/lang/ClassNotFoundException'{0x0000000087c8cb10}: build_3b13ym925ezx30inl9oy6ntfk$_run_closure1BeanInfo> (0x0000000087c8cb10) thrown at [./src/hotspot/share/classfile/systemDictionary.cpp, line 231]
Event: 11.309 Thread 0x000001d488820000 Exception <a 'java/lang/ClassNotFoundException'{0x0000000087c9e970}: build_3b13ym925ezx30inl9oy6ntfk$_run_closure1Customizer> (0x0000000087c9e970) thrown at [./src/hotspot/share/classfile/systemDictionary.cpp, line 231]
Event: 11.321 Thread 0x000001d488820000 Exception <a 'java/lang/ClassNotFoundException'{0x0000000087b03790}: org/gradle/api/JavaVersionBeanInfo> (0x0000000087b03790) thrown at [./src/hotspot/share/classfile/systemDictionary.cpp, line 231]
Event: 11.323 Thread 0x000001d488820000 Exception <a 'java/lang/ClassNotFoundException'{0x0000000087b32610}: org/gradle/api/JavaVersionCustomizer> (0x0000000087b32610) thrown at [./src/hotspot/share/classfile/systemDictionary.cpp, line 231]
Event: 11.327 Thread 0x000001d488820000 Exception <a 'java/lang/ClassNotFoundException'{0x0000000087ba1d78}: com/android/build/gradle/internal/CompileOptions$AgpDecorated_DecoratedBeanInfo> (0x0000000087ba1d78) thrown at [./src/hotspot/share/classfile/systemDictionary.cpp, line 231]
Event: 11.327 Thread 0x000001d488820000 Exception <a 'java/lang/ClassNotFoundException'{0x0000000087bc03b0}: com/android/build/gradle/internal/CompileOptions$AgpDecoratedBeanInfo> (0x0000000087bc03b0) thrown at [./src/hotspot/share/classfile/systemDictionary.cpp, line 231]
Event: 11.328 Thread 0x000001d488820000 Exception <a 'java/lang/ClassNotFoundException'{0x0000000087bdc3f0}: com/android/build/gradle/internal/CompileOptionsBeanInfo> (0x0000000087bdc3f0) thrown at [./src/hotspot/share/classfile/systemDictionary.cpp, line 231]
Event: 11.328 Thread 0x000001d488820000 Exception <a 'java/lang/ClassNotFoundException'{0x0000000087bf8eb0}: com/android/build/gradle/internal/CompileOptionsCustomizer> (0x0000000087bf8eb0) thrown at [./src/hotspot/share/classfile/systemDictionary.cpp, line 231]
Event: 11.329 Thread 0x000001d488820000 Exception <a 'java/lang/ClassNotFoundException'{0x0000000087a23de0}: com/android/build/gradle/internal/CompileOptions$AgpDecoratedCustomizer> (0x0000000087a23de0) thrown at [./src/hotspot/share/classfile/systemDictionary.cpp, line 231]
Event: 11.329 Thread 0x000001d488820000 Exception <a 'java/lang/ClassNotFoundException'{0x0000000087a51408}: com/android/build/gradle/internal/CompileOptions$AgpDecorated_DecoratedCustomizer> (0x0000000087a51408) thrown at [./src/hotspot/share/classfile/systemDictionary.cpp, line 231]
Event: 11.345 Thread 0x000001d488820000 Exception <a 'java/lang/ClassNotFoundException'{0x000000008798fbd0}: org/gradle/api/internal/artifacts/dsl/dependencies/DefaultDependencyHandler_DecoratedBeanInfo> (0x000000008798fbd0) thrown at [./src/hotspot/share/classfile/systemDictionary.cpp, line 231]
Event: 11.348 Thread 0x000001d488820000 Exception <a 'java/lang/ClassNotFoundException'{0x00000000879e0190}: org/gradle/api/internal/artifacts/dsl/dependencies/DefaultDependencyHandlerBeanInfo> (0x00000000879e0190) thrown at [./src/hotspot/share/classfile/systemDictionary.cpp, line 231]
Event: 11.349 Thread 0x000001d488820000 Exception <a 'java/lang/ClassNotFoundException'{0x0000000087830ec0}: org/gradle/api/internal/artifacts/dsl/dependencies/DefaultDependencyHandlerCustomizer> (0x0000000087830ec0) thrown at [./src/hotspot/share/classfile/systemDictionary.cpp, line 231]
Event: 11.351 Thread 0x000001d488820000 Exception <a 'java/lang/ClassNotFoundException'{0x00000000878abb58}: org/gradle/api/internal/artifacts/dsl/dependencies/DefaultDependencyHandler_DecoratedCustomizer> (0x00000000878abb58) thrown at [./src/hotspot/share/classfile/systemDictionary.cpp, line 231]

Events (20 events):
Event: 11.668 loading class com/google/wireless/android/sdk/stats/GradleBuildVariant$DexMergerTool
Event: 11.668 loading class com/google/wireless/android/sdk/stats/GradleBuildVariant$DexMergerTool done
Event: 11.669 loading class com/google/wireless/android/sdk/stats/GradleBuildVariant$DexMergerTool$1
Event: 11.669 loading class com/google/wireless/android/sdk/stats/GradleBuildVariant$DexMergerTool$1 done
Event: 11.670 loading class com/google/common/base/Ascii
Event: 11.670 loading class com/google/common/base/Ascii done
Event: 11.672 loading class com/google/common/base/Verify
Event: 11.672 loading class com/google/common/base/Verify done
Event: 11.674 loading class com/google/common/base/VerifyException
Event: 11.674 loading class com/google/common/base/VerifyException done
Event: 11.678 loading class com/android/build/gradle/internal/profile/AnalyticsUtil$1
Event: 11.678 loading class com/android/build/gradle/internal/profile/AnalyticsUtil$1 done
Event: 11.680 loading class com/google/wireless/android/sdk/stats/TestRun$TestExecution
Event: 11.680 loading class com/google/wireless/android/sdk/stats/TestRun$TestExecution done
Event: 11.685 loading class com/google/wireless/android/sdk/stats/TestRun$TestExecution$1
Event: 11.685 loading class com/google/wireless/android/sdk/stats/TestRun$TestExecution$1 done
Event: 11.686 loading class com/google/wireless/android/sdk/stats/GradleBuildVariant$Java8LangSupport
Event: 11.686 loading class com/google/wireless/android/sdk/stats/GradleBuildVariant$Java8LangSupport done
Event: 11.688 loading class com/google/wireless/android/sdk/stats/GradleBuildVariant$Java8LangSupport$1
Event: 11.688 loading class com/google/wireless/android/sdk/stats/GradleBuildVariant$Java8LangSupport$1 done


Dynamic libraries:
0x00007ff608aa0000 - 0x00007ff608aaa000 	C:\Program Files\Android\Android Studio\jre\bin\java.exe
0x00007ffec48b0000 - 0x00007ffec4ac4000 	C:\WINDOWS\SYSTEM32\ntdll.dll
0x00007ffec2a10000 - 0x00007ffec2ad4000 	C:\WINDOWS\System32\KERNEL32.DLL
0x00007ffec1c90000 - 0x00007ffec2034000 	C:\WINDOWS\System32\KERNELBASE.dll
0x00007ffec23b0000 - 0x00007ffec24c1000 	C:\WINDOWS\System32\ucrtbase.dll
0x00007ffea8ff0000 - 0x00007ffea9009000 	C:\Program Files\Android\Android Studio\jre\bin\jli.dll
0x00007ffea1170000 - 0x00007ffea1187000 	C:\Program Files\Android\Android Studio\jre\bin\VCRUNTIME140.dll
0x00007ffec3130000 - 0x00007ffec32da000 	C:\WINDOWS\System32\USER32.dll
0x00007ffec2100000 - 0x00007ffec2126000 	C:\WINDOWS\System32\win32u.dll
0x00007ffec2810000 - 0x00007ffec2839000 	C:\WINDOWS\System32\GDI32.dll
0x00007ffea7430000 - 0x00007ffea76bf000 	C:\WINDOWS\WinSxS\amd64_microsoft.windows.common-controls_6595b64144ccf1df_6.0.22621.2070_none_2713e6537381f706\COMCTL32.dll
0x00007ffec24d0000 - 0x00007ffec25e9000 	C:\WINDOWS\System32\gdi32full.dll
0x00007ffec21a0000 - 0x00007ffec223a000 	C:\WINDOWS\System32\msvcp_win.dll
0x00007ffec2fd0000 - 0x00007ffec3077000 	C:\WINDOWS\System32\msvcrt.dll
0x00007ffec3b90000 - 0x00007ffec3bc1000 	C:\WINDOWS\System32\IMM32.DLL
0x00007ffe8a150000 - 0x00007ffe8a1ed000 	C:\Program Files\Android\Android Studio\jre\bin\msvcp140.dll
0x00007ffe46190000 - 0x00007ffe46c92000 	C:\Program Files\Android\Android Studio\jre\bin\server\jvm.dll
0x00007ffec4410000 - 0x00007ffec44c0000 	C:\WINDOWS\System32\ADVAPI32.dll
0x00007ffec3080000 - 0x00007ffec3126000 	C:\WINDOWS\System32\sechost.dll
0x00007ffec4270000 - 0x00007ffec4387000 	C:\WINDOWS\System32\RPCRT4.dll
0x00007ffec29a0000 - 0x00007ffec29a8000 	C:\WINDOWS\System32\PSAPI.DLL
0x00007ffeb6500000 - 0x00007ffeb6534000 	C:\WINDOWS\SYSTEM32\WINMM.dll
0x00007ffeb5d80000 - 0x00007ffeb5d8a000 	C:\WINDOWS\SYSTEM32\VERSION.dll
0x00007ffeb6990000 - 0x00007ffeb6999000 	C:\WINDOWS\SYSTEM32\WSOCK32.dll
0x00007ffec2c70000 - 0x00007ffec2ce1000 	C:\WINDOWS\System32\ws2_32.DLL
0x00007ffec0dc0000 - 0x00007ffec0dd8000 	C:\WINDOWS\SYSTEM32\kernel.appcore.dll
0x00007ffeb6970000 - 0x00007ffeb6981000 	C:\Program Files\Android\Android Studio\jre\bin\verify.dll
0x00007ffebf670000 - 0x00007ffebf89e000 	C:\WINDOWS\SYSTEM32\DBGHELP.DLL
0x00007ffec44c0000 - 0x00007ffec484a000 	C:\WINDOWS\System32\combase.dll
0x00007ffec2840000 - 0x00007ffec2917000 	C:\WINDOWS\System32\OLEAUT32.dll
0x00007ffeb1640000 - 0x00007ffeb1672000 	C:\WINDOWS\SYSTEM32\dbgcore.DLL
0x00007ffec25f0000 - 0x00007ffec266a000 	C:\WINDOWS\System32\bcryptPrimitives.dll
0x00007ffeb6940000 - 0x00007ffeb6969000 	C:\Program Files\Android\Android Studio\jre\bin\java.dll
0x00007ffeb6930000 - 0x00007ffeb693b000 	C:\Program Files\Android\Android Studio\jre\bin\jimage.dll
0x00007ffeb6910000 - 0x00007ffeb6928000 	C:\Program Files\Android\Android Studio\jre\bin\zip.dll
0x00007ffec3370000 - 0x00007ffec3b86000 	C:\WINDOWS\System32\SHELL32.dll
0x00007ffebfc60000 - 0x00007ffec054a000 	C:\WINDOWS\SYSTEM32\windows.storage.dll
0x00007ffebfb20000 - 0x00007ffebfc5e000 	C:\WINDOWS\SYSTEM32\wintypes.dll
0x00007ffec2da0000 - 0x00007ffec2e93000 	C:\WINDOWS\System32\SHCORE.dll
0x00007ffec29b0000 - 0x00007ffec2a0e000 	C:\WINDOWS\System32\shlwapi.dll
0x00007ffec1bc0000 - 0x00007ffec1be6000 	C:\WINDOWS\SYSTEM32\profapi.dll
0x00007ffeb68f0000 - 0x00007ffeb690a000 	C:\Program Files\Android\Android Studio\jre\bin\net.dll
0x00007ffeb8870000 - 0x00007ffeb89a7000 	C:\WINDOWS\SYSTEM32\WINHTTP.dll
0x00007ffec1240000 - 0x00007ffec12a9000 	C:\WINDOWS\system32\mswsock.dll
0x00007ffeb68d0000 - 0x00007ffeb68e4000 	C:\Program Files\Android\Android Studio\jre\bin\nio.dll
0x00007ffe7d850000 - 0x00007ffe7d877000 	C:\Users\DELL\.gradle\native\e1d6ef7f7dcc3fd88c89a11ec53ec762bb8ba0a96d01ffa2cd45eb1d1d8dd5c5\windows-amd64\native-platform.dll
0x00007ffe7ae90000 - 0x00007ffe7afd4000 	C:\Users\DELL\.gradle\native\0d407fdbe67a94daf76414ababcb853783967236a71b16ec16e742cd7a986fd3\windows-amd64\native-platform-file-events.dll
0x00007ffeb67b0000 - 0x00007ffeb67ba000 	C:\Program Files\Android\Android Studio\jre\bin\management.dll
0x00007ffea11f0000 - 0x00007ffea11fd000 	C:\Program Files\Android\Android Studio\jre\bin\management_ext.dll
0x00007ffec1490000 - 0x00007ffec14ab000 	C:\WINDOWS\SYSTEM32\CRYPTSP.dll
0x00007ffec0d30000 - 0x00007ffec0d65000 	C:\WINDOWS\system32\rsaenh.dll
0x00007ffec1330000 - 0x00007ffec135c000 	C:\WINDOWS\SYSTEM32\USERENV.dll
0x00007ffec1630000 - 0x00007ffec1658000 	C:\WINDOWS\SYSTEM32\bcrypt.dll
0x00007ffec14b0000 - 0x00007ffec14bc000 	C:\WINDOWS\SYSTEM32\CRYPTBASE.dll
0x00007ffec08b0000 - 0x00007ffec08dd000 	C:\WINDOWS\SYSTEM32\IPHLPAPI.DLL
0x00007ffec2fc0000 - 0x00007ffec2fc9000 	C:\WINDOWS\System32\NSI.dll
0x00007ffeb73b0000 - 0x00007ffeb73c9000 	C:\WINDOWS\SYSTEM32\dhcpcsvc6.DLL
0x00007ffeb7390000 - 0x00007ffeb73af000 	C:\WINDOWS\SYSTEM32\dhcpcsvc.DLL
0x00007ffec08e0000 - 0x00007ffec09d3000 	C:\WINDOWS\SYSTEM32\DNSAPI.dll

dbghelp: loaded successfully - version: 4.0.5 - missing functions: none
symbol engine: initialized successfully - sym options: 0x614 - pdb path: .;C:\Program Files\Android\Android Studio\jre\bin;C:\WINDOWS\SYSTEM32;C:\WINDOWS\WinSxS\amd64_microsoft.windows.common-controls_6595b64144ccf1df_6.0.22621.2070_none_2713e6537381f706;C:\Program Files\Android\Android Studio\jre\bin\server;C:\Users\DELL\.gradle\native\e1d6ef7f7dcc3fd88c89a11ec53ec762bb8ba0a96d01ffa2cd45eb1d1d8dd5c5\windows-amd64;C:\Users\DELL\.gradle\native\0d407fdbe67a94daf76414ababcb853783967236a71b16ec16e742cd7a986fd3\windows-amd64

VM Arguments:
jvm_args: --add-opens=java.base/java.util=ALL-UNNAMED --add-opens=java.base/java.lang=ALL-UNNAMED --add-opens=java.base/java.lang.invoke=ALL-UNNAMED --add-opens=java.base/java.util=ALL-UNNAMED --add-opens=java.prefs/java.util.prefs=ALL-UNNAMED --add-opens=java.prefs/java.util.prefs=ALL-UNNAMED --add-opens=java.base/java.nio.charset=ALL-UNNAMED --add-opens=java.base/java.net=ALL-UNNAMED --add-opens=java.base/java.util.concurrent.atomic=ALL-UNNAMED -Xmx2048m -Dfile.encoding=UTF-8 -Duser.country=US -Duser.language=en -Duser.variant 
java_command: org.gradle.launcher.daemon.bootstrap.GradleDaemon 7.4
java_class_path (initial): C:\Users\DELL\.gradle\wrapper\dists\gradle-7.4-bin\c0gwcg53nkjbqw7r0h0umtfvt\gradle-7.4\lib\gradle-launcher-7.4.jar
Launcher Type: SUN_STANDARD

[Global flags]
     intx CICompilerCount                          = 4                                         {product} {ergonomic}
     uint ConcGCThreads                            = 3                                         {product} {ergonomic}
     uint G1ConcRefinementThreads                  = 10                                        {product} {ergonomic}
   size_t G1HeapRegionSize                         = 1048576                                   {product} {ergonomic}
    uintx GCDrainStackTargetSize                   = 64                                        {product} {ergonomic}
   size_t InitialHeapSize                          = 132120576                                 {product} {ergonomic}
   size_t MarkStackSize                            = 4194304                                   {product} {ergonomic}
   size_t MaxHeapSize                              = 2147483648                                {product} {command line}
   size_t MaxNewSize                               = 1287651328                                {product} {ergonomic}
   size_t MinHeapDeltaBytes                        = 1048576                                   {product} {ergonomic}
    uintx NonNMethodCodeHeapSize                   = 5836300                                {pd product} {ergonomic}
    uintx NonProfiledCodeHeapSize                  = 122910970                              {pd product} {ergonomic}
    uintx ProfiledCodeHeapSize                     = 122910970                              {pd product} {ergonomic}
    uintx ReservedCodeCacheSize                    = 251658240                              {pd product} {ergonomic}
     bool SegmentedCodeCache                       = true                                      {product} {ergonomic}
     bool UseCompressedClassPointers               = true                                 {lp64_product} {ergonomic}
     bool UseCompressedOops                        = true                                 {lp64_product} {ergonomic}
     bool UseG1GC                                  = true                                      {product} {ergonomic}
     bool UseLargePagesIndividualAllocation        = false                                  {pd product} {ergonomic}

Logging:
Log output configuration:
 #0: stdout all=warning uptime,level,tags
 #1: stderr all=off uptime,level,tags

Environment Variables:
PATH=C:\Program Files\Eclipse Adoptium\jdk-17.0.6.10-hotspot\bin;C:\Program Files (x86)\Common Files\Oracle\Java\javapath;C:\Windows\system32;C:\Windows;C:\Windows\System32\Wbem;C:\Windows\System32\WindowsPowerShell\v1.0\;C:\Windows\System32\OpenSSH\;C:\Program Files (x86)\NVIDIA Corporation\PhysX\Common;C:\Program Files\NVIDIA Corporation\NVIDIA NvDLISR;C:\WINDOWS\system32;C:\WINDOWS;C:\WINDOWS\System32\Wbem;C:\WINDOWS\System32\WindowsPowerShell\v1.0\;C:\WINDOWS\System32\OpenSSH\;C:\Program Files\Azure Data Studio\bin;D:\Git\cmd;C:\Users\DELL\AppData\Local\Microsoft\WindowsApps;C:\Users\DELL\AppData\Local\Programs\Microsoft VS Code\bin;C:\Program Files\JetBrains\PyCharm Community Edition 2022.2.2\bin;;C:\Program Files\JetBrains\IntelliJ IDEA Community Edition 2022.3.2\bin;;C:\Users\DELL\Downloads\dart-sdk\bin;C:\Users\DELL\Downloads\flutter\bin;C:\Program Files\Azure Data Studio\bin;C:\Users\DELL\AppData\Local\GitHubDesktop\bin
USERNAME=DELL
OS=Windows_NT
PROCESSOR_IDENTIFIER=Intel64 Family 6 Model 165 Stepping 2, GenuineIntel



---------------  S Y S T E M  ---------------

OS: Windows 11 , 64 bit Build 22621 (10.0.22621.2070)
OS uptime: 0 days 4:32 hours

CPU:total 12 (initial active 12) (6 cores per cpu, 2 threads per core) family 6 model 165 stepping 2 microcode 0xf4, cmov, cx8, fxsr, mmx, sse, sse2, sse3, ssse3, sse4.1, sse4.2, popcnt, avx, avx2, aes, clmul, erms, 3dnowpref, lzcnt, ht, tsc, tscinvbit, bmi1, bmi2, adx, fma

Memory: 4k page, system-wide physical 7967M (238M free)
TotalPageFile size 16159M (AvailPageFile size 6M)
current process WorkingSet (physical memory assigned to process): 351M, peak: 351M
current process commit charge ("private bytes"): 395M, peak: 396M

vm_info: OpenJDK 64-Bit Server VM (11.0.13+0-b1751.21-8125866) for windows-amd64 JRE (11.0.13+0-b1751.21-8125866), built on Feb  2 2022 03:00:22 by "builder" with MS VC++ 14.0 (VS2015)

END.
