#
# There is insufficient memory for the Java Runtime Environment to continue.
# Native memory allocation (malloc) failed to allocate 2084336 bytes for Chunk::new
# Possible reasons:
#   The system is out of physical RAM or swap space
#   The process is running with CompressedOops enabled, and the Java Heap may be blocking the growth of the native heap
# Possible solutions:
#   Reduce memory load on the system
#   Increase physical memory or swap space
#   Check if swap backing store is full
#   Decrease Java heap size (-Xmx/-Xms)
#   Decrease number of Java threads
#   Decrease Java thread stack sizes (-Xss)
#   Set larger code cache with -XX:ReservedCodeCacheSize=
#   JVM is running with Unscaled Compressed Oops mode in which the Java heap is
#     placed in the first 4GB address space. The Java Heap base address is the
#     maximum limit for the native heap growth. Please use -XX:HeapBaseMinAddress
#     to set the Java Heap base and to place the Java Heap above 4GB virtual address.
# This output file may be truncated or incomplete.
#
#  Out of Memory Error (./src/hotspot/share/memory/arena.cpp:197), pid=2580, tid=11272
#
# JRE version: OpenJDK Runtime Environment (11.0.13) (build 11.0.13+0-b1751.21-8125866)
# Java VM: OpenJDK 64-Bit Server VM (11.0.13+0-b1751.21-8125866, mixed mode, tiered, compressed oops, g1 gc, windows-amd64)
# No core dump will be written. Minidumps are not enabled by default on client versions of Windows
#

---------------  S U M M A R Y ------------

Command Line: --add-opens=java.base/java.util=ALL-UNNAMED --add-opens=java.base/java.lang=ALL-UNNAMED --add-opens=java.base/java.lang.invoke=ALL-UNNAMED --add-opens=java.base/java.util=ALL-UNNAMED --add-opens=java.prefs/java.util.prefs=ALL-UNNAMED --add-opens=java.prefs/java.util.prefs=ALL-UNNAMED --add-opens=java.base/java.nio.charset=ALL-UNNAMED --add-opens=java.base/java.net=ALL-UNNAMED --add-opens=java.base/java.util.concurrent.atomic=ALL-UNNAMED -Xmx2048m -Dfile.encoding=UTF-8 -Duser.country=US -Duser.language=en -Duser.variant org.gradle.launcher.daemon.bootstrap.GradleDaemon 7.4

Host: Intel(R) Core(TM) i5-10500H CPU @ 2.50GHz, 12 cores, 7G,  Windows 11 , 64 bit Build 22621 (10.0.22621.2070)
Time: Sat Aug 19 19:17:07 2023 Egypt Daylight Time elapsed time: 9.321013 seconds (0d 0h 0m 9s)

---------------  T H R E A D  ---------------

Current thread (0x00000213b8ba2800):  JavaThread "C2 CompilerThread0" daemon [_thread_in_native, id=11272, stack(0x00000090f0900000,0x00000090f0a00000)]


Current CompileTask:
C2:   9321 6644   !   4       jdk.internal.loader.Resource::getBytes (242 bytes)

Stack: [0x00000090f0900000,0x00000090f0a00000]
Native frames: (J=compiled Java code, j=interpreted, Vv=VM code, C=native code)
V  [jvm.dll+0x6100fa]
V  [jvm.dll+0x747090]
V  [jvm.dll+0x7486ad]
V  [jvm.dll+0x748d83]
V  [jvm.dll+0x24ab48]
V  [jvm.dll+0xc04dc]
V  [jvm.dll+0xc0a0c]
V  [jvm.dll+0x35eb9d]
V  [jvm.dll+0x32b833]
V  [jvm.dll+0x32ad2a]
V  [jvm.dll+0x2032b2]
V  [jvm.dll+0x202437]
V  [jvm.dll+0x188e01]
V  [jvm.dll+0x21106b]
V  [jvm.dll+0x20f8c1]
V  [jvm.dll+0x70de0f]
V  [jvm.dll+0x706a75]
V  [jvm.dll+0x60ed66]
C  [ucrtbase.dll+0x29363]
C  [KERNEL32.DLL+0x126ad]
C  [ntdll.dll+0x5aa68]


---------------  P R O C E S S  ---------------

Threads class SMR info:
_java_thread_list=0x00000213bffef130, length=166, elements={
0x000002139e29b000, 0x00000213b93b1800, 0x00000213b93bb800, 0x00000213b8b94000,
0x00000213b8b95000, 0x00000213b8b98800, 0x00000213b8ba2800, 0x00000213b9406000,
0x00000213b9408000, 0x00000213b9561800, 0x00000213baaf4800, 0x00000213bafe6000,
0x00000213bb770800, 0x00000213ba9a4800, 0x00000213ba9a5800, 0x00000213bb398000,
0x00000213bb399000, 0x00000213bb78e800, 0x00000213bb38a800, 0x00000213bb78a800,
0x00000213bb786800, 0x00000213bb78d000, 0x00000213bb78b000, 0x00000213bb787000,
0x00000213bb788000, 0x00000213bb78c000, 0x00000213bb788800, 0x00000213bb789800,
0x00000213bbdc4000, 0x00000213bbdc5000, 0x00000213bbdc1800, 0x00000213bbdc2800,
0x00000213bbdc3800, 0x00000213bbdc1000, 0x00000213bbdc0000, 0x00000213ba625000,
0x00000213ba623000, 0x00000213ba627000, 0x00000213ba621000, 0x00000213ba622000,
0x00000213ba627800, 0x00000213ba623800, 0x00000213ba628800, 0x00000213ba629800,
0x00000213ba62a000, 0x00000213ba626000, 0x00000213ba624800, 0x00000213ba62d800,
0x00000213ba630000, 0x00000213ba62b000, 0x00000213ba62f000, 0x00000213ba62c000,
0x00000213ba62c800, 0x00000213ba62e000, 0x00000213ba2f2800, 0x00000213ba2f3800,
0x00000213ba2ee800, 0x00000213ba2f2000, 0x00000213ba2f4000, 0x00000213ba2f1000,
0x00000213ba2f5000, 0x00000213ba2ef800, 0x00000213ba2f6000, 0x00000213ba2f0000,
0x00000213ba2f8800, 0x00000213ba2f6800, 0x00000213ba2fc800, 0x00000213ba2f9000,
0x00000213ba2fa000, 0x00000213ba2fd000, 0x00000213ba2fa800, 0x00000213ba2f7800,
0x00000213ba2fb800, 0x00000213bfa7e800, 0x00000213bfa80800, 0x00000213bfa7f800,
0x00000213bfa81000, 0x00000213bfa7b800, 0x00000213bfa82000, 0x00000213bfa7e000,
0x00000213bfa7c000, 0x00000213bfa7d000, 0x00000213bfafd000, 0x00000213bfaf8000,
0x00000213bfaf8800, 0x00000213bfafd800, 0x00000213bfafe800, 0x00000213bfaf9800,
0x00000213bfafa800, 0x00000213bfafc000, 0x00000213bfafb000, 0x00000213bfc21800,
0x00000213bfc21000, 0x00000213bfc26000, 0x00000213bfc24000, 0x00000213bfc25000,
0x00000213bfc22800, 0x00000213bfc23800, 0x00000213bfc20000, 0x00000213bfc2a000,
0x00000213bfc26800, 0x00000213bfc2a800, 0x00000213bfc29000, 0x00000213bfc28800,
0x00000213bfc2b800, 0x00000213bfc2c800, 0x00000213bfc2d000, 0x00000213bfc27800,
0x00000213bfc2f000, 0x00000213bfc2e000, 0x00000213bfc6f000, 0x00000213bfc70800,
0x00000213bfc6d000, 0x00000213bfc6f800, 0x00000213bfc73000, 0x00000213bfc73800,
0x00000213bfc71000, 0x00000213bfc6e000, 0x00000213bfc74800, 0x00000213bfc76000,
0x00000213bfc77000, 0x00000213bfc77800, 0x00000213bfc72000, 0x00000213bfc7a000,
0x00000213bfc78800, 0x00000213bfc79800, 0x00000213bfc7b000, 0x00000213bfc75800,
0x00000213bfc7c000, 0x00000213bfcca000, 0x00000213bfcc7800, 0x00000213bfcc6800,
0x00000213bfcc8000, 0x00000213bfcc6000, 0x00000213bfcc4000, 0x00000213bfcca800,
0x00000213bfcc9000, 0x00000213bfcc5000, 0x00000213bfccf800, 0x00000213bfcd0800,
0x00000213bfcce000, 0x00000213bfccd000, 0x00000213bfccc800, 0x00000213bfcd1000,
0x00000213bfccf000, 0x00000213bfccb800, 0x00000213bfcd2000, 0x00000213bfcd3000,
0x00000213bfce8800, 0x00000213bfce7800, 0x00000213bfce3800, 0x00000213bfce2800,
0x00000213bfce9000, 0x00000213bfce6000, 0x00000213bfce4800, 0x00000213bfce5000,
0x00000213bfce7000, 0x00000213bb8ae800, 0x00000213bb8b0800, 0x00000213bb8af800,
0x00000213bb8ad000, 0x00000213bb8ac800, 0x00000213bb8b1000, 0x00000213bb8ae000,
0x00000213bb8b2000, 0x00000213bb8b3000
}

Java Threads: ( => current thread )
  0x000002139e29b000 JavaThread "main" [_thread_blocked, id=8272, stack(0x00000090efd00000,0x00000090efe00000)]
  0x00000213b93b1800 JavaThread "Reference Handler" daemon [_thread_blocked, id=20724, stack(0x00000090f0400000,0x00000090f0500000)]
  0x00000213b93bb800 JavaThread "Finalizer" daemon [_thread_blocked, id=18116, stack(0x00000090f0500000,0x00000090f0600000)]
  0x00000213b8b94000 JavaThread "Signal Dispatcher" daemon [_thread_blocked, id=5240, stack(0x00000090f0600000,0x00000090f0700000)]
  0x00000213b8b95000 JavaThread "Attach Listener" daemon [_thread_blocked, id=3512, stack(0x00000090f0700000,0x00000090f0800000)]
  0x00000213b8b98800 JavaThread "Service Thread" daemon [_thread_blocked, id=7784, stack(0x00000090f0800000,0x00000090f0900000)]
=>0x00000213b8ba2800 JavaThread "C2 CompilerThread0" daemon [_thread_in_native, id=11272, stack(0x00000090f0900000,0x00000090f0a00000)]
  0x00000213b9406000 JavaThread "C1 CompilerThread0" daemon [_thread_blocked, id=2684, stack(0x00000090f0a00000,0x00000090f0b00000)]
  0x00000213b9408000 JavaThread "Sweeper thread" daemon [_thread_blocked, id=11328, stack(0x00000090f0b00000,0x00000090f0c00000)]
  0x00000213b9561800 JavaThread "Common-Cleaner" daemon [_thread_blocked, id=9920, stack(0x00000090f0c00000,0x00000090f0d00000)]
  0x00000213baaf4800 JavaThread "Daemon health stats" [_thread_blocked, id=11964, stack(0x00000090f1000000,0x00000090f1100000)]
  0x00000213bafe6000 JavaThread "Incoming local TCP Connector on port 53411" [_thread_in_native, id=17484, stack(0x00000090f1100000,0x00000090f1200000)]
  0x00000213bb770800 JavaThread "Daemon periodic checks" [_thread_blocked, id=8912, stack(0x00000090f1200000,0x00000090f1300000)]
  0x00000213ba9a4800 JavaThread "Daemon" [_thread_blocked, id=17936, stack(0x00000090f1300000,0x00000090f1400000)]
  0x00000213ba9a5800 JavaThread "Handler for socket connection from /127.0.0.1:53411 to /127.0.0.1:53412" [_thread_in_native, id=18720, stack(0x00000090f1400000,0x00000090f1500000)]
  0x00000213bb398000 JavaThread "Cancel handler" [_thread_blocked, id=10548, stack(0x00000090f1500000,0x00000090f1600000)]
  0x00000213bb399000 JavaThread "Daemon worker" [_thread_in_vm, id=21028, stack(0x00000090f1600000,0x00000090f1700000)]
  0x00000213bb78e800 JavaThread "Asynchronous log dispatcher for DefaultDaemonConnection: socket connection from /127.0.0.1:53411 to /127.0.0.1:53412" [_thread_blocked, id=1588, stack(0x00000090f1700000,0x00000090f1800000)]
  0x00000213bb38a800 JavaThread "Stdin handler" [_thread_blocked, id=3016, stack(0x00000090f1800000,0x00000090f1900000)]
  0x00000213bb78a800 JavaThread "Daemon client event forwarder" [_thread_blocked, id=12444, stack(0x00000090f1900000,0x00000090f1a00000)]
  0x00000213bb786800 JavaThread "Cache worker for journal cache (C:\Users\DELL\.gradle\caches\journal-1)" [_thread_blocked, id=7172, stack(0x00000090f2100000,0x00000090f2200000)]
  0x00000213bb78d000 JavaThread "File lock request listener" [_thread_in_native, id=10540, stack(0x00000090f2200000,0x00000090f2300000)]
  0x00000213bb78b000 JavaThread "Cache worker for file hash cache (C:\Users\DELL\.gradle\caches\7.4\fileHashes)" [_thread_blocked, id=20628, stack(0x00000090f2300000,0x00000090f2400000)]
  0x00000213bb787000 JavaThread "File watcher server" daemon [_thread_in_native, id=4584, stack(0x00000090f2600000,0x00000090f2700000)]
  0x00000213bb788000 JavaThread "File watcher consumer" daemon [_thread_blocked, id=2120, stack(0x00000090f2700000,0x00000090f2800000)]
  0x00000213bb78c000 JavaThread "Cache worker for checksums cache (D:\Task_android3\.gradle\7.4\checksums)" [_thread_blocked, id=16516, stack(0x00000090f2800000,0x00000090f2900000)]
  0x00000213bb788800 JavaThread "Cache worker for cache directory md-rule (C:\Users\DELL\.gradle\caches\7.4\md-rule)" [_thread_blocked, id=3956, stack(0x00000090f2900000,0x00000090f2a00000)]
  0x00000213bb789800 JavaThread "Cache worker for file hash cache (D:\Task_android3\.gradle\7.4\fileHashes)" [_thread_blocked, id=20644, stack(0x00000090f2a00000,0x00000090f2b00000)]
  0x00000213bbdc4000 JavaThread "Cache worker for cache directory md-supplier (C:\Users\DELL\.gradle\caches\7.4\md-supplier)" [_thread_blocked, id=11432, stack(0x00000090f2b00000,0x00000090f2c00000)]
  0x00000213bbdc5000 JavaThread "Cache worker for execution history cache (C:\Users\DELL\.gradle\caches\7.4\executionHistory)" [_thread_blocked, id=8120, stack(0x00000090f2c00000,0x00000090f2d00000)]
  0x00000213bbdc1800 JavaThread "jar transforms" [_thread_blocked, id=11628, stack(0x00000090f2d00000,0x00000090f2e00000)]
  0x00000213bbdc2800 JavaThread "Cache worker for file content cache (C:\Users\DELL\.gradle\caches\7.4\fileContent)" [_thread_blocked, id=11396, stack(0x00000090f2e00000,0x00000090f2f00000)]
  0x00000213bbdc3800 JavaThread "jar transforms Thread 2" [_thread_blocked, id=15784, stack(0x00000090f2f00000,0x00000090f3000000)]
  0x00000213bbdc1000 JavaThread "Cache worker for dependencies-accessors (D:\Task_android3\.gradle\7.4\dependencies-accessors)" [_thread_blocked, id=11532, stack(0x00000090f3000000,0x00000090f3100000)]
  0x00000213bbdc0000 JavaThread "jar transforms Thread 3" [_thread_blocked, id=14896, stack(0x00000090f3100000,0x00000090f3200000)]
  0x00000213ba625000 JavaThread "Cache worker for Build Output Cleanup Cache (D:\Task_android3\.gradle\buildOutputCleanup)" [_thread_blocked, id=21372, stack(0x00000090f3200000,0x00000090f3300000)]
  0x00000213ba623000 JavaThread "Unconstrained build operations" [_thread_blocked, id=2640, stack(0x00000090f3300000,0x00000090f3400000)]
  0x00000213ba627000 JavaThread "Unconstrained build operations Thread 2" [_thread_blocked, id=11404, stack(0x00000090f3400000,0x00000090f3500000)]
  0x00000213ba621000 JavaThread "Unconstrained build operations Thread 3" [_thread_blocked, id=6444, stack(0x00000090f3500000,0x00000090f3600000)]
  0x00000213ba622000 JavaThread "Unconstrained build operations Thread 4" [_thread_blocked, id=11492, stack(0x00000090f3600000,0x00000090f3700000)]
  0x00000213ba627800 JavaThread "Unconstrained build operations Thread 5" [_thread_blocked, id=12744, stack(0x00000090f3700000,0x00000090f3800000)]
  0x00000213ba623800 JavaThread "Unconstrained build operations Thread 6" [_thread_blocked, id=2832, stack(0x00000090f3800000,0x00000090f3900000)]
  0x00000213ba628800 JavaThread "Unconstrained build operations Thread 7" [_thread_blocked, id=9804, stack(0x00000090f3900000,0x00000090f3a00000)]
  0x00000213ba629800 JavaThread "Unconstrained build operations Thread 8" [_thread_blocked, id=1992, stack(0x00000090f3a00000,0x00000090f3b00000)]
  0x00000213ba62a000 JavaThread "Unconstrained build operations Thread 9" [_thread_blocked, id=20816, stack(0x00000090f3b00000,0x00000090f3c00000)]
  0x00000213ba626000 JavaThread "Unconstrained build operations Thread 10" [_thread_blocked, id=6196, stack(0x00000090f3c00000,0x00000090f3d00000)]
  0x00000213ba624800 JavaThread "Unconstrained build operations Thread 11" [_thread_blocked, id=5416, stack(0x00000090f3d00000,0x00000090f3e00000)]
  0x00000213ba62d800 JavaThread "Unconstrained build operations Thread 12" [_thread_blocked, id=11368, stack(0x00000090f3e00000,0x00000090f3f00000)]
  0x00000213ba630000 JavaThread "Unconstrained build operations Thread 13" [_thread_blocked, id=17728, stack(0x00000090f3f00000,0x00000090f4000000)]
  0x00000213ba62b000 JavaThread "Unconstrained build operations Thread 14" [_thread_blocked, id=4120, stack(0x00000090f4000000,0x00000090f4100000)]
  0x00000213ba62f000 JavaThread "Unconstrained build operations Thread 15" [_thread_blocked, id=19684, stack(0x00000090f4100000,0x00000090f4200000)]
  0x00000213ba62c000 JavaThread "Unconstrained build operations Thread 16" [_thread_blocked, id=8504, stack(0x00000090f4200000,0x00000090f4300000)]
  0x00000213ba62c800 JavaThread "Unconstrained build operations Thread 17" [_thread_blocked, id=508, stack(0x00000090f4300000,0x00000090f4400000)]
  0x00000213ba62e000 JavaThread "Unconstrained build operations Thread 18" [_thread_blocked, id=16312, stack(0x00000090f4400000,0x00000090f4500000)]
  0x00000213ba2f2800 JavaThread "Unconstrained build operations Thread 19" [_thread_blocked, id=21200, stack(0x00000090f4500000,0x00000090f4600000)]
  0x00000213ba2f3800 JavaThread "Unconstrained build operations Thread 20" [_thread_blocked, id=4944, stack(0x00000090f4600000,0x00000090f4700000)]
  0x00000213ba2ee800 JavaThread "Unconstrained build operations Thread 21" [_thread_blocked, id=21424, stack(0x00000090f4700000,0x00000090f4800000)]
  0x00000213ba2f2000 JavaThread "Unconstrained build operations Thread 22" [_thread_blocked, id=15896, stack(0x00000090f4800000,0x00000090f4900000)]
  0x00000213ba2f4000 JavaThread "Unconstrained build operations Thread 23" [_thread_blocked, id=2456, stack(0x00000090f4900000,0x00000090f4a00000)]
  0x00000213ba2f1000 JavaThread "Unconstrained build operations Thread 24" [_thread_blocked, id=2984, stack(0x00000090f4a00000,0x00000090f4b00000)]
  0x00000213ba2f5000 JavaThread "Unconstrained build operations Thread 25" [_thread_blocked, id=2972, stack(0x00000090f4b00000,0x00000090f4c00000)]
  0x00000213ba2ef800 JavaThread "Unconstrained build operations Thread 26" [_thread_blocked, id=11132, stack(0x00000090f4c00000,0x00000090f4d00000)]
  0x00000213ba2f6000 JavaThread "Unconstrained build operations Thread 27" [_thread_blocked, id=12044, stack(0x00000090f4d00000,0x00000090f4e00000)]
  0x00000213ba2f0000 JavaThread "Unconstrained build operations Thread 28" [_thread_blocked, id=18344, stack(0x00000090f4e00000,0x00000090f4f00000)]
  0x00000213ba2f8800 JavaThread "Unconstrained build operations Thread 29" [_thread_blocked, id=17988, stack(0x00000090f4f00000,0x00000090f5000000)]
  0x00000213ba2f6800 JavaThread "Unconstrained build operations Thread 30" [_thread_blocked, id=13784, stack(0x00000090f5000000,0x00000090f5100000)]
  0x00000213ba2fc800 JavaThread "Unconstrained build operations Thread 31" [_thread_blocked, id=15508, stack(0x00000090f5100000,0x00000090f5200000)]
  0x00000213ba2f9000 JavaThread "Unconstrained build operations Thread 32" [_thread_blocked, id=15684, stack(0x00000090f5200000,0x00000090f5300000)]
  0x00000213ba2fa000 JavaThread "Unconstrained build operations Thread 33" [_thread_blocked, id=14812, stack(0x00000090f5300000,0x00000090f5400000)]
  0x00000213ba2fd000 JavaThread "Unconstrained build operations Thread 34" [_thread_blocked, id=21384, stack(0x00000090f5400000,0x00000090f5500000)]
  0x00000213ba2fa800 JavaThread "Unconstrained build operations Thread 35" [_thread_blocked, id=18280, stack(0x00000090f5500000,0x00000090f5600000)]
  0x00000213ba2f7800 JavaThread "Unconstrained build operations Thread 36" [_thread_blocked, id=3864, stack(0x00000090f5600000,0x00000090f5700000)]
  0x00000213ba2fb800 JavaThread "Unconstrained build operations Thread 37" [_thread_blocked, id=2696, stack(0x00000090f5700000,0x00000090f5800000)]
  0x00000213bfa7e800 JavaThread "Unconstrained build operations Thread 38" [_thread_blocked, id=9048, stack(0x00000090f5800000,0x00000090f5900000)]
  0x00000213bfa80800 JavaThread "Unconstrained build operations Thread 39" [_thread_blocked, id=11612, stack(0x00000090f5900000,0x00000090f5a00000)]
  0x00000213bfa7f800 JavaThread "Unconstrained build operations Thread 40" [_thread_blocked, id=4172, stack(0x00000090f5a00000,0x00000090f5b00000)]
  0x00000213bfa81000 JavaThread "Unconstrained build operations Thread 41" [_thread_blocked, id=15488, stack(0x00000090f5b00000,0x00000090f5c00000)]
  0x00000213bfa7b800 JavaThread "Unconstrained build operations Thread 42" [_thread_blocked, id=9736, stack(0x00000090f5c00000,0x00000090f5d00000)]
  0x00000213bfa82000 JavaThread "Unconstrained build operations Thread 43" [_thread_blocked, id=6668, stack(0x00000090f5d00000,0x00000090f5e00000)]
  0x00000213bfa7e000 JavaThread "Unconstrained build operations Thread 44" [_thread_blocked, id=6112, stack(0x00000090f5e00000,0x00000090f5f00000)]
  0x00000213bfa7c000 JavaThread "Unconstrained build operations Thread 45" [_thread_blocked, id=3284, stack(0x00000090f5f00000,0x00000090f6000000)]
  0x00000213bfa7d000 JavaThread "Unconstrained build operations Thread 46" [_thread_blocked, id=4316, stack(0x00000090f6000000,0x00000090f6100000)]
  0x00000213bfafd000 JavaThread "Unconstrained build operations Thread 47" [_thread_blocked, id=3620, stack(0x00000090f6100000,0x00000090f6200000)]
  0x00000213bfaf8000 JavaThread "Unconstrained build operations Thread 48" [_thread_blocked, id=20824, stack(0x00000090f6200000,0x00000090f6300000)]
  0x00000213bfaf8800 JavaThread "Unconstrained build operations Thread 49" [_thread_blocked, id=20748, stack(0x00000090f6300000,0x00000090f6400000)]
  0x00000213bfafd800 JavaThread "Unconstrained build operations Thread 50" [_thread_blocked, id=5060, stack(0x00000090f6400000,0x00000090f6500000)]
  0x00000213bfafe800 JavaThread "Unconstrained build operations Thread 51" [_thread_blocked, id=7048, stack(0x00000090f6500000,0x00000090f6600000)]
  0x00000213bfaf9800 JavaThread "Unconstrained build operations Thread 52" [_thread_blocked, id=8952, stack(0x00000090f6600000,0x00000090f6700000)]
  0x00000213bfafa800 JavaThread "Unconstrained build operations Thread 53" [_thread_blocked, id=13688, stack(0x00000090f6700000,0x00000090f6800000)]
  0x00000213bfafc000 JavaThread "Unconstrained build operations Thread 54" [_thread_blocked, id=7920, stack(0x00000090f6800000,0x00000090f6900000)]
  0x00000213bfafb000 JavaThread "Unconstrained build operations Thread 55" [_thread_blocked, id=18960, stack(0x00000090f6900000,0x00000090f6a00000)]
  0x00000213bfc21800 JavaThread "Unconstrained build operations Thread 56" [_thread_blocked, id=84, stack(0x00000090f6a00000,0x00000090f6b00000)]
  0x00000213bfc21000 JavaThread "Unconstrained build operations Thread 57" [_thread_blocked, id=19200, stack(0x00000090f6b00000,0x00000090f6c00000)]
  0x00000213bfc26000 JavaThread "Unconstrained build operations Thread 58" [_thread_blocked, id=10448, stack(0x00000090f6c00000,0x00000090f6d00000)]
  0x00000213bfc24000 JavaThread "Unconstrained build operations Thread 59" [_thread_blocked, id=17436, stack(0x00000090f6d00000,0x00000090f6e00000)]
  0x00000213bfc25000 JavaThread "Unconstrained build operations Thread 60" [_thread_blocked, id=21124, stack(0x00000090f6e00000,0x00000090f6f00000)]
  0x00000213bfc22800 JavaThread "Unconstrained build operations Thread 61" [_thread_blocked, id=15192, stack(0x00000090f6f00000,0x00000090f7000000)]
  0x00000213bfc23800 JavaThread "Unconstrained build operations Thread 62" [_thread_blocked, id=18412, stack(0x00000090f7000000,0x00000090f7100000)]
  0x00000213bfc20000 JavaThread "Unconstrained build operations Thread 63" [_thread_blocked, id=7948, stack(0x00000090f7100000,0x00000090f7200000)]
  0x00000213bfc2a000 JavaThread "Unconstrained build operations Thread 64" [_thread_blocked, id=2908, stack(0x00000090f7200000,0x00000090f7300000)]
  0x00000213bfc26800 JavaThread "Unconstrained build operations Thread 65" [_thread_blocked, id=16192, stack(0x00000090f7300000,0x00000090f7400000)]
  0x00000213bfc2a800 JavaThread "Unconstrained build operations Thread 66" [_thread_blocked, id=9824, stack(0x00000090f7400000,0x00000090f7500000)]
  0x00000213bfc29000 JavaThread "Unconstrained build operations Thread 67" [_thread_blocked, id=7212, stack(0x00000090f7500000,0x00000090f7600000)]
  0x00000213bfc28800 JavaThread "Unconstrained build operations Thread 68" [_thread_blocked, id=10784, stack(0x00000090f7600000,0x00000090f7700000)]
  0x00000213bfc2b800 JavaThread "Unconstrained build operations Thread 69" [_thread_blocked, id=13084, stack(0x00000090f7700000,0x00000090f7800000)]
  0x00000213bfc2c800 JavaThread "Unconstrained build operations Thread 70" [_thread_blocked, id=10660, stack(0x00000090f7800000,0x00000090f7900000)]
  0x00000213bfc2d000 JavaThread "Unconstrained build operations Thread 71" [_thread_blocked, id=2732, stack(0x00000090f7900000,0x00000090f7a00000)]
  0x00000213bfc27800 JavaThread "Unconstrained build operations Thread 72" [_thread_blocked, id=15520, stack(0x00000090f7a00000,0x00000090f7b00000)]
  0x00000213bfc2f000 JavaThread "Unconstrained build operations Thread 73" [_thread_blocked, id=8928, stack(0x00000090f7b00000,0x00000090f7c00000)]
  0x00000213bfc2e000 JavaThread "Unconstrained build operations Thread 74" [_thread_blocked, id=7864, stack(0x00000090f7c00000,0x00000090f7d00000)]
  0x00000213bfc6f000 JavaThread "Unconstrained build operations Thread 75" [_thread_blocked, id=20868, stack(0x00000090f7d00000,0x00000090f7e00000)]
  0x00000213bfc70800 JavaThread "Unconstrained build operations Thread 76" [_thread_blocked, id=17660, stack(0x00000090f7e00000,0x00000090f7f00000)]
  0x00000213bfc6d000 JavaThread "Unconstrained build operations Thread 77" [_thread_blocked, id=17348, stack(0x00000090f7f00000,0x00000090f8000000)]
  0x00000213bfc6f800 JavaThread "Unconstrained build operations Thread 78" [_thread_blocked, id=11648, stack(0x00000090f8000000,0x00000090f8100000)]
  0x00000213bfc73000 JavaThread "Unconstrained build operations Thread 79" [_thread_blocked, id=3480, stack(0x00000090f8100000,0x00000090f8200000)]
  0x00000213bfc73800 JavaThread "Unconstrained build operations Thread 80" [_thread_blocked, id=3820, stack(0x00000090f8200000,0x00000090f8300000)]
  0x00000213bfc71000 JavaThread "Unconstrained build operations Thread 81" [_thread_blocked, id=18064, stack(0x00000090f8300000,0x00000090f8400000)]
  0x00000213bfc6e000 JavaThread "Unconstrained build operations Thread 82" [_thread_blocked, id=5464, stack(0x00000090f8400000,0x00000090f8500000)]
  0x00000213bfc74800 JavaThread "Unconstrained build operations Thread 83" [_thread_blocked, id=15292, stack(0x00000090f8500000,0x00000090f8600000)]
  0x00000213bfc76000 JavaThread "Unconstrained build operations Thread 84" [_thread_blocked, id=21340, stack(0x00000090f8600000,0x00000090f8700000)]
  0x00000213bfc77000 JavaThread "Unconstrained build operations Thread 85" [_thread_blocked, id=13416, stack(0x00000090f8700000,0x00000090f8800000)]
  0x00000213bfc77800 JavaThread "Unconstrained build operations Thread 86" [_thread_blocked, id=13192, stack(0x00000090f8800000,0x00000090f8900000)]
  0x00000213bfc72000 JavaThread "Unconstrained build operations Thread 87" [_thread_blocked, id=8308, stack(0x00000090f8900000,0x00000090f8a00000)]
  0x00000213bfc7a000 JavaThread "Unconstrained build operations Thread 88" [_thread_blocked, id=4748, stack(0x00000090f8a00000,0x00000090f8b00000)]
  0x00000213bfc78800 JavaThread "Unconstrained build operations Thread 89" [_thread_blocked, id=2096, stack(0x00000090f8b00000,0x00000090f8c00000)]
  0x00000213bfc79800 JavaThread "Unconstrained build operations Thread 90" [_thread_blocked, id=12892, stack(0x00000090f8c00000,0x00000090f8d00000)]
  0x00000213bfc7b000 JavaThread "Unconstrained build operations Thread 91" [_thread_blocked, id=15808, stack(0x00000090f8d00000,0x00000090f8e00000)]
  0x00000213bfc75800 JavaThread "Unconstrained build operations Thread 92" [_thread_blocked, id=2944, stack(0x00000090f8e00000,0x00000090f8f00000)]
  0x00000213bfc7c000 JavaThread "Unconstrained build operations Thread 93" [_thread_blocked, id=3904, stack(0x00000090f8f00000,0x00000090f9000000)]
  0x00000213bfcca000 JavaThread "Unconstrained build operations Thread 94" [_thread_blocked, id=11312, stack(0x00000090f9000000,0x00000090f9100000)]
  0x00000213bfcc7800 JavaThread "Unconstrained build operations Thread 95" [_thread_blocked, id=7288, stack(0x00000090f9100000,0x00000090f9200000)]
  0x00000213bfcc6800 JavaThread "Unconstrained build operations Thread 96" [_thread_blocked, id=1932, stack(0x00000090f9200000,0x00000090f9300000)]
  0x00000213bfcc8000 JavaThread "Unconstrained build operations Thread 97" [_thread_blocked, id=4240, stack(0x00000090f9300000,0x00000090f9400000)]
  0x00000213bfcc6000 JavaThread "Unconstrained build operations Thread 98" [_thread_blocked, id=21140, stack(0x00000090f9400000,0x00000090f9500000)]
  0x00000213bfcc4000 JavaThread "Unconstrained build operations Thread 99" [_thread_blocked, id=11728, stack(0x00000090f9500000,0x00000090f9600000)]
  0x00000213bfcca800 JavaThread "Unconstrained build operations Thread 100" [_thread_blocked, id=11352, stack(0x00000090f9600000,0x00000090f9700000)]
  0x00000213bfcc9000 JavaThread "Unconstrained build operations Thread 101" [_thread_blocked, id=13972, stack(0x00000090f9700000,0x00000090f9800000)]
  0x00000213bfcc5000 JavaThread "Unconstrained build operations Thread 102" [_thread_blocked, id=15196, stack(0x00000090f9800000,0x00000090f9900000)]
  0x00000213bfccf800 JavaThread "Unconstrained build operations Thread 103" [_thread_blocked, id=13696, stack(0x00000090f9900000,0x00000090f9a00000)]
  0x00000213bfcd0800 JavaThread "Unconstrained build operations Thread 104" [_thread_blocked, id=10296, stack(0x00000090f9a00000,0x00000090f9b00000)]
  0x00000213bfcce000 JavaThread "Unconstrained build operations Thread 105" [_thread_blocked, id=10724, stack(0x00000090f9b00000,0x00000090f9c00000)]
  0x00000213bfccd000 JavaThread "Unconstrained build operations Thread 106" [_thread_blocked, id=12888, stack(0x00000090f9c00000,0x00000090f9d00000)]
  0x00000213bfccc800 JavaThread "Unconstrained build operations Thread 107" [_thread_blocked, id=2476, stack(0x00000090f9d00000,0x00000090f9e00000)]
  0x00000213bfcd1000 JavaThread "Unconstrained build operations Thread 108" [_thread_blocked, id=8780, stack(0x00000090f9e00000,0x00000090f9f00000)]
  0x00000213bfccf000 JavaThread "Unconstrained build operations Thread 109" [_thread_blocked, id=16420, stack(0x00000090f9f00000,0x00000090fa000000)]
  0x00000213bfccb800 JavaThread "Unconstrained build operations Thread 110" [_thread_blocked, id=6604, stack(0x00000090fa000000,0x00000090fa100000)]
  0x00000213bfcd2000 JavaThread "Unconstrained build operations Thread 111" [_thread_blocked, id=2244, stack(0x00000090fa100000,0x00000090fa200000)]
  0x00000213bfcd3000 JavaThread "Unconstrained build operations Thread 112" [_thread_blocked, id=6328, stack(0x00000090fa200000,0x00000090fa300000)]
  0x00000213bfce8800 JavaThread "Unconstrained build operations Thread 113" [_thread_blocked, id=7360, stack(0x00000090fa300000,0x00000090fa400000)]
  0x00000213bfce7800 JavaThread "Unconstrained build operations Thread 114" [_thread_blocked, id=9356, stack(0x00000090fa400000,0x00000090fa500000)]
  0x00000213bfce3800 JavaThread "Unconstrained build operations Thread 115" [_thread_blocked, id=12312, stack(0x00000090fa500000,0x00000090fa600000)]
  0x00000213bfce2800 JavaThread "Unconstrained build operations Thread 116" [_thread_blocked, id=20528, stack(0x00000090fa600000,0x00000090fa700000)]
  0x00000213bfce9000 JavaThread "Unconstrained build operations Thread 117" [_thread_blocked, id=7364, stack(0x00000090fa700000,0x00000090fa800000)]
  0x00000213bfce6000 JavaThread "Unconstrained build operations Thread 118" [_thread_blocked, id=17084, stack(0x00000090fa800000,0x00000090fa900000)]
  0x00000213bfce4800 JavaThread "Unconstrained build operations Thread 119" [_thread_blocked, id=21024, stack(0x00000090fa900000,0x00000090faa00000)]
  0x00000213bfce5000 JavaThread "Unconstrained build operations Thread 120" [_thread_blocked, id=21204, stack(0x00000090faa00000,0x00000090fab00000)]
  0x00000213bfce7000 JavaThread "jar transforms Thread 4" [_thread_blocked, id=8000, stack(0x00000090fab00000,0x00000090fac00000)]
  0x00000213bb8ae800 JavaThread "jar transforms Thread 5" [_thread_blocked, id=724, stack(0x00000090fac00000,0x00000090fad00000)]
  0x00000213bb8b0800 JavaThread "jar transforms Thread 6" [_thread_blocked, id=11472, stack(0x00000090fad00000,0x00000090fae00000)]
  0x00000213bb8af800 JavaThread "jar transforms Thread 7" [_thread_blocked, id=9244, stack(0x00000090fae00000,0x00000090faf00000)]
  0x00000213bb8ad000 JavaThread "jar transforms Thread 8" [_thread_blocked, id=14028, stack(0x00000090faf00000,0x00000090fb000000)]
  0x00000213bb8ac800 JavaThread "jar transforms Thread 9" [_thread_blocked, id=13100, stack(0x00000090fb000000,0x00000090fb100000)]
  0x00000213bb8b1000 JavaThread "jar transforms Thread 10" [_thread_blocked, id=18144, stack(0x00000090fb100000,0x00000090fb200000)]
  0x00000213bb8ae000 JavaThread "jar transforms Thread 11" [_thread_blocked, id=18580, stack(0x00000090fb200000,0x00000090fb300000)]
  0x00000213bb8b2000 JavaThread "jar transforms Thread 12" [_thread_blocked, id=15552, stack(0x00000090fb300000,0x00000090fb400000)]
  0x00000213bb8b3000 JavaThread "Memory manager" [_thread_blocked, id=10460, stack(0x00000090fb400000,0x00000090fb500000)]

Other Threads:
  0x00000213b8b84000 VMThread "VM Thread" [stack: 0x00000090f0300000,0x00000090f0400000] [id=11076]
  0x00000213b9577000 WatcherThread [stack: 0x00000090f0d00000,0x00000090f0e00000] [id=9056]
  0x000002139e2b2800 GCTaskThread "GC Thread#0" [stack: 0x00000090efe00000,0x00000090eff00000] [id=12700]
  0x00000213ba21e800 GCTaskThread "GC Thread#1" [stack: 0x00000090f0e00000,0x00000090f0f00000] [id=15708]
  0x00000213b9b44000 GCTaskThread "GC Thread#2" [stack: 0x00000090f0f00000,0x00000090f1000000] [id=12884]
  0x00000213bb4fa800 GCTaskThread "GC Thread#3" [stack: 0x00000090f1a00000,0x00000090f1b00000] [id=8944]
  0x00000213bb30a800 GCTaskThread "GC Thread#4" [stack: 0x00000090f1b00000,0x00000090f1c00000] [id=1664]
  0x00000213bb35a800 GCTaskThread "GC Thread#5" [stack: 0x00000090f1c00000,0x00000090f1d00000] [id=19276]
  0x00000213bb7a0000 GCTaskThread "GC Thread#6" [stack: 0x00000090f1d00000,0x00000090f1e00000] [id=10864]
  0x00000213bb435800 GCTaskThread "GC Thread#7" [stack: 0x00000090f1e00000,0x00000090f1f00000] [id=7968]
  0x00000213bb799000 GCTaskThread "GC Thread#8" [stack: 0x00000090f1f00000,0x00000090f2000000] [id=19288]
  0x00000213bb79a000 GCTaskThread "GC Thread#9" [stack: 0x00000090f2000000,0x00000090f2100000] [id=5920]
  0x000002139e2e7800 ConcurrentGCThread "G1 Main Marker" [stack: 0x00000090eff00000,0x00000090f0000000] [id=3176]
  0x000002139e2e8800 ConcurrentGCThread "G1 Conc#0" [stack: 0x00000090f0000000,0x00000090f0100000] [id=18160]
  0x00000213bb79a800 ConcurrentGCThread "G1 Conc#1" [stack: 0x00000090f2400000,0x00000090f2500000] [id=5708]
  0x00000213bb796800 ConcurrentGCThread "G1 Conc#2" [stack: 0x00000090f2500000,0x00000090f2600000] [id=9372]
  0x000002139e36e800 ConcurrentGCThread "G1 Refine#0" [stack: 0x00000090f0100000,0x00000090f0200000] [id=18276]
  0x00000213b89d8800 ConcurrentGCThread "G1 Young RemSet Sampling" [stack: 0x00000090f0200000,0x00000090f0300000] [id=18252]

Threads with active compile tasks:
C2 CompilerThread0   9353 6644   !   4       jdk.internal.loader.Resource::getBytes (242 bytes)

VM state:not at safepoint (normal execution)

VM Mutex/Monitor currently owned by a thread: None

Heap address: 0x0000000080000000, size: 2048 MB, Compressed Oops mode: 32-bit
Narrow klass base: 0x0000000000000000, Narrow klass shift: 3
Compressed class space size: 1073741824 Address: 0x0000000100000000

Heap:
 garbage-first heap   total 187392K, used 66626K [0x0000000080000000, 0x0000000100000000)
  region size 1024K, 24 young (24576K), 13 survivors (13312K)
 Metaspace       used 72340K, capacity 73852K, committed 74192K, reserved 1114112K
  class space    used 9267K, capacity 9881K, committed 9984K, reserved 1048576K
Heap Regions: E=young(eden), S=young(survivor), O=old, HS=humongous(starts), HC=humongous(continues), CS=collection set, F=free, A=archive, TAMS=top-at-mark-start (previous, next)
|   0|0x0000000080000000, 0x0000000080100000, 0x0000000080100000|100%| O|  |TAMS 0x0000000080100000, 0x0000000080000000| Untracked 
|   1|0x0000000080100000, 0x0000000080200000, 0x0000000080200000|100%| O|  |TAMS 0x0000000080200000, 0x0000000080100000| Untracked 
|   2|0x0000000080200000, 0x0000000080300000, 0x0000000080300000|100%| O|  |TAMS 0x0000000080300000, 0x0000000080200000| Untracked 
|   3|0x0000000080300000, 0x0000000080400000, 0x0000000080400000|100%|HS|  |TAMS 0x0000000080400000, 0x0000000080300000| Complete 
|   4|0x0000000080400000, 0x0000000080500000, 0x0000000080500000|100%|HC|  |TAMS 0x0000000080500000, 0x0000000080400000| Complete 
|   5|0x0000000080500000, 0x0000000080600000, 0x0000000080600000|100%|HC|  |TAMS 0x0000000080600000, 0x0000000080500000| Complete 
|   6|0x0000000080600000, 0x0000000080700000, 0x0000000080700000|100%| O|  |TAMS 0x0000000080700000, 0x0000000080600000| Untracked 
|   7|0x0000000080700000, 0x0000000080800000, 0x0000000080800000|100%| O|  |TAMS 0x0000000080800000, 0x0000000080700000| Untracked 
|   8|0x0000000080800000, 0x0000000080900000, 0x0000000080900000|100%| O|  |TAMS 0x0000000080900000, 0x0000000080800000| Untracked 
|   9|0x0000000080900000, 0x0000000080a00000, 0x0000000080a00000|100%| O|  |TAMS 0x0000000080a00000, 0x0000000080900000| Untracked 
|  10|0x0000000080a00000, 0x0000000080b00000, 0x0000000080b00000|100%| O|  |TAMS 0x0000000080b00000, 0x0000000080a00000| Untracked 
|  11|0x0000000080b00000, 0x0000000080c00000, 0x0000000080c00000|100%| O|  |TAMS 0x0000000080c00000, 0x0000000080b00000| Untracked 
|  12|0x0000000080c00000, 0x0000000080d00000, 0x0000000080d00000|100%| O|  |TAMS 0x0000000080d00000, 0x0000000080c00000| Untracked 
|  13|0x0000000080d00000, 0x0000000080e00000, 0x0000000080e00000|100%| O|  |TAMS 0x0000000080e00000, 0x0000000080d00000| Untracked 
|  14|0x0000000080e00000, 0x0000000080f00000, 0x0000000080f00000|100%| O|  |TAMS 0x0000000080f00000, 0x0000000080e00000| Untracked 
|  15|0x0000000080f00000, 0x0000000081000000, 0x0000000081000000|100%| O|  |TAMS 0x0000000081000000, 0x0000000080f00000| Untracked 
|  16|0x0000000081000000, 0x0000000081100000, 0x0000000081100000|100%|HS|  |TAMS 0x0000000081100000, 0x0000000081000000| Complete 
|  17|0x0000000081100000, 0x0000000081200000, 0x0000000081200000|100%| O|  |TAMS 0x0000000081200000, 0x0000000081100000| Untracked 
|  18|0x0000000081200000, 0x0000000081300000, 0x0000000081300000|100%| O|  |TAMS 0x0000000081300000, 0x0000000081200000| Untracked 
|  19|0x0000000081300000, 0x0000000081400000, 0x0000000081400000|100%| O|  |TAMS 0x0000000081400000, 0x0000000081300000| Untracked 
|  20|0x0000000081400000, 0x0000000081500000, 0x0000000081500000|100%| O|  |TAMS 0x0000000081500000, 0x0000000081400000| Untracked 
|  21|0x0000000081500000, 0x0000000081600000, 0x0000000081600000|100%| O|  |TAMS 0x0000000081600000, 0x0000000081500000| Untracked 
|  22|0x0000000081600000, 0x0000000081700000, 0x0000000081700000|100%| O|  |TAMS 0x0000000081700000, 0x0000000081600000| Untracked 
|  23|0x0000000081700000, 0x0000000081800000, 0x0000000081800000|100%|HS|  |TAMS 0x0000000081800000, 0x0000000081700000| Complete 
|  24|0x0000000081800000, 0x0000000081900000, 0x0000000081900000|100%| O|  |TAMS 0x0000000081900000, 0x0000000081800000| Untracked 
|  25|0x0000000081900000, 0x0000000081a00000, 0x0000000081a00000|100%|HS|  |TAMS 0x0000000081a00000, 0x0000000081900000| Complete 
|  26|0x0000000081a00000, 0x0000000081b00000, 0x0000000081b00000|100%|HC|  |TAMS 0x0000000081b00000, 0x0000000081a00000| Complete 
|  27|0x0000000081b00000, 0x0000000081c00000, 0x0000000081c00000|100%| O|  |TAMS 0x0000000081c00000, 0x0000000081b00000| Untracked 
|  28|0x0000000081c00000, 0x0000000081d00000, 0x0000000081d00000|100%| O|  |TAMS 0x0000000081d00000, 0x0000000081c00000| Untracked 
|  29|0x0000000081d00000, 0x0000000081e00000, 0x0000000081e00000|100%| O|  |TAMS 0x0000000081e00000, 0x0000000081d00000| Untracked 
|  30|0x0000000081e00000, 0x0000000081f00000, 0x0000000081f00000|100%| O|  |TAMS 0x0000000081f00000, 0x0000000081e00000| Untracked 
|  31|0x0000000081f00000, 0x0000000082000000, 0x0000000082000000|100%| O|  |TAMS 0x0000000082000000, 0x0000000081f00000| Untracked 
|  32|0x0000000082000000, 0x0000000082100000, 0x0000000082100000|100%| O|  |TAMS 0x0000000082100000, 0x0000000082000000| Untracked 
|  33|0x0000000082100000, 0x0000000082200000, 0x0000000082200000|100%| O|  |TAMS 0x0000000082200000, 0x0000000082100000| Untracked 
|  34|0x0000000082200000, 0x0000000082300000, 0x0000000082300000|100%| O|  |TAMS 0x0000000082300000, 0x0000000082200000| Untracked 
|  35|0x0000000082300000, 0x0000000082400000, 0x0000000082400000|100%| O|  |TAMS 0x0000000082400000, 0x0000000082300000| Untracked 
|  36|0x0000000082400000, 0x0000000082500000, 0x0000000082500000|100%| O|  |TAMS 0x0000000082500000, 0x0000000082400000| Untracked 
|  37|0x0000000082500000, 0x0000000082600000, 0x0000000082600000|100%| O|  |TAMS 0x0000000082600000, 0x0000000082500000| Untracked 
|  38|0x0000000082600000, 0x0000000082700000, 0x0000000082700000|100%| O|  |TAMS 0x0000000082700000, 0x0000000082600000| Untracked 
|  39|0x0000000082700000, 0x0000000082800000, 0x0000000082800000|100%| O|  |TAMS 0x0000000082800000, 0x0000000082700000| Untracked 
|  40|0x0000000082800000, 0x0000000082900000, 0x0000000082900000|100%| O|  |TAMS 0x0000000082900000, 0x0000000082800000| Untracked 
|  41|0x0000000082900000, 0x0000000082a00000, 0x0000000082a00000|100%| O|  |TAMS 0x0000000082941000, 0x0000000082900000| Untracked 
|  42|0x0000000082a00000, 0x0000000082a00000, 0x0000000082b00000|  0%| F|  |TAMS 0x0000000082a00000, 0x0000000082a00000| Untracked 
|  43|0x0000000082b00000, 0x0000000082bce800, 0x0000000082c00000| 80%| O|  |TAMS 0x0000000082b00000, 0x0000000082b00000| Untracked 
|  44|0x0000000082c00000, 0x0000000082c00000, 0x0000000082d00000|  0%| F|  |TAMS 0x0000000082c00000, 0x0000000082c00000| Untracked 
|  45|0x0000000082d00000, 0x0000000082d00000, 0x0000000082e00000|  0%| F|  |TAMS 0x0000000082d00000, 0x0000000082d00000| Untracked 
|  46|0x0000000082e00000, 0x0000000082e00000, 0x0000000082f00000|  0%| F|  |TAMS 0x0000000082e00000, 0x0000000082e00000| Untracked 
|  47|0x0000000082f00000, 0x0000000082f00000, 0x0000000083000000|  0%| F|  |TAMS 0x0000000082f00000, 0x0000000082f00000| Untracked 
|  48|0x0000000083000000, 0x0000000083000000, 0x0000000083100000|  0%| F|  |TAMS 0x0000000083000000, 0x0000000083000000| Untracked 
|  49|0x0000000083100000, 0x0000000083100000, 0x0000000083200000|  0%| F|  |TAMS 0x0000000083100000, 0x0000000083100000| Untracked 
|  50|0x0000000083200000, 0x0000000083200000, 0x0000000083300000|  0%| F|  |TAMS 0x0000000083200000, 0x0000000083200000| Untracked 
|  51|0x0000000083300000, 0x0000000083300000, 0x0000000083400000|  0%| F|  |TAMS 0x0000000083300000, 0x0000000083300000| Untracked 
|  52|0x0000000083400000, 0x0000000083400000, 0x0000000083500000|  0%| F|  |TAMS 0x0000000083400000, 0x0000000083400000| Untracked 
|  53|0x0000000083500000, 0x0000000083500000, 0x0000000083600000|  0%| F|  |TAMS 0x0000000083500000, 0x0000000083500000| Untracked 
|  54|0x0000000083600000, 0x0000000083600000, 0x0000000083700000|  0%| F|  |TAMS 0x0000000083600000, 0x0000000083600000| Untracked 
|  55|0x0000000083700000, 0x0000000083700000, 0x0000000083800000|  0%| F|  |TAMS 0x0000000083700000, 0x0000000083700000| Untracked 
|  56|0x0000000083800000, 0x0000000083800000, 0x0000000083900000|  0%| F|  |TAMS 0x0000000083800000, 0x0000000083800000| Untracked 
|  57|0x0000000083900000, 0x0000000083900000, 0x0000000083a00000|  0%| F|  |TAMS 0x0000000083900000, 0x0000000083900000| Untracked 
|  58|0x0000000083a00000, 0x0000000083a00000, 0x0000000083b00000|  0%| F|  |TAMS 0x0000000083a00000, 0x0000000083a00000| Untracked 
|  59|0x0000000083b00000, 0x0000000083b00000, 0x0000000083c00000|  0%| F|  |TAMS 0x0000000083b00000, 0x0000000083b00000| Untracked 
|  60|0x0000000083c00000, 0x0000000083c00000, 0x0000000083d00000|  0%| F|  |TAMS 0x0000000083c00000, 0x0000000083c00000| Untracked 
|  61|0x0000000083d00000, 0x0000000083d00000, 0x0000000083e00000|  0%| F|  |TAMS 0x0000000083d00000, 0x0000000083d00000| Untracked 
|  62|0x0000000083e00000, 0x0000000083e00000, 0x0000000083f00000|  0%| F|  |TAMS 0x0000000083e00000, 0x0000000083e00000| Untracked 
|  63|0x0000000083f00000, 0x0000000083f00000, 0x0000000084000000|  0%| F|  |TAMS 0x0000000083f00000, 0x0000000083f00000| Untracked 
|  64|0x0000000084000000, 0x0000000084000000, 0x0000000084100000|  0%| F|  |TAMS 0x0000000084000000, 0x0000000084000000| Untracked 
|  65|0x0000000084100000, 0x0000000084100000, 0x0000000084200000|  0%| F|  |TAMS 0x0000000084100000, 0x0000000084100000| Untracked 
|  66|0x0000000084200000, 0x0000000084200000, 0x0000000084300000|  0%| F|  |TAMS 0x0000000084200000, 0x0000000084200000| Untracked 
|  67|0x0000000084300000, 0x0000000084300000, 0x0000000084400000|  0%| F|  |TAMS 0x0000000084300000, 0x0000000084300000| Untracked 
|  68|0x0000000084400000, 0x0000000084400000, 0x0000000084500000|  0%| F|  |TAMS 0x0000000084400000, 0x0000000084400000| Untracked 
|  69|0x0000000084500000, 0x0000000084500000, 0x0000000084600000|  0%| F|  |TAMS 0x0000000084500000, 0x0000000084500000| Untracked 
|  70|0x0000000084600000, 0x0000000084600000, 0x0000000084700000|  0%| F|  |TAMS 0x0000000084600000, 0x0000000084600000| Untracked 
|  71|0x0000000084700000, 0x0000000084700000, 0x0000000084800000|  0%| F|  |TAMS 0x0000000084700000, 0x0000000084700000| Untracked 
|  72|0x0000000084800000, 0x0000000084800000, 0x0000000084900000|  0%| F|  |TAMS 0x0000000084800000, 0x0000000084800000| Untracked 
|  73|0x0000000084900000, 0x0000000084900000, 0x0000000084a00000|  0%| F|  |TAMS 0x0000000084900000, 0x0000000084900000| Untracked 
|  74|0x0000000084a00000, 0x0000000084a00000, 0x0000000084b00000|  0%| F|  |TAMS 0x0000000084a00000, 0x0000000084a00000| Untracked 
|  75|0x0000000084b00000, 0x0000000084b00000, 0x0000000084c00000|  0%| F|  |TAMS 0x0000000084b00000, 0x0000000084b00000| Untracked 
|  76|0x0000000084c00000, 0x0000000084c00000, 0x0000000084d00000|  0%| F|  |TAMS 0x0000000084c00000, 0x0000000084c00000| Untracked 
|  77|0x0000000084d00000, 0x0000000084d00000, 0x0000000084e00000|  0%| F|  |TAMS 0x0000000084d00000, 0x0000000084d00000| Untracked 
|  78|0x0000000084e00000, 0x0000000084e00000, 0x0000000084f00000|  0%| F|  |TAMS 0x0000000084e00000, 0x0000000084e00000| Untracked 
|  79|0x0000000084f00000, 0x0000000084f00000, 0x0000000085000000|  0%| F|  |TAMS 0x0000000084f00000, 0x0000000084f00000| Untracked 
|  80|0x0000000085000000, 0x0000000085000000, 0x0000000085100000|  0%| F|  |TAMS 0x0000000085000000, 0x0000000085000000| Untracked 
|  81|0x0000000085100000, 0x0000000085142040, 0x0000000085200000| 25%| S|CS|TAMS 0x0000000085100000, 0x0000000085100000| Complete 
|  82|0x0000000085200000, 0x0000000085300000, 0x0000000085300000|100%| S|CS|TAMS 0x0000000085200000, 0x0000000085200000| Complete 
|  83|0x0000000085300000, 0x0000000085400000, 0x0000000085400000|100%| S|CS|TAMS 0x0000000085300000, 0x0000000085300000| Complete 
|  84|0x0000000085400000, 0x0000000085500000, 0x0000000085500000|100%| S|CS|TAMS 0x0000000085400000, 0x0000000085400000| Complete 
|  85|0x0000000085500000, 0x0000000085600000, 0x0000000085600000|100%| S|CS|TAMS 0x0000000085500000, 0x0000000085500000| Complete 
|  86|0x0000000085600000, 0x0000000085700000, 0x0000000085700000|100%| S|CS|TAMS 0x0000000085600000, 0x0000000085600000| Complete 
|  87|0x0000000085700000, 0x0000000085800000, 0x0000000085800000|100%| S|CS|TAMS 0x0000000085700000, 0x0000000085700000| Complete 
|  88|0x0000000085800000, 0x0000000085900000, 0x0000000085900000|100%| S|CS|TAMS 0x0000000085800000, 0x0000000085800000| Complete 
|  89|0x0000000085900000, 0x0000000085a00000, 0x0000000085a00000|100%| S|CS|TAMS 0x0000000085900000, 0x0000000085900000| Complete 
|  90|0x0000000085a00000, 0x0000000085b00000, 0x0000000085b00000|100%| S|CS|TAMS 0x0000000085a00000, 0x0000000085a00000| Complete 
|  91|0x0000000085b00000, 0x0000000085c00000, 0x0000000085c00000|100%| S|CS|TAMS 0x0000000085b00000, 0x0000000085b00000| Complete 
|  92|0x0000000085c00000, 0x0000000085d00000, 0x0000000085d00000|100%| S|CS|TAMS 0x0000000085c00000, 0x0000000085c00000| Complete 
|  93|0x0000000085d00000, 0x0000000085e00000, 0x0000000085e00000|100%| S|CS|TAMS 0x0000000085d00000, 0x0000000085d00000| Complete 
|  94|0x0000000085e00000, 0x0000000085e00000, 0x0000000085f00000|  0%| F|  |TAMS 0x0000000085e00000, 0x0000000085e00000| Untracked 
|  95|0x0000000085f00000, 0x0000000085f00000, 0x0000000086000000|  0%| F|  |TAMS 0x0000000085f00000, 0x0000000085f00000| Untracked 
|  96|0x0000000086000000, 0x0000000086000000, 0x0000000086100000|  0%| F|  |TAMS 0x0000000086000000, 0x0000000086000000| Untracked 
|  97|0x0000000086100000, 0x0000000086100000, 0x0000000086200000|  0%| F|  |TAMS 0x0000000086100000, 0x0000000086100000| Untracked 
|  98|0x0000000086200000, 0x0000000086200000, 0x0000000086300000|  0%| F|  |TAMS 0x0000000086200000, 0x0000000086200000| Untracked 
|  99|0x0000000086300000, 0x0000000086300000, 0x0000000086400000|  0%| F|  |TAMS 0x0000000086300000, 0x0000000086300000| Untracked 
| 100|0x0000000086400000, 0x0000000086400000, 0x0000000086500000|  0%| F|  |TAMS 0x0000000086400000, 0x0000000086400000| Untracked 
| 101|0x0000000086500000, 0x0000000086500000, 0x0000000086600000|  0%| F|  |TAMS 0x0000000086500000, 0x0000000086500000| Untracked 
| 102|0x0000000086600000, 0x0000000086600000, 0x0000000086700000|  0%| F|  |TAMS 0x0000000086600000, 0x0000000086600000| Untracked 
| 103|0x0000000086700000, 0x0000000086700000, 0x0000000086800000|  0%| F|  |TAMS 0x0000000086700000, 0x0000000086700000| Untracked 
| 104|0x0000000086800000, 0x0000000086800000, 0x0000000086900000|  0%| F|  |TAMS 0x0000000086800000, 0x0000000086800000| Untracked 
| 105|0x0000000086900000, 0x0000000086900000, 0x0000000086a00000|  0%| F|  |TAMS 0x0000000086900000, 0x0000000086900000| Untracked 
| 106|0x0000000086a00000, 0x0000000086a00000, 0x0000000086b00000|  0%| F|  |TAMS 0x0000000086a00000, 0x0000000086a00000| Untracked 
| 107|0x0000000086b00000, 0x0000000086b00000, 0x0000000086c00000|  0%| F|  |TAMS 0x0000000086b00000, 0x0000000086b00000| Untracked 
| 108|0x0000000086c00000, 0x0000000086c00000, 0x0000000086d00000|  0%| F|  |TAMS 0x0000000086c00000, 0x0000000086c00000| Untracked 
| 109|0x0000000086d00000, 0x0000000086d00000, 0x0000000086e00000|  0%| F|  |TAMS 0x0000000086d00000, 0x0000000086d00000| Untracked 
| 110|0x0000000086e00000, 0x0000000086e00000, 0x0000000086f00000|  0%| F|  |TAMS 0x0000000086e00000, 0x0000000086e00000| Untracked 
| 111|0x0000000086f00000, 0x0000000086f00000, 0x0000000087000000|  0%| F|  |TAMS 0x0000000086f00000, 0x0000000086f00000| Untracked 
| 112|0x0000000087000000, 0x0000000087000000, 0x0000000087100000|  0%| F|  |TAMS 0x0000000087000000, 0x0000000087000000| Untracked 
| 113|0x0000000087100000, 0x0000000087100000, 0x0000000087200000|  0%| F|  |TAMS 0x0000000087100000, 0x0000000087100000| Untracked 
| 114|0x0000000087200000, 0x0000000087200000, 0x0000000087300000|  0%| F|  |TAMS 0x0000000087200000, 0x0000000087200000| Untracked 
| 115|0x0000000087300000, 0x0000000087300000, 0x0000000087400000|  0%| F|  |TAMS 0x0000000087300000, 0x0000000087300000| Untracked 
| 116|0x0000000087400000, 0x0000000087400000, 0x0000000087500000|  0%| F|  |TAMS 0x0000000087400000, 0x0000000087400000| Untracked 
| 117|0x0000000087500000, 0x0000000087500000, 0x0000000087600000|  0%| F|  |TAMS 0x0000000087500000, 0x0000000087500000| Untracked 
| 118|0x0000000087600000, 0x0000000087600000, 0x0000000087700000|  0%| F|  |TAMS 0x0000000087600000, 0x0000000087600000| Untracked 
| 119|0x0000000087700000, 0x0000000087700000, 0x0000000087800000|  0%| F|  |TAMS 0x0000000087700000, 0x0000000087700000| Untracked 
| 120|0x0000000087800000, 0x0000000087800000, 0x0000000087900000|  0%| F|  |TAMS 0x0000000087800000, 0x0000000087800000| Untracked 
| 121|0x0000000087900000, 0x0000000087900000, 0x0000000087a00000|  0%| F|  |TAMS 0x0000000087900000, 0x0000000087900000| Untracked 
| 122|0x0000000087a00000, 0x0000000087a00000, 0x0000000087b00000|  0%| F|  |TAMS 0x0000000087a00000, 0x0000000087a00000| Untracked 
| 123|0x0000000087b00000, 0x0000000087b00000, 0x0000000087c00000|  0%| F|  |TAMS 0x0000000087b00000, 0x0000000087b00000| Untracked 
| 124|0x0000000087c00000, 0x0000000087c00000, 0x0000000087d00000|  0%| F|  |TAMS 0x0000000087c00000, 0x0000000087c00000| Untracked 
| 125|0x0000000087d00000, 0x0000000087d00000, 0x0000000087e00000|  0%| F|  |TAMS 0x0000000087d00000, 0x0000000087d00000| Untracked 
| 126|0x0000000087e00000, 0x0000000087e00000, 0x0000000087f00000|  0%| F|  |TAMS 0x0000000087e00000, 0x0000000087e00000| Untracked 
| 127|0x0000000087f00000, 0x0000000087f00000, 0x0000000088000000|  0%| F|  |TAMS 0x0000000087f00000, 0x0000000087f00000| Untracked 
| 128|0x0000000088000000, 0x0000000088000000, 0x0000000088100000|  0%| F|  |TAMS 0x0000000088000000, 0x0000000088000000| Untracked 
| 129|0x0000000088100000, 0x0000000088100000, 0x0000000088200000|  0%| F|  |TAMS 0x0000000088100000, 0x0000000088100000| Untracked 
| 130|0x0000000088200000, 0x0000000088200000, 0x0000000088300000|  0%| F|  |TAMS 0x0000000088200000, 0x0000000088200000| Untracked 
| 131|0x0000000088300000, 0x0000000088300000, 0x0000000088400000|  0%| F|  |TAMS 0x0000000088300000, 0x0000000088300000| Untracked 
| 132|0x0000000088400000, 0x0000000088400000, 0x0000000088500000|  0%| F|  |TAMS 0x0000000088400000, 0x0000000088400000| Untracked 
| 133|0x0000000088500000, 0x0000000088500000, 0x0000000088600000|  0%| F|  |TAMS 0x0000000088500000, 0x0000000088500000| Untracked 
| 134|0x0000000088600000, 0x0000000088600000, 0x0000000088700000|  0%| F|  |TAMS 0x0000000088600000, 0x0000000088600000| Untracked 
| 135|0x0000000088700000, 0x0000000088700000, 0x0000000088800000|  0%| F|  |TAMS 0x0000000088700000, 0x0000000088700000| Untracked 
| 136|0x0000000088800000, 0x0000000088800000, 0x0000000088900000|  0%| F|  |TAMS 0x0000000088800000, 0x0000000088800000| Untracked 
| 137|0x0000000088900000, 0x0000000088900000, 0x0000000088a00000|  0%| F|  |TAMS 0x0000000088900000, 0x0000000088900000| Untracked 
| 138|0x0000000088a00000, 0x0000000088a00000, 0x0000000088b00000|  0%| F|  |TAMS 0x0000000088a00000, 0x0000000088a00000| Untracked 
| 139|0x0000000088b00000, 0x0000000088b00000, 0x0000000088c00000|  0%| F|  |TAMS 0x0000000088b00000, 0x0000000088b00000| Untracked 
| 140|0x0000000088c00000, 0x0000000088c00000, 0x0000000088d00000|  0%| F|  |TAMS 0x0000000088c00000, 0x0000000088c00000| Untracked 
| 141|0x0000000088d00000, 0x0000000088d00000, 0x0000000088e00000|  0%| F|  |TAMS 0x0000000088d00000, 0x0000000088d00000| Untracked 
| 142|0x0000000088e00000, 0x0000000088e00000, 0x0000000088f00000|  0%| F|  |TAMS 0x0000000088e00000, 0x0000000088e00000| Untracked 
| 143|0x0000000088f00000, 0x0000000088f00000, 0x0000000089000000|  0%| F|  |TAMS 0x0000000088f00000, 0x0000000088f00000| Untracked 
| 144|0x0000000089000000, 0x0000000089000000, 0x0000000089100000|  0%| F|  |TAMS 0x0000000089000000, 0x0000000089000000| Untracked 
| 145|0x0000000089100000, 0x0000000089100000, 0x0000000089200000|  0%| F|  |TAMS 0x0000000089100000, 0x0000000089100000| Untracked 
| 146|0x0000000089200000, 0x0000000089200000, 0x0000000089300000|  0%| F|  |TAMS 0x0000000089200000, 0x0000000089200000| Untracked 
| 147|0x0000000089300000, 0x0000000089300000, 0x0000000089400000|  0%| F|  |TAMS 0x0000000089300000, 0x0000000089300000| Untracked 
| 148|0x0000000089400000, 0x0000000089400000, 0x0000000089500000|  0%| F|  |TAMS 0x0000000089400000, 0x0000000089400000| Untracked 
| 149|0x0000000089500000, 0x0000000089500000, 0x0000000089600000|  0%| F|  |TAMS 0x0000000089500000, 0x0000000089500000| Untracked 
| 150|0x0000000089600000, 0x0000000089600000, 0x0000000089700000|  0%| F|  |TAMS 0x0000000089600000, 0x0000000089600000| Untracked 
| 151|0x0000000089700000, 0x0000000089700000, 0x0000000089800000|  0%| F|  |TAMS 0x0000000089700000, 0x0000000089700000| Untracked 
| 152|0x0000000089800000, 0x0000000089800000, 0x0000000089900000|  0%| F|  |TAMS 0x0000000089800000, 0x0000000089800000| Untracked 
| 153|0x0000000089900000, 0x0000000089900000, 0x0000000089a00000|  0%| F|  |TAMS 0x0000000089900000, 0x0000000089900000| Untracked 
| 154|0x0000000089a00000, 0x0000000089a00000, 0x0000000089b00000|  0%| F|  |TAMS 0x0000000089a00000, 0x0000000089a00000| Untracked 
| 155|0x0000000089b00000, 0x0000000089b00000, 0x0000000089c00000|  0%| F|  |TAMS 0x0000000089b00000, 0x0000000089b00000| Untracked 
| 156|0x0000000089c00000, 0x0000000089c00000, 0x0000000089d00000|  0%| F|  |TAMS 0x0000000089c00000, 0x0000000089c00000| Untracked 
| 157|0x0000000089d00000, 0x0000000089d00000, 0x0000000089e00000|  0%| F|  |TAMS 0x0000000089d00000, 0x0000000089d00000| Untracked 
| 158|0x0000000089e00000, 0x0000000089e00000, 0x0000000089f00000|  0%| F|  |TAMS 0x0000000089e00000, 0x0000000089e00000| Untracked 
| 159|0x0000000089f00000, 0x0000000089f00000, 0x000000008a000000|  0%| F|  |TAMS 0x0000000089f00000, 0x0000000089f00000| Untracked 
| 160|0x000000008a000000, 0x000000008a000000, 0x000000008a100000|  0%| F|  |TAMS 0x000000008a000000, 0x000000008a000000| Untracked 
| 161|0x000000008a100000, 0x000000008a100000, 0x000000008a200000|  0%| F|  |TAMS 0x000000008a100000, 0x000000008a100000| Untracked 
| 162|0x000000008a200000, 0x000000008a200000, 0x000000008a300000|  0%| F|  |TAMS 0x000000008a200000, 0x000000008a200000| Untracked 
| 163|0x000000008a300000, 0x000000008a300000, 0x000000008a400000|  0%| F|  |TAMS 0x000000008a300000, 0x000000008a300000| Untracked 
| 164|0x000000008a400000, 0x000000008a400000, 0x000000008a500000|  0%| F|  |TAMS 0x000000008a400000, 0x000000008a400000| Untracked 
| 165|0x000000008a500000, 0x000000008a500000, 0x000000008a600000|  0%| F|  |TAMS 0x000000008a500000, 0x000000008a500000| Untracked 
| 166|0x000000008a600000, 0x000000008a600000, 0x000000008a700000|  0%| F|  |TAMS 0x000000008a600000, 0x000000008a600000| Untracked 
| 167|0x000000008a700000, 0x000000008a700000, 0x000000008a800000|  0%| F|  |TAMS 0x000000008a700000, 0x000000008a700000| Untracked 
| 168|0x000000008a800000, 0x000000008a800000, 0x000000008a900000|  0%| F|  |TAMS 0x000000008a800000, 0x000000008a800000| Untracked 
| 169|0x000000008a900000, 0x000000008a900000, 0x000000008aa00000|  0%| F|  |TAMS 0x000000008a900000, 0x000000008a900000| Untracked 
| 170|0x000000008aa00000, 0x000000008aa00000, 0x000000008ab00000|  0%| F|  |TAMS 0x000000008aa00000, 0x000000008aa00000| Untracked 
| 171|0x000000008ab00000, 0x000000008ab00000, 0x000000008ac00000|  0%| F|  |TAMS 0x000000008ab00000, 0x000000008ab00000| Untracked 
| 172|0x000000008ac00000, 0x000000008ad00000, 0x000000008ad00000|100%| E|  |TAMS 0x000000008ac00000, 0x000000008ac00000| Complete 
| 173|0x000000008ad00000, 0x000000008ae00000, 0x000000008ae00000|100%| E|CS|TAMS 0x000000008ad00000, 0x000000008ad00000| Complete 
| 174|0x000000008ae00000, 0x000000008af00000, 0x000000008af00000|100%| E|CS|TAMS 0x000000008ae00000, 0x000000008ae00000| Complete 
| 175|0x000000008af00000, 0x000000008b000000, 0x000000008b000000|100%| E|CS|TAMS 0x000000008af00000, 0x000000008af00000| Complete 
| 176|0x000000008b000000, 0x000000008b100000, 0x000000008b100000|100%| E|CS|TAMS 0x000000008b000000, 0x000000008b000000| Complete 
| 177|0x000000008b100000, 0x000000008b200000, 0x000000008b200000|100%| E|CS|TAMS 0x000000008b100000, 0x000000008b100000| Complete 
| 178|0x000000008b200000, 0x000000008b300000, 0x000000008b300000|100%| E|CS|TAMS 0x000000008b200000, 0x000000008b200000| Complete 
| 179|0x000000008b300000, 0x000000008b400000, 0x000000008b400000|100%| E|CS|TAMS 0x000000008b300000, 0x000000008b300000| Complete 
| 180|0x000000008b400000, 0x000000008b500000, 0x000000008b500000|100%| E|CS|TAMS 0x000000008b400000, 0x000000008b400000| Complete 
| 181|0x000000008b500000, 0x000000008b600000, 0x000000008b600000|100%| E|CS|TAMS 0x000000008b500000, 0x000000008b500000| Complete 
| 182|0x000000008b600000, 0x000000008b700000, 0x000000008b700000|100%| E|CS|TAMS 0x000000008b600000, 0x000000008b600000| Complete 

Card table byte_map: [0x00000213b1700000,0x00000213b1b00000] _byte_map_base: 0x00000213b1300000

Marking Bits (Prev, Next): (CMBitMap*) 0x000002139e2de778, (CMBitMap*) 0x000002139e2de7b0
 Prev Bits: [0x00000213b1f00000, 0x00000213b3f00000)
 Next Bits: [0x00000213b3f00000, 0x00000213b5f00000)

Polling page: 0x000002139c230000

Metaspace:

Usage:
  Non-class:     62.54 MB capacity,    61.62 MB ( 99%) used,   768.21 KB (  1%) free+waste,   171.69 KB ( <1%) overhead. 
      Class:      9.65 MB capacity,     9.06 MB ( 94%) used,   529.24 KB (  5%) free+waste,    79.25 KB ( <1%) overhead. 
       Both:     72.19 MB capacity,    70.67 MB ( 98%) used,     1.27 MB (  2%) free+waste,   250.94 KB ( <1%) overhead. 

Virtual space:
  Non-class space:       64.00 MB reserved,      62.70 MB ( 98%) committed 
      Class space:        1.00 GB reserved,       9.75 MB ( <1%) committed 
             Both:        1.06 GB reserved,      72.45 MB (  7%) committed 

Chunk freelists:
   Non-Class:  107.00 KB
       Class:  70.00 KB
        Both:  177.00 KB

MaxMetaspaceSize: 17179869184.00 GB
CompressedClassSpaceSize: 1.00 GB
Initial GC threshold: 20.80 MB
Current GC threshold: 109.30 MB
CDS: off

CodeHeap 'non-profiled nmethods': size=120000Kb used=2978Kb max_used=2978Kb free=117021Kb
 bounds [0x00000213a9880000, 0x00000213a9b70000, 0x00000213b0db0000]
CodeHeap 'profiled nmethods': size=120000Kb used=13297Kb max_used=13297Kb free=106702Kb
 bounds [0x00000213a2350000, 0x00000213a3050000, 0x00000213a9880000]
CodeHeap 'non-nmethods': size=5760Kb used=2352Kb max_used=2392Kb free=3408Kb
 bounds [0x00000213a1db0000, 0x00000213a2020000, 0x00000213a2350000]
 total_blobs=7484 nmethods=6618 adapters=778
 compilation: enabled
              stopped_count=0, restarted_count=0
 full_count=0

Compilation events (20 events):
Event: 9.309 Thread 0x00000213b9406000 nmethod 6698 0x00000213a3040790 code [0x00000213a30409a0, 0x00000213a3040f18]
Event: 9.309 Thread 0x00000213b9406000 6697       3       org.gradle.tooling.internal.provider.runner.TaskOriginTracker::finished (1 bytes)
Event: 9.309 Thread 0x00000213b9406000 nmethod 6697 0x00000213a3041110 code [0x00000213a30412c0, 0x00000213a30413b8]
Event: 9.309 Thread 0x00000213b9406000 6699       3       org.gradle.tooling.internal.provider.runner.PluginApplicationTracker::discardState (15 bytes)
Event: 9.309 Thread 0x00000213b9406000 nmethod 6699 0x00000213a3041490 code [0x00000213a3041660, 0x00000213a3041848]
Event: 9.309 Thread 0x00000213b9406000 6700       3       org.gradle.internal.operations.DefaultBuildOperationRunner$BuildOperationTrackingListener::close (42 bytes)
Event: 9.309 Thread 0x00000213b9406000 nmethod 6700 0x00000213a3041910 code [0x00000213a3041ba0, 0x00000213a3042848]
Event: 9.309 Thread 0x00000213b9406000 6701       3       org.gradle.internal.operations.DefaultBuildOperationExecutor$ListenerAdapter::close (1 bytes)
Event: 9.309 Thread 0x00000213b9406000 nmethod 6701 0x00000213a3042d90 code [0x00000213a3042f40, 0x00000213a3043038]
Event: 9.309 Thread 0x00000213b9406000 6702       3       org.gradle.internal.operations.DefaultBuildOperationRunner$1::execute (10 bytes)
Event: 9.310 Thread 0x00000213b9406000 nmethod 6702 0x00000213a3043110 code [0x00000213a30432e0, 0x00000213a3043628]
Event: 9.310 Thread 0x00000213b9406000 6703       3       org.gradle.internal.operations.DefaultBuildOperationRunner$1::execute (8 bytes)
Event: 9.310 Thread 0x00000213b9406000 nmethod 6703 0x00000213a3043790 code [0x00000213a3043940, 0x00000213a3043b08]
Event: 9.310 Thread 0x00000213b9406000 6704       3       org.gradle.tooling.internal.provider.runner.ProjectConfigurationTracker::hasNoEnclosingRunningPluginApplicationForSamePlugin (26 bytes)
Event: 9.310 Thread 0x00000213b9406000 nmethod 6704 0x00000213a3043c10 code [0x00000213a3043ea0, 0x00000213a3044b08]
Event: 9.310 Thread 0x00000213b9406000 6705       3       org.gradle.tooling.internal.provider.runner.ProjectConfigurationTracker$$Lambda$429/0x000000010059f440::get$Lambda (9 bytes)
Event: 9.310 Thread 0x00000213b9406000 nmethod 6705 0x00000213a3044f10 code [0x00000213a30450e0, 0x00000213a3045338]
Event: 9.314 Thread 0x00000213b9406000 6706       3       org.gradle.internal.reflect.annotations.impl.DefaultTypeAnnotationMetadataStore$PropertyAnnotationMetadataBuilder$$Lambda$656/0x00000001006fe440::apply (13 bytes)
Event: 9.314 Thread 0x00000213b9406000 nmethod 6706 0x00000213a3045410 code [0x00000213a30455e0, 0x00000213a30459a8]
Event: 9.319 Thread 0x00000213b9406000 6707       3       org.gradle.internal.reflect.JavaPropertyReflectionUtil::getAnnotation (7 bytes)

GC Heap History (20 events):
Event: 1.875 GC heap before
{Heap before GC invocations=1 (full 0):
 garbage-first heap   total 129024K, used 83209K [0x0000000080000000, 0x0000000100000000)
  region size 1024K, 75 young (76800K), 3 survivors (3072K)
 Metaspace       used 17498K, capacity 17907K, committed 18048K, reserved 1064960K
  class space    used 2035K, capacity 2145K, committed 2176K, reserved 1048576K
}
Event: 1.882 GC heap after
{Heap after GC invocations=2 (full 0):
 garbage-first heap   total 129024K, used 15963K [0x0000000080000000, 0x0000000100000000)
  region size 1024K, 10 young (10240K), 10 survivors (10240K)
 Metaspace       used 17498K, capacity 17907K, committed 18048K, reserved 1064960K
  class space    used 2035K, capacity 2145K, committed 2176K, reserved 1048576K
}
Event: 2.225 GC heap before
{Heap before GC invocations=2 (full 0):
 garbage-first heap   total 129024K, used 45659K [0x0000000080000000, 0x0000000100000000)
  region size 1024K, 40 young (40960K), 10 survivors (10240K)
 Metaspace       used 20786K, capacity 21189K, committed 21296K, reserved 1069056K
  class space    used 2526K, capacity 2688K, committed 2688K, reserved 1048576K
}
Event: 2.235 GC heap after
{Heap after GC invocations=3 (full 0):
 garbage-first heap   total 129024K, used 17389K [0x0000000080000000, 0x0000000100000000)
  region size 1024K, 2 young (2048K), 2 survivors (2048K)
 Metaspace       used 20786K, capacity 21189K, committed 21296K, reserved 1069056K
  class space    used 2526K, capacity 2688K, committed 2688K, reserved 1048576K
}
Event: 3.704 GC heap before
{Heap before GC invocations=4 (full 0):
 garbage-first heap   total 129024K, used 80877K [0x0000000080000000, 0x0000000100000000)
  region size 1024K, 64 young (65536K), 2 survivors (2048K)
 Metaspace       used 27171K, capacity 27789K, committed 27904K, reserved 1073152K
  class space    used 3531K, capacity 3768K, committed 3840K, reserved 1048576K
}
Event: 3.709 GC heap after
{Heap after GC invocations=5 (full 0):
 garbage-first heap   total 129024K, used 19424K [0x0000000080000000, 0x0000000100000000)
  region size 1024K, 4 young (4096K), 4 survivors (4096K)
 Metaspace       used 27171K, capacity 27789K, committed 27904K, reserved 1073152K
  class space    used 3531K, capacity 3768K, committed 3840K, reserved 1048576K
}
Event: 4.655 GC heap before
{Heap before GC invocations=5 (full 0):
 garbage-first heap   total 129024K, used 69600K [0x0000000080000000, 0x0000000100000000)
  region size 1024K, 54 young (55296K), 4 survivors (4096K)
 Metaspace       used 35149K, capacity 35929K, committed 36048K, reserved 1081344K
  class space    used 4505K, capacity 4804K, committed 4864K, reserved 1048576K
}
Event: 4.665 GC heap after
{Heap after GC invocations=6 (full 0):
 garbage-first heap   total 129024K, used 22594K [0x0000000080000000, 0x0000000100000000)
  region size 1024K, 7 young (7168K), 7 survivors (7168K)
 Metaspace       used 35149K, capacity 35929K, committed 36048K, reserved 1081344K
  class space    used 4505K, capacity 4804K, committed 4864K, reserved 1048576K
}
Event: 5.267 GC heap before
{Heap before GC invocations=7 (full 0):
 garbage-first heap   total 129024K, used 94274K [0x0000000080000000, 0x0000000100000000)
  region size 1024K, 75 young (76800K), 7 survivors (7168K)
 Metaspace       used 40631K, capacity 41577K, committed 41808K, reserved 1085440K
  class space    used 5124K, capacity 5485K, committed 5504K, reserved 1048576K
}
Event: 5.281 GC heap after
{Heap after GC invocations=8 (full 0):
 garbage-first heap   total 155648K, used 28038K [0x0000000080000000, 0x0000000100000000)
  region size 1024K, 9 young (9216K), 9 survivors (9216K)
 Metaspace       used 40631K, capacity 41577K, committed 41808K, reserved 1085440K
  class space    used 5124K, capacity 5485K, committed 5504K, reserved 1048576K
}
Event: 6.126 GC heap before
{Heap before GC invocations=8 (full 0):
 garbage-first heap   total 155648K, used 108934K [0x0000000080000000, 0x0000000100000000)
  region size 1024K, 87 young (89088K), 9 survivors (9216K)
 Metaspace       used 47506K, capacity 48709K, committed 48976K, reserved 1091584K
  class space    used 6040K, capacity 6493K, committed 6528K, reserved 1048576K
}
Event: 6.137 GC heap after
{Heap after GC invocations=9 (full 0):
 garbage-first heap   total 155648K, used 30575K [0x0000000080000000, 0x0000000100000000)
  region size 1024K, 8 young (8192K), 8 survivors (8192K)
 Metaspace       used 47506K, capacity 48709K, committed 48976K, reserved 1091584K
  class space    used 6040K, capacity 6493K, committed 6528K, reserved 1048576K
}
Event: 6.999 GC heap before
{Heap before GC invocations=9 (full 0):
 garbage-first heap   total 155648K, used 119663K [0x0000000080000000, 0x0000000100000000)
  region size 1024K, 91 young (93184K), 8 survivors (8192K)
 Metaspace       used 52561K, capacity 53976K, committed 54096K, reserved 1095680K
  class space    used 6658K, capacity 7188K, committed 7296K, reserved 1048576K
}
Event: 7.009 GC heap after
{Heap after GC invocations=10 (full 0):
 garbage-first heap   total 155648K, used 43232K [0x0000000080000000, 0x0000000100000000)
  region size 1024K, 12 young (12288K), 12 survivors (12288K)
 Metaspace       used 52561K, capacity 53976K, committed 54096K, reserved 1095680K
  class space    used 6658K, capacity 7188K, committed 7296K, reserved 1048576K
}
Event: 7.601 GC heap before
{Heap before GC invocations=10 (full 0):
 garbage-first heap   total 155648K, used 86240K [0x0000000080000000, 0x0000000100000000)
  region size 1024K, 55 young (56320K), 12 survivors (12288K)
 Metaspace       used 58969K, capacity 60387K, committed 60496K, reserved 1101824K
  class space    used 7408K, capacity 7956K, committed 8064K, reserved 1048576K
}
Event: 7.615 GC heap after
{Heap after GC invocations=11 (full 0):
 garbage-first heap   total 155648K, used 44572K [0x0000000080000000, 0x0000000100000000)
  region size 1024K, 3 young (3072K), 3 survivors (3072K)
 Metaspace       used 58969K, capacity 60387K, committed 60496K, reserved 1101824K
  class space    used 7408K, capacity 7956K, committed 8064K, reserved 1048576K
}
Event: 8.357 GC heap before
{Heap before GC invocations=12 (full 0):
 garbage-first heap   total 155648K, used 126492K [0x0000000080000000, 0x0000000100000000)
  region size 1024K, 77 young (78848K), 3 survivors (3072K)
 Metaspace       used 65339K, capacity 66845K, committed 67152K, reserved 1107968K
  class space    used 8206K, capacity 8776K, committed 8832K, reserved 1048576K
}
Event: 8.365 GC heap after
{Heap after GC invocations=13 (full 0):
 garbage-first heap   total 187392K, used 50605K [0x0000000080000000, 0x0000000100000000)
  region size 1024K, 9 young (9216K), 9 survivors (9216K)
 Metaspace       used 65339K, capacity 66845K, committed 67152K, reserved 1107968K
  class space    used 8206K, capacity 8776K, committed 8832K, reserved 1048576K
}
Event: 9.225 GC heap before
{Heap before GC invocations=14 (full 0):
 garbage-first heap   total 187392K, used 142765K [0x0000000080000000, 0x0000000100000000)
  region size 1024K, 98 young (100352K), 9 survivors (9216K)
 Metaspace       used 71261K, capacity 72790K, committed 73040K, reserved 1112064K
  class space    used 9134K, capacity 9746K, committed 9856K, reserved 1048576K
}
Event: 9.236 GC heap after
{Heap after GC invocations=15 (full 0):
 garbage-first heap   total 187392K, used 56386K [0x0000000080000000, 0x0000000100000000)
  region size 1024K, 13 young (13312K), 13 survivors (13312K)
 Metaspace       used 71261K, capacity 72790K, committed 73040K, reserved 1112064K
  class space    used 9134K, capacity 9746K, committed 9856K, reserved 1048576K
}

Deoptimization events (20 events):
Event: 8.328 Thread 0x00000213bb399000 DEOPT PACKING pc=0x00000213a2aaca26 sp=0x00000090f16f5fc0
Event: 8.328 Thread 0x00000213bb399000 DEOPT UNPACKING pc=0x00000213a1dfa95e sp=0x00000090f16f54a0 mode 0
Event: 8.328 Thread 0x00000213bb399000 Uncommon trap: trap_request=0xffffff4d fr.pc=0x00000213a9b17424 relative=0x0000000000000204
Event: 8.328 Thread 0x00000213bb399000 Uncommon trap: reason=unstable_if action=reinterpret pc=0x00000213a9b17424 method=org.objectweb.asm.Label.resolve([BI)Z @ 80 c2
Event: 8.328 Thread 0x00000213bb399000 DEOPT PACKING pc=0x00000213a9b17424 sp=0x00000090f16f6010
Event: 8.328 Thread 0x00000213bb399000 DEOPT UNPACKING pc=0x00000213a1dfa1af sp=0x00000090f16f5f78 mode 2
Event: 8.443 Thread 0x00000213bb399000 Uncommon trap: trap_request=0xffffff4d fr.pc=0x00000213a992db9c relative=0x000000000000073c
Event: 8.443 Thread 0x00000213bb399000 Uncommon trap: reason=unstable_if action=reinterpret pc=0x00000213a992db9c method=java.lang.AbstractStringBuilder.appendChars(Ljava/lang/CharSequence;II)V @ 43 c2
Event: 8.443 Thread 0x00000213bb399000 DEOPT PACKING pc=0x00000213a992db9c sp=0x00000090f16f6780
Event: 8.443 Thread 0x00000213bb399000 DEOPT UNPACKING pc=0x00000213a1dfa1af sp=0x00000090f16f66b0 mode 2
Event: 8.443 Thread 0x00000213bb399000 Uncommon trap: trap_request=0xffffff4d fr.pc=0x00000213a98ace88 relative=0x00000000000001c8
Event: 8.443 Thread 0x00000213bb399000 Uncommon trap: reason=unstable_if action=reinterpret pc=0x00000213a98ace88 method=java.lang.AbstractStringBuilder.isLatin1()Z @ 10 c2
Event: 8.443 Thread 0x00000213bb399000 DEOPT PACKING pc=0x00000213a98ace88 sp=0x00000090f16f6700
Event: 8.443 Thread 0x00000213bb399000 DEOPT UNPACKING pc=0x00000213a1dfa1af sp=0x00000090f16f6640 mode 2
Event: 8.443 Thread 0x00000213bb399000 Uncommon trap: trap_request=0xffffff4d fr.pc=0x00000213a992cba8 relative=0x00000000000005c8
Event: 8.443 Thread 0x00000213bb399000 Uncommon trap: reason=unstable_if action=reinterpret pc=0x00000213a992cba8 method=java.lang.AbstractStringBuilder.appendChars(Ljava/lang/CharSequence;II)V @ 4 c2
Event: 8.443 Thread 0x00000213bb399000 DEOPT PACKING pc=0x00000213a992cba8 sp=0x00000090f16f6790
Event: 8.443 Thread 0x00000213bb399000 DEOPT UNPACKING pc=0x00000213a1dfa1af sp=0x00000090f16f6678 mode 2
Event: 9.031 Thread 0x00000213bb399000 DEOPT PACKING pc=0x00000213a2e292ea sp=0x00000090f16f8d70
Event: 9.031 Thread 0x00000213bb399000 DEOPT UNPACKING pc=0x00000213a1dfa95e sp=0x00000090f16f8210 mode 0

Classes redefined (0 events):
No events

Internal exceptions (20 events):
Event: 8.679 Thread 0x00000213bb399000 Exception <a 'java/lang/ClassNotFoundException'{0x0000000088b80148}: com/android/builder/core/AbstractBuildTypeCustomizer> (0x0000000088b80148) thrown at [./src/hotspot/share/classfile/systemDictionary.cpp, line 231]
Event: 8.680 Thread 0x00000213bb399000 Exception <a 'java/lang/ClassNotFoundException'{0x0000000088bb9bb0}: com/android/build/gradle/internal/dsl/BuildTypeCustomizer> (0x0000000088bb9bb0) thrown at [./src/hotspot/share/classfile/systemDictionary.cpp, line 231]
Event: 8.681 Thread 0x00000213bb399000 Exception <a 'java/lang/ClassNotFoundException'{0x0000000088a50390}: com/android/build/gradle/internal/dsl/BuildType$AgpDecoratedCustomizer> (0x0000000088a50390) thrown at [./src/hotspot/share/classfile/systemDictionary.cpp, line 231]
Event: 8.683 Thread 0x00000213bb399000 Exception <a 'java/lang/ClassNotFoundException'{0x0000000088ab1cd8}: com/android/build/gradle/internal/dsl/BuildType$AgpDecorated_DecoratedCustomizer> (0x0000000088ab1cd8) thrown at [./src/hotspot/share/classfile/systemDictionary.cpp, line 231]
Event: 8.687 Thread 0x00000213bb399000 Exception <a 'java/lang/ClassNotFoundException'{0x0000000088991ed8}: build_3b13ym925ezx30inl9oy6ntfk$_run_closure1$_closure4BeanInfo> (0x0000000088991ed8) thrown at [./src/hotspot/share/classfile/systemDictionary.cpp, line 231]
Event: 8.687 Thread 0x00000213bb399000 Exception <a 'java/lang/ClassNotFoundException'{0x00000000889a4570}: build_3b13ym925ezx30inl9oy6ntfk$_run_closure1$_closure4Customizer> (0x00000000889a4570) thrown at [./src/hotspot/share/classfile/systemDictionary.cpp, line 231]
Event: 8.688 Thread 0x00000213bb399000 Exception <a 'java/lang/ClassNotFoundException'{0x00000000889d54e8}: build_3b13ym925ezx30inl9oy6ntfk$_run_closure1BeanInfo> (0x00000000889d54e8) thrown at [./src/hotspot/share/classfile/systemDictionary.cpp, line 231]
Event: 8.688 Thread 0x00000213bb399000 Exception <a 'java/lang/ClassNotFoundException'{0x00000000889e7348}: build_3b13ym925ezx30inl9oy6ntfk$_run_closure1Customizer> (0x00000000889e7348) thrown at [./src/hotspot/share/classfile/systemDictionary.cpp, line 231]
Event: 8.691 Thread 0x00000213bb399000 Exception <a 'java/lang/ClassNotFoundException'{0x000000008884c138}: org/gradle/api/JavaVersionBeanInfo> (0x000000008884c138) thrown at [./src/hotspot/share/classfile/systemDictionary.cpp, line 231]
Event: 8.692 Thread 0x00000213bb399000 Exception <a 'java/lang/ClassNotFoundException'{0x000000008887afb8}: org/gradle/api/JavaVersionCustomizer> (0x000000008887afb8) thrown at [./src/hotspot/share/classfile/systemDictionary.cpp, line 231]
Event: 8.695 Thread 0x00000213bb399000 Exception <a 'java/lang/ClassNotFoundException'{0x00000000888ea6d0}: com/android/build/gradle/internal/CompileOptions$AgpDecorated_DecoratedBeanInfo> (0x00000000888ea6d0) thrown at [./src/hotspot/share/classfile/systemDictionary.cpp, line 231]
Event: 8.695 Thread 0x00000213bb399000 Exception <a 'java/lang/ClassNotFoundException'{0x00000000887091a0}: com/android/build/gradle/internal/CompileOptions$AgpDecoratedBeanInfo> (0x00000000887091a0) thrown at [./src/hotspot/share/classfile/systemDictionary.cpp, line 231]
Event: 8.696 Thread 0x00000213bb399000 Exception <a 'java/lang/ClassNotFoundException'{0x00000000887251e0}: com/android/build/gradle/internal/CompileOptionsBeanInfo> (0x00000000887251e0) thrown at [./src/hotspot/share/classfile/systemDictionary.cpp, line 231]
Event: 8.696 Thread 0x00000213bb399000 Exception <a 'java/lang/ClassNotFoundException'{0x0000000088741ca0}: com/android/build/gradle/internal/CompileOptionsCustomizer> (0x0000000088741ca0) thrown at [./src/hotspot/share/classfile/systemDictionary.cpp, line 231]
Event: 8.697 Thread 0x00000213bb399000 Exception <a 'java/lang/ClassNotFoundException'{0x000000008876c710}: com/android/build/gradle/internal/CompileOptions$AgpDecoratedCustomizer> (0x000000008876c710) thrown at [./src/hotspot/share/classfile/systemDictionary.cpp, line 231]
Event: 8.697 Thread 0x00000213bb399000 Exception <a 'java/lang/ClassNotFoundException'{0x0000000088799fe0}: com/android/build/gradle/internal/CompileOptions$AgpDecorated_DecoratedCustomizer> (0x0000000088799fe0) thrown at [./src/hotspot/share/classfile/systemDictionary.cpp, line 231]
Event: 8.709 Thread 0x00000213bb399000 Exception <a 'java/lang/ClassNotFoundException'{0x00000000886d8750}: org/gradle/api/internal/artifacts/dsl/dependencies/DefaultDependencyHandler_DecoratedBeanInfo> (0x00000000886d8750) thrown at [./src/hotspot/share/classfile/systemDictionary.cpp, line 231]
Event: 8.710 Thread 0x00000213bb399000 Exception <a 'java/lang/ClassNotFoundException'{0x0000000088529218}: org/gradle/api/internal/artifacts/dsl/dependencies/DefaultDependencyHandlerBeanInfo> (0x0000000088529218) thrown at [./src/hotspot/share/classfile/systemDictionary.cpp, line 231]
Event: 8.710 Thread 0x00000213bb399000 Exception <a 'java/lang/ClassNotFoundException'{0x00000000885799e8}: org/gradle/api/internal/artifacts/dsl/dependencies/DefaultDependencyHandlerCustomizer> (0x00000000885799e8) thrown at [./src/hotspot/share/classfile/systemDictionary.cpp, line 231]
Event: 8.711 Thread 0x00000213bb399000 Exception <a 'java/lang/ClassNotFoundException'{0x00000000885f4640}: org/gradle/api/internal/artifacts/dsl/dependencies/DefaultDependencyHandler_DecoratedCustomizer> (0x00000000885f4640) thrown at [./src/hotspot/share/classfile/systemDictionary.cpp, line 231]

Events (20 events):
Event: 9.317 loading class com/android/build/gradle/internal/tasks/factory/BootClasspathConfigImpl$fullBootClasspathProvider$2$3
Event: 9.317 loading class com/android/build/gradle/internal/tasks/factory/BootClasspathConfigImpl$fullBootClasspathProvider$2$3 done
Event: 9.317 loading class com/android/build/gradle/internal/tasks/factory/BootClasspathConfigImpl$fullBootClasspathProvider$2$4
Event: 9.317 loading class com/android/build/gradle/internal/tasks/factory/BootClasspathConfigImpl$fullBootClasspathProvider$2$4 done
Event: 9.317 loading class com/android/build/gradle/internal/tasks/factory/BootClasspathConfigImpl$fullBootClasspathProvider$2$5
Event: 9.317 loading class com/android/build/gradle/internal/tasks/factory/BootClasspathConfigImpl$fullBootClasspathProvider$2$5 done
Event: 9.318 loading class com/android/build/gradle/internal/scope/BootClasspathBuilder$computeClasspath$1
Event: 9.318 loading class com/android/build/gradle/internal/scope/BootClasspathBuilder$computeClasspath$1 done
Event: 9.318 loading class com/android/build/gradle/internal/dependency/AndroidAttributes
Event: 9.318 loading class com/android/build/gradle/internal/dependency/AndroidAttributes done
Event: 9.318 loading class com/android/build/gradle/internal/dependency/AsmClassesTransform
Event: 9.318 loading class com/android/build/gradle/internal/dependency/AsmClassesTransform done
Event: 9.319 loading class com/android/build/gradle/internal/dependency/AsmClassesTransform$Companion
Event: 9.319 loading class com/android/build/gradle/internal/dependency/AsmClassesTransform$Companion done
Event: 9.319 loading class com/android/build/gradle/internal/dependency/RecalculateStackFramesTransform$Companion$registerRecalculateStackFramesTransform$1
Event: 9.319 loading class com/android/build/gradle/internal/dependency/RecalculateStackFramesTransform$Companion$registerRecalculateStackFramesTransform$1 done
Event: 9.319 loading class com/android/build/gradle/internal/dependency/RecalculateStackFramesTransform$Parameters
Event: 9.319 loading class com/android/build/gradle/internal/dependency/RecalculateStackFramesTransform$Parameters done
Event: 9.319 loading class org/gradle/api/tasks/CompileClasspath
Event: 9.319 loading class org/gradle/api/tasks/CompileClasspath done


Dynamic libraries:
0x00007ff7fe8c0000 - 0x00007ff7fe8ca000 	C:\Program Files\Android\Android Studio\jre\bin\java.exe
0x00007ffec48b0000 - 0x00007ffec4ac4000 	C:\WINDOWS\SYSTEM32\ntdll.dll
0x00007ffec2a10000 - 0x00007ffec2ad4000 	C:\WINDOWS\System32\KERNEL32.DLL
0x00007ffec1c90000 - 0x00007ffec2034000 	C:\WINDOWS\System32\KERNELBASE.dll
0x00007ffec23b0000 - 0x00007ffec24c1000 	C:\WINDOWS\System32\ucrtbase.dll
0x00007ffeb9710000 - 0x00007ffeb9729000 	C:\Program Files\Android\Android Studio\jre\bin\jli.dll
0x00007ffea8ff0000 - 0x00007ffea9007000 	C:\Program Files\Android\Android Studio\jre\bin\VCRUNTIME140.dll
0x00007ffec3130000 - 0x00007ffec32da000 	C:\WINDOWS\System32\USER32.dll
0x00007ffea7430000 - 0x00007ffea76bf000 	C:\WINDOWS\WinSxS\amd64_microsoft.windows.common-controls_6595b64144ccf1df_6.0.22621.2070_none_2713e6537381f706\COMCTL32.dll
0x00007ffec2100000 - 0x00007ffec2126000 	C:\WINDOWS\System32\win32u.dll
0x00007ffec2fd0000 - 0x00007ffec3077000 	C:\WINDOWS\System32\msvcrt.dll
0x00007ffec2810000 - 0x00007ffec2839000 	C:\WINDOWS\System32\GDI32.dll
0x00007ffec24d0000 - 0x00007ffec25e9000 	C:\WINDOWS\System32\gdi32full.dll
0x00007ffec21a0000 - 0x00007ffec223a000 	C:\WINDOWS\System32\msvcp_win.dll
0x00007ffec3b90000 - 0x00007ffec3bc1000 	C:\WINDOWS\System32\IMM32.DLL
0x00007ffe8a150000 - 0x00007ffe8a1ed000 	C:\Program Files\Android\Android Studio\jre\bin\msvcp140.dll
0x00007ffe46190000 - 0x00007ffe46c92000 	C:\Program Files\Android\Android Studio\jre\bin\server\jvm.dll
0x00007ffec4410000 - 0x00007ffec44c0000 	C:\WINDOWS\System32\ADVAPI32.dll
0x00007ffec3080000 - 0x00007ffec3126000 	C:\WINDOWS\System32\sechost.dll
0x00007ffec4270000 - 0x00007ffec4387000 	C:\WINDOWS\System32\RPCRT4.dll
0x00007ffec29a0000 - 0x00007ffec29a8000 	C:\WINDOWS\System32\PSAPI.DLL
0x00007ffeb6990000 - 0x00007ffeb6999000 	C:\WINDOWS\SYSTEM32\WSOCK32.dll
0x00007ffeb6500000 - 0x00007ffeb6534000 	C:\WINDOWS\SYSTEM32\WINMM.dll
0x00007ffec2c70000 - 0x00007ffec2ce1000 	C:\WINDOWS\System32\WS2_32.dll
0x00007ffeb5d80000 - 0x00007ffeb5d8a000 	C:\WINDOWS\SYSTEM32\VERSION.dll
0x00007ffec0dc0000 - 0x00007ffec0dd8000 	C:\WINDOWS\SYSTEM32\kernel.appcore.dll
0x00007ffeb6970000 - 0x00007ffeb6981000 	C:\Program Files\Android\Android Studio\jre\bin\verify.dll
0x00007ffebf670000 - 0x00007ffebf89e000 	C:\WINDOWS\SYSTEM32\DBGHELP.DLL
0x00007ffec44c0000 - 0x00007ffec484a000 	C:\WINDOWS\System32\combase.dll
0x00007ffec2840000 - 0x00007ffec2917000 	C:\WINDOWS\System32\OLEAUT32.dll
0x00007ffeb1640000 - 0x00007ffeb1672000 	C:\WINDOWS\SYSTEM32\dbgcore.DLL
0x00007ffec25f0000 - 0x00007ffec266a000 	C:\WINDOWS\System32\bcryptPrimitives.dll
0x00007ffeb6940000 - 0x00007ffeb6969000 	C:\Program Files\Android\Android Studio\jre\bin\java.dll
0x00007ffeb6930000 - 0x00007ffeb693b000 	C:\Program Files\Android\Android Studio\jre\bin\jimage.dll
0x00007ffeb6910000 - 0x00007ffeb6928000 	C:\Program Files\Android\Android Studio\jre\bin\zip.dll
0x00007ffec3370000 - 0x00007ffec3b86000 	C:\WINDOWS\System32\SHELL32.dll
0x00007ffebfc60000 - 0x00007ffec054a000 	C:\WINDOWS\SYSTEM32\windows.storage.dll
0x00007ffebfb20000 - 0x00007ffebfc5e000 	C:\WINDOWS\SYSTEM32\wintypes.dll
0x00007ffec2da0000 - 0x00007ffec2e93000 	C:\WINDOWS\System32\SHCORE.dll
0x00007ffec29b0000 - 0x00007ffec2a0e000 	C:\WINDOWS\System32\shlwapi.dll
0x00007ffec1bc0000 - 0x00007ffec1be6000 	C:\WINDOWS\SYSTEM32\profapi.dll
0x00007ffeb68f0000 - 0x00007ffeb690a000 	C:\Program Files\Android\Android Studio\jre\bin\net.dll
0x00007ffeb8870000 - 0x00007ffeb89a7000 	C:\WINDOWS\SYSTEM32\WINHTTP.dll
0x00007ffec1240000 - 0x00007ffec12a9000 	C:\WINDOWS\system32\mswsock.dll
0x00007ffeb68d0000 - 0x00007ffeb68e4000 	C:\Program Files\Android\Android Studio\jre\bin\nio.dll
0x00007ffe7d850000 - 0x00007ffe7d877000 	C:\Users\DELL\.gradle\native\e1d6ef7f7dcc3fd88c89a11ec53ec762bb8ba0a96d01ffa2cd45eb1d1d8dd5c5\windows-amd64\native-platform.dll
0x00007ffe7ae90000 - 0x00007ffe7afd4000 	C:\Users\DELL\.gradle\native\0d407fdbe67a94daf76414ababcb853783967236a71b16ec16e742cd7a986fd3\windows-amd64\native-platform-file-events.dll
0x00007ffeb67b0000 - 0x00007ffeb67ba000 	C:\Program Files\Android\Android Studio\jre\bin\management.dll
0x00007ffea11f0000 - 0x00007ffea11fd000 	C:\Program Files\Android\Android Studio\jre\bin\management_ext.dll
0x00007ffec1490000 - 0x00007ffec14ab000 	C:\WINDOWS\SYSTEM32\CRYPTSP.dll
0x00007ffec0d30000 - 0x00007ffec0d65000 	C:\WINDOWS\system32\rsaenh.dll
0x00007ffec1330000 - 0x00007ffec135c000 	C:\WINDOWS\SYSTEM32\USERENV.dll
0x00007ffec1630000 - 0x00007ffec1658000 	C:\WINDOWS\SYSTEM32\bcrypt.dll
0x00007ffec14b0000 - 0x00007ffec14bc000 	C:\WINDOWS\SYSTEM32\CRYPTBASE.dll
0x00007ffec08b0000 - 0x00007ffec08dd000 	C:\WINDOWS\SYSTEM32\IPHLPAPI.DLL
0x00007ffec2fc0000 - 0x00007ffec2fc9000 	C:\WINDOWS\System32\NSI.dll
0x00007ffeb73b0000 - 0x00007ffeb73c9000 	C:\WINDOWS\SYSTEM32\dhcpcsvc6.DLL
0x00007ffeb7390000 - 0x00007ffeb73af000 	C:\WINDOWS\SYSTEM32\dhcpcsvc.DLL
0x00007ffec08e0000 - 0x00007ffec09d3000 	C:\WINDOWS\SYSTEM32\DNSAPI.dll

dbghelp: loaded successfully - version: 4.0.5 - missing functions: none
symbol engine: initialized successfully - sym options: 0x614 - pdb path: .;C:\Program Files\Android\Android Studio\jre\bin;C:\WINDOWS\SYSTEM32;C:\WINDOWS\WinSxS\amd64_microsoft.windows.common-controls_6595b64144ccf1df_6.0.22621.2070_none_2713e6537381f706;C:\Program Files\Android\Android Studio\jre\bin\server;C:\Users\DELL\.gradle\native\e1d6ef7f7dcc3fd88c89a11ec53ec762bb8ba0a96d01ffa2cd45eb1d1d8dd5c5\windows-amd64;C:\Users\DELL\.gradle\native\0d407fdbe67a94daf76414ababcb853783967236a71b16ec16e742cd7a986fd3\windows-amd64

VM Arguments:
jvm_args: --add-opens=java.base/java.util=ALL-UNNAMED --add-opens=java.base/java.lang=ALL-UNNAMED --add-opens=java.base/java.lang.invoke=ALL-UNNAMED --add-opens=java.base/java.util=ALL-UNNAMED --add-opens=java.prefs/java.util.prefs=ALL-UNNAMED --add-opens=java.prefs/java.util.prefs=ALL-UNNAMED --add-opens=java.base/java.nio.charset=ALL-UNNAMED --add-opens=java.base/java.net=ALL-UNNAMED --add-opens=java.base/java.util.concurrent.atomic=ALL-UNNAMED -Xmx2048m -Dfile.encoding=UTF-8 -Duser.country=US -Duser.language=en -Duser.variant 
java_command: org.gradle.launcher.daemon.bootstrap.GradleDaemon 7.4
java_class_path (initial): C:\Users\DELL\.gradle\wrapper\dists\gradle-7.4-bin\c0gwcg53nkjbqw7r0h0umtfvt\gradle-7.4\lib\gradle-launcher-7.4.jar
Launcher Type: SUN_STANDARD

[Global flags]
     intx CICompilerCount                          = 4                                         {product} {ergonomic}
     uint ConcGCThreads                            = 3                                         {product} {ergonomic}
     uint G1ConcRefinementThreads                  = 10                                        {product} {ergonomic}
   size_t G1HeapRegionSize                         = 1048576                                   {product} {ergonomic}
    uintx GCDrainStackTargetSize                   = 64                                        {product} {ergonomic}
   size_t InitialHeapSize                          = 132120576                                 {product} {ergonomic}
   size_t MarkStackSize                            = 4194304                                   {product} {ergonomic}
   size_t MaxHeapSize                              = 2147483648                                {product} {command line}
   size_t MaxNewSize                               = 1287651328                                {product} {ergonomic}
   size_t MinHeapDeltaBytes                        = 1048576                                   {product} {ergonomic}
    uintx NonNMethodCodeHeapSize                   = 5836300                                {pd product} {ergonomic}
    uintx NonProfiledCodeHeapSize                  = 122910970                              {pd product} {ergonomic}
    uintx ProfiledCodeHeapSize                     = 122910970                              {pd product} {ergonomic}
    uintx ReservedCodeCacheSize                    = 251658240                              {pd product} {ergonomic}
     bool SegmentedCodeCache                       = true                                      {product} {ergonomic}
     bool UseCompressedClassPointers               = true                                 {lp64_product} {ergonomic}
     bool UseCompressedOops                        = true                                 {lp64_product} {ergonomic}
     bool UseG1GC                                  = true                                      {product} {ergonomic}
     bool UseLargePagesIndividualAllocation        = false                                  {pd product} {ergonomic}

Logging:
Log output configuration:
 #0: stdout all=warning uptime,level,tags
 #1: stderr all=off uptime,level,tags

Environment Variables:
PATH=C:\Program Files\Eclipse Adoptium\jdk-17.0.6.10-hotspot\bin;C:\Program Files (x86)\Common Files\Oracle\Java\javapath;C:\Windows\system32;C:\Windows;C:\Windows\System32\Wbem;C:\Windows\System32\WindowsPowerShell\v1.0\;C:\Windows\System32\OpenSSH\;C:\Program Files (x86)\NVIDIA Corporation\PhysX\Common;C:\Program Files\NVIDIA Corporation\NVIDIA NvDLISR;C:\WINDOWS\system32;C:\WINDOWS;C:\WINDOWS\System32\Wbem;C:\WINDOWS\System32\WindowsPowerShell\v1.0\;C:\WINDOWS\System32\OpenSSH\;C:\Program Files\Azure Data Studio\bin;D:\Git\cmd;C:\Users\DELL\AppData\Local\Microsoft\WindowsApps;C:\Users\DELL\AppData\Local\Programs\Microsoft VS Code\bin;C:\Program Files\JetBrains\PyCharm Community Edition 2022.2.2\bin;;C:\Program Files\JetBrains\IntelliJ IDEA Community Edition 2022.3.2\bin;;C:\Users\DELL\Downloads\dart-sdk\bin;C:\Users\DELL\Downloads\flutter\bin;C:\Program Files\Azure Data Studio\bin;C:\Users\DELL\AppData\Local\GitHubDesktop\bin
USERNAME=DELL
OS=Windows_NT
PROCESSOR_IDENTIFIER=Intel64 Family 6 Model 165 Stepping 2, GenuineIntel



---------------  S Y S T E M  ---------------

OS: Windows 11 , 64 bit Build 22621 (10.0.22621.2070)
OS uptime: 0 days 4:34 hours

CPU:total 12 (initial active 12) (6 cores per cpu, 2 threads per core) family 6 model 165 stepping 2 microcode 0xf4, cmov, cx8, fxsr, mmx, sse, sse2, sse3, ssse3, sse4.1, sse4.2, popcnt, avx, avx2, aes, clmul, erms, 3dnowpref, lzcnt, ht, tsc, tscinvbit, bmi1, bmi2, adx, fma

Memory: 4k page, system-wide physical 7967M (82M free)
TotalPageFile size 16159M (AvailPageFile size 5M)
current process WorkingSet (physical memory assigned to process): 394M, peak: 394M
current process commit charge ("private bytes"): 438M, peak: 439M

vm_info: OpenJDK 64-Bit Server VM (11.0.13+0-b1751.21-8125866) for windows-amd64 JRE (11.0.13+0-b1751.21-8125866), built on Feb  2 2022 03:00:22 by "builder" with MS VC++ 14.0 (VS2015)

END.
